[ 2018-01-23T03:54:45+08:00 ] ::1 /CCIR_master/index.php/home/user/login
INFO: [ app_init ] --START--
INFO: Run Behavior\BuildLiteBehavior [ RunTime:0.000024s ]
INFO: [ app_init ] --END-- [ RunTime:0.001109s ]
INFO: [ app_begin ] --START--
INFO: Run Behavior\ReadHtmlCacheBehavior [ RunTime:0.000916s ]
INFO: [ app_begin ] --END-- [ RunTime:0.001030s ]
INFO: [ view_parse ] --START--
INFO: [ template_filter ] --START--
INFO: Run Behavior\ContentReplaceBehavior [ RunTime:0.000111s ]
INFO: [ template_filter ] --END-- [ RunTime:0.000180s ]
INFO: Run Behavior\ParseTemplateBehavior [ RunTime:0.017487s ]
INFO: [ view_parse ] --END-- [ RunTime:0.017584s ]
INFO: [ view_filter ] --START--
INFO: Run Behavior\WriteHtmlCacheBehavior [ RunTime:0.000477s ]
INFO: [ view_filter ] --END-- [ RunTime:0.000574s ]
INFO: [ app_end ] --START--
INFO: Run Behavior\ShowPageTraceBehavior [ RunTime:0.000933s ]
INFO: [ app_end ] --END-- [ RunTime:0.001017s ]

[ 2018-01-23T04:53:49+08:00 ] ::1 /CCIR_master/index.php/Home/Index/index.html
INFO: [ app_init ] --START--
INFO: Run Behavior\BuildLiteBehavior [ RunTime:0.000015s ]
INFO: [ app_init ] --END-- [ RunTime:0.000630s ]
INFO: [ app_begin ] --START--
INFO: Run Behavior\ReadHtmlCacheBehavior [ RunTime:0.000777s ]
INFO: [ app_begin ] --END-- [ RunTime:0.000848s ]
SQL: SHOW COLUMNS FROM `c_type` [ RunTime:0.0020s ]
SQL: SELECT * FROM `c_type` LIMIT 9   [ RunTime:0.0010s ]
NOTIC: [8] Undefined index: userInfo /Users/NaDou329/CCIR_master/Application/Home/Controller/IndexController.class.php 第 14 行.
SQL: SHOW COLUMNS FROM `c_user` [ RunTime:0.0014s ]
SQL: SELECT * FROM `c_user` WHERE `userId` = null LIMIT 1   [ RunTime:0.0008s ]
SQL: SHOW COLUMNS FROM `c_contest` [ RunTime:0.0017s ]
NOTIC: [2] Invalid argument supplied for foreach() /Users/NaDou329/CCIR_master/ThinkPHP/Library/Think/Db/Driver.class.php 第 504 行.
SQL: SELECT * FROM `c_contest` ORDER BY createtime desc LIMIT 2   [ RunTime:0.0012s ]
SQL: SELECT * FROM `c_type` WHERE ( typeId=1 ) LIMIT 1   [ RunTime:0.0002s ]
SQL: SELECT * FROM `c_type` WHERE ( typeId=2 ) LIMIT 1   [ RunTime:0.0002s ]
SQL: SELECT * FROM `c_contest` ORDER BY postNum desc LIMIT 2   [ RunTime:0.0011s ]
SQL: SELECT * FROM `c_type`  [ RunTime:0.0002s ]
NOTIC: [8] Undefined index: privilegeid /Users/NaDou329/CCIR_master/Application/Component/Classify.class.php 第 33 行.
NOTIC: [8] Undefined index: privilegeid /Users/NaDou329/CCIR_master/Application/Component/Classify.class.php 第 33 行.
NOTIC: [8] Undefined index: privilegeid /Users/NaDou329/CCIR_master/Application/Component/Classify.class.php 第 33 行.
NOTIC: [8] Undefined index: privilegeid /Users/NaDou329/CCIR_master/Application/Component/Classify.class.php 第 33 行.
NOTIC: [8] Undefined index: privilegeid /Users/NaDou329/CCIR_master/Application/Component/Classify.class.php 第 33 行.
NOTIC: [8] Undefined index: privilegeid /Users/NaDou329/CCIR_master/Application/Component/Classify.class.php 第 33 行.
NOTIC: [8] Undefined index: privilegeid /Users/NaDou329/CCIR_master/Application/Component/Classify.class.php 第 33 行.
INFO: [ view_parse ] --START--
INFO: [ template_filter ] --START--
INFO: Run Behavior\ContentReplaceBehavior [ RunTime:0.000254s ]
INFO: [ template_filter ] --END-- [ RunTime:0.000317s ]
NOTIC: [8] Undefined index: userInfo /Users/NaDou329/CCIR_master/Application/Runtime/Cache/Home/2a94b8bda04ff446dcedd42276fc99ee.php 第 155 行.
NOTIC: [8] Undefined index: typeId /Users/NaDou329/CCIR_master/Application/Runtime/Cache/Home/2a94b8bda04ff446dcedd42276fc99ee.php 第 368 行.
NOTIC: [8] Undefined index: typeId /Users/NaDou329/CCIR_master/Application/Runtime/Cache/Home/2a94b8bda04ff446dcedd42276fc99ee.php 第 368 行.
NOTIC: [8] Undefined index: typeId /Users/NaDou329/CCIR_master/Application/Runtime/Cache/Home/2a94b8bda04ff446dcedd42276fc99ee.php 第 368 行.
NOTIC: [8] Undefined index: typeId /Users/NaDou329/CCIR_master/Application/Runtime/Cache/Home/2a94b8bda04ff446dcedd42276fc99ee.php 第 368 行.
NOTIC: [8] Undefined index: typeId /Users/NaDou329/CCIR_master/Application/Runtime/Cache/Home/2a94b8bda04ff446dcedd42276fc99ee.php 第 368 行.
NOTIC: [8] Undefined index: typeId /Users/NaDou329/CCIR_master/Application/Runtime/Cache/Home/2a94b8bda04ff446dcedd42276fc99ee.php 第 368 行.
NOTIC: [8] Undefined index: typeId /Users/NaDou329/CCIR_master/Application/Runtime/Cache/Home/2a94b8bda04ff446dcedd42276fc99ee.php 第 368 行.
NOTIC: [8] Undefined index: typeId /Users/NaDou329/CCIR_master/Application/Runtime/Cache/Home/2a94b8bda04ff446dcedd42276fc99ee.php 第 368 行.
NOTIC: [8] Undefined index: typeId /Users/NaDou329/CCIR_master/Application/Runtime/Cache/Home/2a94b8bda04ff446dcedd42276fc99ee.php 第 368 行.
INFO: Run Behavior\ParseTemplateBehavior [ RunTime:0.018594s ]
INFO: [ view_parse ] --END-- [ RunTime:0.018642s ]
INFO: [ view_filter ] --START--
INFO: Run Behavior\WriteHtmlCacheBehavior [ RunTime:0.000429s ]
INFO: [ view_filter ] --END-- [ RunTime:0.000472s ]
INFO: [ app_end ] --START--
INFO: Run Behavior\ShowPageTraceBehavior [ RunTime:0.001037s ]
INFO: [ app_end ] --END-- [ RunTime:0.001108s ]

[ 2018-01-23T05:18:53+08:00 ] ::1 /CCIR_master/index.php/home/user/login
INFO: [ app_init ] --START--
INFO: Run Behavior\BuildLiteBehavior [ RunTime:0.000014s ]
INFO: [ app_init ] --END-- [ RunTime:0.000735s ]
INFO: [ app_begin ] --START--
INFO: Run Behavior\ReadHtmlCacheBehavior [ RunTime:0.001717s ]
INFO: [ app_begin ] --END-- [ RunTime:0.001772s ]
INFO: [ view_parse ] --START--
INFO: [ template_filter ] --START--
INFO: Run Behavior\ContentReplaceBehavior [ RunTime:0.000077s ]
INFO: [ template_filter ] --END-- [ RunTime:0.000126s ]
INFO: Run Behavior\ParseTemplateBehavior [ RunTime:0.009774s ]
INFO: [ view_parse ] --END-- [ RunTime:0.009856s ]
INFO: [ view_filter ] --START--
INFO: Run Behavior\WriteHtmlCacheBehavior [ RunTime:0.000396s ]
INFO: [ view_filter ] --END-- [ RunTime:0.000435s ]
INFO: [ app_end ] --START--
INFO: Run Behavior\ShowPageTraceBehavior [ RunTime:0.000810s ]
INFO: [ app_end ] --END-- [ RunTime:0.000858s ]

[ 2018-01-23T07:57:57+08:00 ] ::1 /CCIR_master/
INFO: [ app_init ] --START--
INFO: Run Behavior\BuildLiteBehavior [ RunTime:0.000012s ]
INFO: [ app_init ] --END-- [ RunTime:0.000293s ]
INFO: [ app_begin ] --START--
INFO: Run Behavior\ReadHtmlCacheBehavior [ RunTime:0.001081s ]
INFO: [ app_begin ] --END-- [ RunTime:0.001165s ]
SQL: SHOW COLUMNS FROM `c_type` [ RunTime:0.0018s ]
SQL: SELECT * FROM `c_type` LIMIT 9   [ RunTime:0.0003s ]
NOTIC: [8] Undefined index: userInfo /Users/NaDou329/CCIR_master/Application/Home/Controller/IndexController.class.php 第 14 行.
SQL: SHOW COLUMNS FROM `c_user` [ RunTime:0.0021s ]
SQL: SELECT * FROM `c_user` WHERE `userId` = null LIMIT 1   [ RunTime:0.0003s ]
SQL: SHOW COLUMNS FROM `c_contest` [ RunTime:0.0020s ]
NOTIC: [2] Invalid argument supplied for foreach() /Users/NaDou329/CCIR_master/ThinkPHP/Library/Think/Db/Driver.class.php 第 504 行.
SQL: SELECT * FROM `c_contest` ORDER BY createtime desc LIMIT 2   [ RunTime:0.0007s ]
SQL: SELECT * FROM `c_type` WHERE ( typeId=1 ) LIMIT 1   [ RunTime:0.0003s ]
SQL: SELECT * FROM `c_type` WHERE ( typeId=2 ) LIMIT 1   [ RunTime:0.0002s ]
SQL: SELECT * FROM `c_contest` ORDER BY postNum desc LIMIT 2   [ RunTime:0.0004s ]
SQL: SELECT * FROM `c_type`  [ RunTime:0.0002s ]
NOTIC: [8] Undefined index: privilegeid /Users/NaDou329/CCIR_master/Application/Component/Classify.class.php 第 33 行.
NOTIC: [8] Undefined index: privilegeid /Users/NaDou329/CCIR_master/Application/Component/Classify.class.php 第 33 行.
NOTIC: [8] Undefined index: privilegeid /Users/NaDou329/CCIR_master/Application/Component/Classify.class.php 第 33 行.
NOTIC: [8] Undefined index: privilegeid /Users/NaDou329/CCIR_master/Application/Component/Classify.class.php 第 33 行.
NOTIC: [8] Undefined index: privilegeid /Users/NaDou329/CCIR_master/Application/Component/Classify.class.php 第 33 行.
NOTIC: [8] Undefined index: privilegeid /Users/NaDou329/CCIR_master/Application/Component/Classify.class.php 第 33 行.
NOTIC: [8] Undefined index: privilegeid /Users/NaDou329/CCIR_master/Application/Component/Classify.class.php 第 33 行.
INFO: [ view_parse ] --START--
INFO: [ template_filter ] --START--
INFO: Run Behavior\ContentReplaceBehavior [ RunTime:0.000215s ]
INFO: [ template_filter ] --END-- [ RunTime:0.000273s ]
NOTIC: [8] Undefined index: userInfo /Users/NaDou329/CCIR_master/Application/Runtime/Cache/Home/2a94b8bda04ff446dcedd42276fc99ee.php 第 155 行.
NOTIC: [8] Undefined index: typeId /Users/NaDou329/CCIR_master/Application/Runtime/Cache/Home/2a94b8bda04ff446dcedd42276fc99ee.php 第 368 行.
NOTIC: [8] Undefined index: typeId /Users/NaDou329/CCIR_master/Application/Runtime/Cache/Home/2a94b8bda04ff446dcedd42276fc99ee.php 第 368 行.
NOTIC: [8] Undefined index: typeId /Users/NaDou329/CCIR_master/Application/Runtime/Cache/Home/2a94b8bda04ff446dcedd42276fc99ee.php 第 368 行.
NOTIC: [8] Undefined index: typeId /Users/NaDou329/CCIR_master/Application/Runtime/Cache/Home/2a94b8bda04ff446dcedd42276fc99ee.php 第 368 行.
NOTIC: [8] Undefined index: typeId /Users/NaDou329/CCIR_master/Application/Runtime/Cache/Home/2a94b8bda04ff446dcedd42276fc99ee.php 第 368 行.
NOTIC: [8] Undefined index: typeId /Users/NaDou329/CCIR_master/Application/Runtime/Cache/Home/2a94b8bda04ff446dcedd42276fc99ee.php 第 368 行.
NOTIC: [8] Undefined index: typeId /Users/NaDou329/CCIR_master/Application/Runtime/Cache/Home/2a94b8bda04ff446dcedd42276fc99ee.php 第 368 行.
NOTIC: [8] Undefined index: typeId /Users/NaDou329/CCIR_master/Application/Runtime/Cache/Home/2a94b8bda04ff446dcedd42276fc99ee.php 第 368 行.
NOTIC: [8] Undefined index: typeId /Users/NaDou329/CCIR_master/Application/Runtime/Cache/Home/2a94b8bda04ff446dcedd42276fc99ee.php 第 368 行.
INFO: Run Behavior\ParseTemplateBehavior [ RunTime:0.014890s ]
INFO: [ view_parse ] --END-- [ RunTime:0.014948s ]
INFO: [ view_filter ] --START--
INFO: Run Behavior\WriteHtmlCacheBehavior [ RunTime:0.000152s ]
INFO: [ view_filter ] --END-- [ RunTime:0.000180s ]
INFO: [ app_end ] --START--
INFO: Run Behavior\ShowPageTraceBehavior [ RunTime:0.000746s ]
INFO: [ app_end ] --END-- [ RunTime:0.000838s ]

