[ 2018-01-22T21:16:47+08:00 ] ::1 /CCIR_master/index.php/home/user/login
INFO: [ app_init ] --START--
INFO: Run Behavior\BuildLiteBehavior [ RunTime:0.000033s ]
INFO: [ app_init ] --END-- [ RunTime:0.001711s ]
INFO: [ app_begin ] --START--
INFO: Run Behavior\ReadHtmlCacheBehavior [ RunTime:0.000669s ]
INFO: [ app_begin ] --END-- [ RunTime:0.000724s ]
INFO: [ view_parse ] --START--
INFO: [ template_filter ] --START--
INFO: Run Behavior\ContentReplaceBehavior [ RunTime:0.000304s ]
INFO: [ template_filter ] --END-- [ RunTime:0.000363s ]
INFO: Run Behavior\ParseTemplateBehavior [ RunTime:0.009409s ]
INFO: [ view_parse ] --END-- [ RunTime:0.009528s ]
INFO: [ view_filter ] --START--
INFO: Run Behavior\WriteHtmlCacheBehavior [ RunTime:0.000503s ]
INFO: [ view_filter ] --END-- [ RunTime:0.000569s ]
INFO: [ app_end ] --START--
INFO: Run Behavior\ShowPageTraceBehavior [ RunTime:0.000787s ]
INFO: [ app_end ] --END-- [ RunTime:0.000851s ]

[ 2018-01-22T21:17:04+08:00 ] ::1 /CCIR_master/index.php/Home/Contest/search
INFO: [ app_init ] --START--
INFO: Run Behavior\BuildLiteBehavior [ RunTime:0.000020s ]
INFO: [ app_init ] --END-- [ RunTime:0.000427s ]
INFO: [ app_begin ] --START--
INFO: Run Behavior\ReadHtmlCacheBehavior [ RunTime:0.000506s ]
INFO: [ app_begin ] --END-- [ RunTime:0.000590s ]
SQL: SHOW COLUMNS FROM `c_type` [ RunTime:0.0059s ]
SQL: SELECT * FROM `c_type` LIMIT 6   [ RunTime:0.0018s ]
SQL: SHOW COLUMNS FROM `c_contest` [ RunTime:0.0023s ]
NOTIC: [8] Undefined variable: con /Users/NaDou329/CCIR_master/Application/Home/Controller/ContestController.class.php 第 79 行.
SQL: SELECT * FROM `c_contest` ORDER BY c_contest.endtime desc LIMIT 0,5   [ RunTime:0.0021s ]
SQL: SELECT * FROM `c_type` WHERE ( typeId=5 ) LIMIT 1   [ RunTime:0.0022s ]
SQL: SELECT * FROM `c_type` WHERE ( typeId=3 ) LIMIT 1   [ RunTime:0.0002s ]
SQL: SELECT * FROM `c_type` WHERE ( typeId=10 ) LIMIT 1   [ RunTime:0.0003s ]
SQL: SELECT * FROM `c_type` WHERE ( typeId=11 ) LIMIT 1   [ RunTime:0.0003s ]
SQL: SELECT * FROM `c_type` WHERE ( typeId=10 ) LIMIT 1   [ RunTime:0.0001s ]
NOTIC: [8] Undefined variable: con /Users/NaDou329/CCIR_master/Application/Home/Controller/ContestController.class.php 第 87 行.
SQL: SELECT COUNT(*) AS tp_count FROM `c_contest` LIMIT 1   [ RunTime:0.0010s ]
INFO: [ view_parse ] --START--
INFO: [ template_filter ] --START--
INFO: Run Behavior\ContentReplaceBehavior [ RunTime:0.000122s ]
INFO: [ template_filter ] --END-- [ RunTime:0.000173s ]
NOTIC: [8] Undefined index: userInfo /Users/NaDou329/CCIR_master/Application/Runtime/Cache/Home/174587bc835d5a70e2d3d57f0af7a016.php 第 37 行.
INFO: Run Behavior\ParseTemplateBehavior [ RunTime:0.014869s ]
INFO: [ view_parse ] --END-- [ RunTime:0.014917s ]
INFO: [ view_filter ] --START--
INFO: Run Behavior\WriteHtmlCacheBehavior [ RunTime:0.000156s ]
INFO: [ view_filter ] --END-- [ RunTime:0.000184s ]
INFO: [ app_end ] --START--
INFO: Run Behavior\ShowPageTraceBehavior [ RunTime:0.000553s ]
INFO: [ app_end ] --END-- [ RunTime:0.000611s ]

[ 2018-01-22T21:17:04+08:00 ] ::1 /CCIR_master/index.php/Home/Contest/js/bootstrap.min.js
INFO: [ app_init ] --START--
INFO: Run Behavior\BuildLiteBehavior [ RunTime:0.000020s ]
INFO: [ app_init ] --END-- [ RunTime:0.000539s ]
INFO: [ app_begin ] --START--
INFO: Run Behavior\ReadHtmlCacheBehavior [ RunTime:0.000761s ]
INFO: [ app_begin ] --END-- [ RunTime:0.000856s ]
ERR: 非法操作:js

[ 2018-01-22T21:17:04+08:00 ] ::1 /CCIR_master/index.php/Home/Contest/js/bootstrap.min.js
INFO: [ app_init ] --START--
INFO: Run Behavior\BuildLiteBehavior [ RunTime:0.000022s ]
INFO: [ app_init ] --END-- [ RunTime:0.000541s ]
INFO: [ app_begin ] --START--
INFO: Run Behavior\ReadHtmlCacheBehavior [ RunTime:0.000600s ]
INFO: [ app_begin ] --END-- [ RunTime:0.000668s ]
ERR: 非法操作:js

