[ 2018-01-03T20:39:41+08:00 ] ::1 /CCIR_master/index.php/home/user/login
INFO: [ app_init ] --START--
INFO: Run Behavior\BuildLiteBehavior [ RunTime:0.000030s ]
INFO: [ app_init ] --END-- [ RunTime:0.003604s ]
INFO: [ app_begin ] --START--
INFO: Run Behavior\ReadHtmlCacheBehavior [ RunTime:0.000734s ]
INFO: [ app_begin ] --END-- [ RunTime:0.000794s ]
INFO: [ view_parse ] --START--
INFO: [ template_filter ] --START--
INFO: Run Behavior\ContentReplaceBehavior [ RunTime:0.000091s ]
INFO: [ template_filter ] --END-- [ RunTime:0.000137s ]
INFO: Run Behavior\ParseTemplateBehavior [ RunTime:0.008991s ]
INFO: [ view_parse ] --END-- [ RunTime:0.009055s ]
INFO: [ view_filter ] --START--
INFO: Run Behavior\WriteHtmlCacheBehavior [ RunTime:0.000311s ]
INFO: [ view_filter ] --END-- [ RunTime:0.000346s ]
INFO: [ app_end ] --START--
INFO: Run Behavior\ShowPageTraceBehavior [ RunTime:0.000706s ]
INFO: [ app_end ] --END-- [ RunTime:0.000747s ]

[ 2018-01-03T20:39:44+08:00 ] ::1 /CCIR_master/index.php/Home/User/checkLogin
INFO: [ app_init ] --START--
INFO: Run Behavior\BuildLiteBehavior [ RunTime:0.000010s ]
INFO: [ app_init ] --END-- [ RunTime:0.000259s ]
INFO: [ app_begin ] --START--
INFO: Run Behavior\ReadHtmlCacheBehavior [ RunTime:0.000376s ]
INFO: [ app_begin ] --END-- [ RunTime:0.000420s ]
SQL: SHOW COLUMNS FROM `c_user` [ RunTime:0.0055s ]
SQL: SHOW COLUMNS FROM `c_user` [ RunTime:0.0029s ]
SQL: SELECT * FROM `c_user` WHERE `userName` = 'admin' AND `password` = 'f6fdffe48c908deb0f4c3bd36c032e72' LIMIT 1   [ RunTime:0.0017s ]
INFO: [ view_parse ] --START--
INFO: [ template_filter ] --START--
INFO: Run Behavior\ContentReplaceBehavior [ RunTime:0.000090s ]
INFO: [ template_filter ] --END-- [ RunTime:0.000157s ]
INFO: Run Behavior\ParseTemplateBehavior [ RunTime:0.006878s ]
INFO: [ view_parse ] --END-- [ RunTime:0.006939s ]
INFO: [ view_filter ] --START--
INFO: Run Behavior\WriteHtmlCacheBehavior [ RunTime:0.000149s ]
INFO: [ view_filter ] --END-- [ RunTime:0.000179s ]

[ 2018-01-03T20:39:47+08:00 ] ::1 /CCIR_master/index.php/Home/User/login.html
INFO: [ app_init ] --START--
INFO: Run Behavior\BuildLiteBehavior [ RunTime:0.000013s ]
INFO: [ app_init ] --END-- [ RunTime:0.000313s ]
INFO: [ app_begin ] --START--
INFO: Run Behavior\ReadHtmlCacheBehavior [ RunTime:0.000407s ]
INFO: [ app_begin ] --END-- [ RunTime:0.000458s ]
INFO: [ view_parse ] --START--
INFO: [ template_filter ] --START--
INFO: Run Behavior\ContentReplaceBehavior [ RunTime:0.000064s ]
INFO: [ template_filter ] --END-- [ RunTime:0.000117s ]
INFO: Run Behavior\ParseTemplateBehavior [ RunTime:0.005214s ]
INFO: [ view_parse ] --END-- [ RunTime:0.005268s ]
INFO: [ view_filter ] --START--
INFO: Run Behavior\WriteHtmlCacheBehavior [ RunTime:0.000153s ]
INFO: [ view_filter ] --END-- [ RunTime:0.000187s ]
INFO: [ app_end ] --START--
INFO: Run Behavior\ShowPageTraceBehavior [ RunTime:0.000424s ]
INFO: [ app_end ] --END-- [ RunTime:0.000459s ]

[ 2018-01-03T20:40:15+08:00 ] ::1 /CCIR_master/index.php/home/user/login
INFO: [ app_init ] --START--
INFO: Run Behavior\BuildLiteBehavior [ RunTime:0.000014s ]
INFO: [ app_init ] --END-- [ RunTime:0.000524s ]
INFO: [ app_begin ] --START--
INFO: Run Behavior\ReadHtmlCacheBehavior [ RunTime:0.000682s ]
INFO: [ app_begin ] --END-- [ RunTime:0.000738s ]
INFO: [ view_parse ] --START--
INFO: [ template_filter ] --START--
INFO: Run Behavior\ContentReplaceBehavior [ RunTime:0.000118s ]
INFO: [ template_filter ] --END-- [ RunTime:0.000204s ]
INFO: Run Behavior\ParseTemplateBehavior [ RunTime:0.011870s ]
INFO: [ view_parse ] --END-- [ RunTime:0.011946s ]
INFO: [ view_filter ] --START--
INFO: Run Behavior\WriteHtmlCacheBehavior [ RunTime:0.001150s ]
INFO: [ view_filter ] --END-- [ RunTime:0.001226s ]
INFO: [ app_end ] --START--
INFO: Run Behavior\ShowPageTraceBehavior [ RunTime:0.000971s ]
INFO: [ app_end ] --END-- [ RunTime:0.001044s ]

[ 2018-01-03T20:40:46+08:00 ] ::1 /CCIR_master/index.php/Home/User/checkLogin
INFO: [ app_init ] --START--
INFO: Run Behavior\BuildLiteBehavior [ RunTime:0.000011s ]
INFO: [ app_init ] --END-- [ RunTime:0.000353s ]
INFO: [ app_begin ] --START--
INFO: Run Behavior\ReadHtmlCacheBehavior [ RunTime:0.000357s ]
INFO: [ app_begin ] --END-- [ RunTime:0.000397s ]
SQL: SHOW COLUMNS FROM `c_user` [ RunTime:0.0026s ]
SQL: SHOW COLUMNS FROM `c_user` [ RunTime:0.0013s ]
SQL: SELECT * FROM `c_user` WHERE `userName` = '张娜' AND `password` = '21232f297a57a5a743894a0e4a801fc3' LIMIT 1   [ RunTime:0.0003s ]
SQL: UPDATE `c_user` SET `lastime`='1514983246',`lastip`='::1' WHERE `userName` = '张娜' AND `password` = '21232f297a57a5a743894a0e4a801fc3' [ RunTime:0.0035s ]
SQL: SELECT * FROM `c_user` WHERE `userName` = '张娜' AND `password` = '21232f297a57a5a743894a0e4a801fc3' LIMIT 1   [ RunTime:0.0002s ]
NOTIC: [8] A session had already been started - ignoring session_start() /Users/NaDou329/CCIR_master/ThinkPHP/Common/functions.php 第 1263 行.
INFO: [ view_parse ] --START--
INFO: [ template_filter ] --START--
INFO: Run Behavior\ContentReplaceBehavior [ RunTime:0.000088s ]
INFO: [ template_filter ] --END-- [ RunTime:0.000175s ]
INFO: Run Behavior\ParseTemplateBehavior [ RunTime:0.008586s ]
INFO: [ view_parse ] --END-- [ RunTime:0.008648s ]
INFO: [ view_filter ] --START--
INFO: Run Behavior\WriteHtmlCacheBehavior [ RunTime:0.000204s ]
INFO: [ view_filter ] --END-- [ RunTime:0.000322s ]
INFO: [ app_end ] --START--
INFO: Run Behavior\ShowPageTraceBehavior [ RunTime:0.000587s ]
INFO: [ app_end ] --END-- [ RunTime:0.000639s ]

[ 2018-01-03T20:40:47+08:00 ] ::1 /CCIR_master/index.php/Home/Index/index.html
INFO: [ app_init ] --START--
INFO: Run Behavior\BuildLiteBehavior [ RunTime:0.000010s ]
INFO: [ app_init ] --END-- [ RunTime:0.000262s ]
INFO: [ app_begin ] --START--
INFO: Run Behavior\ReadHtmlCacheBehavior [ RunTime:0.000332s ]
INFO: [ app_begin ] --END-- [ RunTime:0.000367s ]
SQL: SHOW COLUMNS FROM `c_user` [ RunTime:0.0012s ]
SQL: SELECT * FROM `c_user` WHERE `userId` = 1 LIMIT 1   [ RunTime:0.0007s ]
SQL: SHOW COLUMNS FROM `c_contest` [ RunTime:0.0015s ]
SQL: SELECT * FROM `c_contest` INNER JOIN c_type on c_contest.typeId=c_type.typeId  ORDER BY createtime desc LIMIT 2   [ RunTime:0.0008s ]
SQL: SELECT * FROM `c_contest` ORDER BY postNum desc LIMIT 2   [ RunTime:0.0004s ]
SQL: SHOW COLUMNS FROM `c_type` [ RunTime:0.0010s ]
SQL: SELECT * FROM `c_type`  [ RunTime:0.0003s ]
NOTIC: [8] Undefined index: privilegeid /Users/NaDou329/CCIR_master/Application/Component/Classify.class.php 第 33 行.
NOTIC: [8] Undefined index: privilegeid /Users/NaDou329/CCIR_master/Application/Component/Classify.class.php 第 33 行.
NOTIC: [8] Undefined index: privilegeid /Users/NaDou329/CCIR_master/Application/Component/Classify.class.php 第 33 行.
NOTIC: [8] Undefined index: privilegeid /Users/NaDou329/CCIR_master/Application/Component/Classify.class.php 第 33 行.
NOTIC: [8] Undefined index: privilegeid /Users/NaDou329/CCIR_master/Application/Component/Classify.class.php 第 33 行.
NOTIC: [8] Undefined index: privilegeid /Users/NaDou329/CCIR_master/Application/Component/Classify.class.php 第 33 行.
NOTIC: [8] Undefined index: privilegeid /Users/NaDou329/CCIR_master/Application/Component/Classify.class.php 第 33 行.
NOTIC: [8] Undefined index: privilegeid /Users/NaDou329/CCIR_master/Application/Component/Classify.class.php 第 33 行.
NOTIC: [8] Undefined index: privilegeid /Users/NaDou329/CCIR_master/Application/Component/Classify.class.php 第 33 行.
NOTIC: [8] Undefined index: privilegeid /Users/NaDou329/CCIR_master/Application/Component/Classify.class.php 第 33 行.
SQL: SHOW COLUMNS FROM `c_group` [ RunTime:0.0010s ]
INFO: [ view_parse ] --START--
INFO: [ template_filter ] --START--
INFO: Run Behavior\ContentReplaceBehavior [ RunTime:0.000211s ]
INFO: [ template_filter ] --END-- [ RunTime:0.000257s ]
NOTIC: [8] Undefined index: typeId /Users/NaDou329/CCIR_master/Application/Runtime/Cache/Home/2a94b8bda04ff446dcedd42276fc99ee.php 第 342 行.
NOTIC: [8] Undefined index: typeId /Users/NaDou329/CCIR_master/Application/Runtime/Cache/Home/2a94b8bda04ff446dcedd42276fc99ee.php 第 342 行.
NOTIC: [8] Undefined index: typeId /Users/NaDou329/CCIR_master/Application/Runtime/Cache/Home/2a94b8bda04ff446dcedd42276fc99ee.php 第 342 行.
NOTIC: [8] Undefined index: typeId /Users/NaDou329/CCIR_master/Application/Runtime/Cache/Home/2a94b8bda04ff446dcedd42276fc99ee.php 第 342 行.
NOTIC: [8] Undefined index: typeId /Users/NaDou329/CCIR_master/Application/Runtime/Cache/Home/2a94b8bda04ff446dcedd42276fc99ee.php 第 342 行.
NOTIC: [8] Undefined index: typeId /Users/NaDou329/CCIR_master/Application/Runtime/Cache/Home/2a94b8bda04ff446dcedd42276fc99ee.php 第 342 行.
NOTIC: [8] Undefined index: typeId /Users/NaDou329/CCIR_master/Application/Runtime/Cache/Home/2a94b8bda04ff446dcedd42276fc99ee.php 第 342 行.
NOTIC: [8] Undefined index: typeId /Users/NaDou329/CCIR_master/Application/Runtime/Cache/Home/2a94b8bda04ff446dcedd42276fc99ee.php 第 342 行.
NOTIC: [8] Undefined index: typeId /Users/NaDou329/CCIR_master/Application/Runtime/Cache/Home/2a94b8bda04ff446dcedd42276fc99ee.php 第 342 行.
NOTIC: [8] Undefined index: typeId /Users/NaDou329/CCIR_master/Application/Runtime/Cache/Home/2a94b8bda04ff446dcedd42276fc99ee.php 第 342 行.
NOTIC: [8] Undefined index: typeId /Users/NaDou329/CCIR_master/Application/Runtime/Cache/Home/2a94b8bda04ff446dcedd42276fc99ee.php 第 342 行.
NOTIC: [8] Undefined index: typeId /Users/NaDou329/CCIR_master/Application/Runtime/Cache/Home/2a94b8bda04ff446dcedd42276fc99ee.php 第 342 行.
NOTIC: [8] Undefined index: typeId /Users/NaDou329/CCIR_master/Application/Runtime/Cache/Home/2a94b8bda04ff446dcedd42276fc99ee.php 第 342 行.
NOTIC: [8] Undefined index: typeId /Users/NaDou329/CCIR_master/Application/Runtime/Cache/Home/2a94b8bda04ff446dcedd42276fc99ee.php 第 342 行.
NOTIC: [8] Undefined index: typeId /Users/NaDou329/CCIR_master/Application/Runtime/Cache/Home/2a94b8bda04ff446dcedd42276fc99ee.php 第 342 行.
INFO: Run Behavior\ParseTemplateBehavior [ RunTime:0.013926s ]
INFO: [ view_parse ] --END-- [ RunTime:0.013960s ]
INFO: [ view_filter ] --START--
INFO: Run Behavior\WriteHtmlCacheBehavior [ RunTime:0.000131s ]
INFO: [ view_filter ] --END-- [ RunTime:0.000158s ]
INFO: [ app_end ] --START--
INFO: Run Behavior\ShowPageTraceBehavior [ RunTime:0.000461s ]
INFO: [ app_end ] --END-- [ RunTime:0.000521s ]

[ 2018-01-03T20:41:53+08:00 ] ::1 /CCIR_master/index.php/Home/Index/webindex.html
INFO: [ app_init ] --START--
INFO: Run Behavior\BuildLiteBehavior [ RunTime:0.000014s ]
INFO: [ app_init ] --END-- [ RunTime:0.000517s ]
INFO: [ app_begin ] --START--
INFO: Run Behavior\ReadHtmlCacheBehavior [ RunTime:0.000628s ]
INFO: [ app_begin ] --END-- [ RunTime:0.000685s ]
ERR: 非法操作:webindex

[ 2018-01-03T20:42:10+08:00 ] ::1 /CCIR_master/index.php/Home/Contest/detailContest/id/20
INFO: [ app_init ] --START--
INFO: Run Behavior\BuildLiteBehavior [ RunTime:0.000010s ]
INFO: [ app_init ] --END-- [ RunTime:0.000266s ]
INFO: [ app_begin ] --START--
INFO: Run Behavior\ReadHtmlCacheBehavior [ RunTime:0.000610s ]
INFO: [ app_begin ] --END-- [ RunTime:0.000682s ]
NOTIC: [8] Undefined index: suit /Users/NaDou329/CCIR_master/Application/Home/Controller/ContestController.class.php 第 11 行.
SQL: SHOW COLUMNS FROM `c_contest` [ RunTime:0.0014s ]
SQL: SELECT * FROM `c_contest` INNER JOIN c_type on c_contest.typeId=c_type.typeId  WHERE ( contestId=20 ) LIMIT 1   [ RunTime:0.0003s ]
INFO: [ view_parse ] --START--
INFO: [ template_filter ] --START--
INFO: Run Behavior\ContentReplaceBehavior [ RunTime:0.000150s ]
INFO: [ template_filter ] --END-- [ RunTime:0.000199s ]
INFO: Run Behavior\ParseTemplateBehavior [ RunTime:0.011651s ]
INFO: [ view_parse ] --END-- [ RunTime:0.011696s ]
INFO: [ view_filter ] --START--
INFO: Run Behavior\WriteHtmlCacheBehavior [ RunTime:0.000365s ]
INFO: [ view_filter ] --END-- [ RunTime:0.000406s ]
INFO: [ app_end ] --START--
INFO: Run Behavior\ShowPageTraceBehavior [ RunTime:0.001662s ]
INFO: [ app_end ] --END-- [ RunTime:0.001845s ]

[ 2018-01-03T20:42:17+08:00 ] ::1 /CCIR_master/index.php/Home/Contest/detailContest/id/19
INFO: [ app_init ] --START--
INFO: Run Behavior\BuildLiteBehavior [ RunTime:0.000012s ]
INFO: [ app_init ] --END-- [ RunTime:0.000357s ]
INFO: [ app_begin ] --START--
INFO: Run Behavior\ReadHtmlCacheBehavior [ RunTime:0.000418s ]
INFO: [ app_begin ] --END-- [ RunTime:0.000466s ]
NOTIC: [8] Undefined index: suit /Users/NaDou329/CCIR_master/Application/Home/Controller/ContestController.class.php 第 11 行.
SQL: SHOW COLUMNS FROM `c_contest` [ RunTime:0.0012s ]
SQL: SELECT * FROM `c_contest` INNER JOIN c_type on c_contest.typeId=c_type.typeId  WHERE ( contestId=19 ) LIMIT 1   [ RunTime:0.0003s ]
INFO: [ view_parse ] --START--
INFO: [ template_filter ] --START--
INFO: Run Behavior\ContentReplaceBehavior [ RunTime:0.000153s ]
INFO: [ template_filter ] --END-- [ RunTime:0.000198s ]
INFO: Run Behavior\ParseTemplateBehavior [ RunTime:0.010364s ]
INFO: [ view_parse ] --END-- [ RunTime:0.010418s ]
INFO: [ view_filter ] --START--
INFO: Run Behavior\WriteHtmlCacheBehavior [ RunTime:0.000138s ]
INFO: [ view_filter ] --END-- [ RunTime:0.000165s ]
INFO: [ app_end ] --START--
INFO: Run Behavior\ShowPageTraceBehavior [ RunTime:0.000494s ]
INFO: [ app_end ] --END-- [ RunTime:0.000544s ]

[ 2018-01-03T20:42:43+08:00 ] ::1 /CCIR_master/index.php/Home/Index/index.html
INFO: [ app_init ] --START--
INFO: Run Behavior\BuildLiteBehavior [ RunTime:0.000022s ]
INFO: [ app_init ] --END-- [ RunTime:0.000572s ]
INFO: [ app_begin ] --START--
INFO: Run Behavior\ReadHtmlCacheBehavior [ RunTime:0.000608s ]
INFO: [ app_begin ] --END-- [ RunTime:0.000715s ]
SQL: SHOW COLUMNS FROM `c_user` [ RunTime:0.0013s ]
SQL: SELECT * FROM `c_user` WHERE `userId` = 1 LIMIT 1   [ RunTime:0.0002s ]
SQL: SHOW COLUMNS FROM `c_contest` [ RunTime:0.0011s ]
SQL: SELECT * FROM `c_contest` INNER JOIN c_type on c_contest.typeId=c_type.typeId  ORDER BY createtime desc LIMIT 2   [ RunTime:0.0004s ]
SQL: SELECT * FROM `c_contest` ORDER BY postNum desc LIMIT 2   [ RunTime:0.0002s ]
SQL: SHOW COLUMNS FROM `c_type` [ RunTime:0.0010s ]
SQL: SELECT * FROM `c_type`  [ RunTime:0.0004s ]
NOTIC: [8] Undefined index: privilegeid /Users/NaDou329/CCIR_master/Application/Component/Classify.class.php 第 33 行.
NOTIC: [8] Undefined index: privilegeid /Users/NaDou329/CCIR_master/Application/Component/Classify.class.php 第 33 行.
NOTIC: [8] Undefined index: privilegeid /Users/NaDou329/CCIR_master/Application/Component/Classify.class.php 第 33 行.
NOTIC: [8] Undefined index: privilegeid /Users/NaDou329/CCIR_master/Application/Component/Classify.class.php 第 33 行.
NOTIC: [8] Undefined index: privilegeid /Users/NaDou329/CCIR_master/Application/Component/Classify.class.php 第 33 行.
NOTIC: [8] Undefined index: privilegeid /Users/NaDou329/CCIR_master/Application/Component/Classify.class.php 第 33 行.
NOTIC: [8] Undefined index: privilegeid /Users/NaDou329/CCIR_master/Application/Component/Classify.class.php 第 33 行.
NOTIC: [8] Undefined index: privilegeid /Users/NaDou329/CCIR_master/Application/Component/Classify.class.php 第 33 行.
NOTIC: [8] Undefined index: privilegeid /Users/NaDou329/CCIR_master/Application/Component/Classify.class.php 第 33 行.
NOTIC: [8] Undefined index: privilegeid /Users/NaDou329/CCIR_master/Application/Component/Classify.class.php 第 33 行.
SQL: SHOW COLUMNS FROM `c_group` [ RunTime:0.0010s ]
INFO: [ view_parse ] --START--
INFO: [ template_filter ] --START--
INFO: Run Behavior\ContentReplaceBehavior [ RunTime:0.000234s ]
INFO: [ template_filter ] --END-- [ RunTime:0.000278s ]
NOTIC: [8] Undefined index: typeId /Users/NaDou329/CCIR_master/Application/Runtime/Cache/Home/2a94b8bda04ff446dcedd42276fc99ee.php 第 342 行.
NOTIC: [8] Undefined index: typeId /Users/NaDou329/CCIR_master/Application/Runtime/Cache/Home/2a94b8bda04ff446dcedd42276fc99ee.php 第 342 行.
NOTIC: [8] Undefined index: typeId /Users/NaDou329/CCIR_master/Application/Runtime/Cache/Home/2a94b8bda04ff446dcedd42276fc99ee.php 第 342 行.
NOTIC: [8] Undefined index: typeId /Users/NaDou329/CCIR_master/Application/Runtime/Cache/Home/2a94b8bda04ff446dcedd42276fc99ee.php 第 342 行.
NOTIC: [8] Undefined index: typeId /Users/NaDou329/CCIR_master/Application/Runtime/Cache/Home/2a94b8bda04ff446dcedd42276fc99ee.php 第 342 行.
NOTIC: [8] Undefined index: typeId /Users/NaDou329/CCIR_master/Application/Runtime/Cache/Home/2a94b8bda04ff446dcedd42276fc99ee.php 第 342 行.
NOTIC: [8] Undefined index: typeId /Users/NaDou329/CCIR_master/Application/Runtime/Cache/Home/2a94b8bda04ff446dcedd42276fc99ee.php 第 342 行.
NOTIC: [8] Undefined index: typeId /Users/NaDou329/CCIR_master/Application/Runtime/Cache/Home/2a94b8bda04ff446dcedd42276fc99ee.php 第 342 行.
NOTIC: [8] Undefined index: typeId /Users/NaDou329/CCIR_master/Application/Runtime/Cache/Home/2a94b8bda04ff446dcedd42276fc99ee.php 第 342 行.
NOTIC: [8] Undefined index: typeId /Users/NaDou329/CCIR_master/Application/Runtime/Cache/Home/2a94b8bda04ff446dcedd42276fc99ee.php 第 342 行.
NOTIC: [8] Undefined index: typeId /Users/NaDou329/CCIR_master/Application/Runtime/Cache/Home/2a94b8bda04ff446dcedd42276fc99ee.php 第 342 行.
NOTIC: [8] Undefined index: typeId /Users/NaDou329/CCIR_master/Application/Runtime/Cache/Home/2a94b8bda04ff446dcedd42276fc99ee.php 第 342 行.
NOTIC: [8] Undefined index: typeId /Users/NaDou329/CCIR_master/Application/Runtime/Cache/Home/2a94b8bda04ff446dcedd42276fc99ee.php 第 342 行.
NOTIC: [8] Undefined index: typeId /Users/NaDou329/CCIR_master/Application/Runtime/Cache/Home/2a94b8bda04ff446dcedd42276fc99ee.php 第 342 行.
NOTIC: [8] Undefined index: typeId /Users/NaDou329/CCIR_master/Application/Runtime/Cache/Home/2a94b8bda04ff446dcedd42276fc99ee.php 第 342 行.
INFO: Run Behavior\ParseTemplateBehavior [ RunTime:0.011079s ]
INFO: [ view_parse ] --END-- [ RunTime:0.011114s ]
INFO: [ view_filter ] --START--
INFO: Run Behavior\WriteHtmlCacheBehavior [ RunTime:0.000194s ]
INFO: [ view_filter ] --END-- [ RunTime:0.000257s ]
INFO: [ app_end ] --START--
INFO: Run Behavior\ShowPageTraceBehavior [ RunTime:0.000471s ]
INFO: [ app_end ] --END-- [ RunTime:0.000575s ]

[ 2018-01-03T21:27:23+08:00 ] ::1 /CCIR_master/index.php/Home/Index/index.html
INFO: [ app_init ] --START--
INFO: Run Behavior\BuildLiteBehavior [ RunTime:0.000019s ]
INFO: [ app_init ] --END-- [ RunTime:0.000763s ]
INFO: [ app_begin ] --START--
INFO: Run Behavior\ReadHtmlCacheBehavior [ RunTime:0.000629s ]
INFO: [ app_begin ] --END-- [ RunTime:0.000690s ]
SQL: SHOW COLUMNS FROM `c_user` [ RunTime:0.0027s ]
SQL: SELECT * FROM `c_user` WHERE `userId` = 1 LIMIT 1   [ RunTime:0.0005s ]
SQL: SHOW COLUMNS FROM `c_contest` [ RunTime:0.0012s ]
SQL: SELECT * FROM `c_contest` INNER JOIN c_type on c_contest.typeId=c_type.typeId  ORDER BY createtime desc LIMIT 2   [ RunTime:0.0005s ]
SQL: SELECT * FROM `c_contest` ORDER BY postNum desc LIMIT 2   [ RunTime:0.0002s ]
SQL: SHOW COLUMNS FROM `c_type` [ RunTime:0.0011s ]
SQL: SELECT * FROM `c_type`  [ RunTime:0.0002s ]
NOTIC: [8] Undefined index: privilegeid /Users/NaDou329/CCIR_master/Application/Component/Classify.class.php 第 33 行.
NOTIC: [8] Undefined index: privilegeid /Users/NaDou329/CCIR_master/Application/Component/Classify.class.php 第 33 行.
NOTIC: [8] Undefined index: privilegeid /Users/NaDou329/CCIR_master/Application/Component/Classify.class.php 第 33 行.
NOTIC: [8] Undefined index: privilegeid /Users/NaDou329/CCIR_master/Application/Component/Classify.class.php 第 33 行.
NOTIC: [8] Undefined index: privilegeid /Users/NaDou329/CCIR_master/Application/Component/Classify.class.php 第 33 行.
NOTIC: [8] Undefined index: privilegeid /Users/NaDou329/CCIR_master/Application/Component/Classify.class.php 第 33 行.
NOTIC: [8] Undefined index: privilegeid /Users/NaDou329/CCIR_master/Application/Component/Classify.class.php 第 33 行.
NOTIC: [8] Undefined index: privilegeid /Users/NaDou329/CCIR_master/Application/Component/Classify.class.php 第 33 行.
NOTIC: [8] Undefined index: privilegeid /Users/NaDou329/CCIR_master/Application/Component/Classify.class.php 第 33 行.
NOTIC: [8] Undefined index: privilegeid /Users/NaDou329/CCIR_master/Application/Component/Classify.class.php 第 33 行.
SQL: SHOW COLUMNS FROM `c_group` [ RunTime:0.0011s ]
INFO: [ view_parse ] --START--
INFO: [ template_filter ] --START--
INFO: Run Behavior\ContentReplaceBehavior [ RunTime:0.000265s ]
INFO: [ template_filter ] --END-- [ RunTime:0.000323s ]
NOTIC: [8] Undefined index: typeId /Users/NaDou329/CCIR_master/Application/Runtime/Cache/Home/2a94b8bda04ff446dcedd42276fc99ee.php 第 342 行.
NOTIC: [8] Undefined index: typeId /Users/NaDou329/CCIR_master/Application/Runtime/Cache/Home/2a94b8bda04ff446dcedd42276fc99ee.php 第 342 行.
NOTIC: [8] Undefined index: typeId /Users/NaDou329/CCIR_master/Application/Runtime/Cache/Home/2a94b8bda04ff446dcedd42276fc99ee.php 第 342 行.
NOTIC: [8] Undefined index: typeId /Users/NaDou329/CCIR_master/Application/Runtime/Cache/Home/2a94b8bda04ff446dcedd42276fc99ee.php 第 342 行.
NOTIC: [8] Undefined index: typeId /Users/NaDou329/CCIR_master/Application/Runtime/Cache/Home/2a94b8bda04ff446dcedd42276fc99ee.php 第 342 行.
NOTIC: [8] Undefined index: typeId /Users/NaDou329/CCIR_master/Application/Runtime/Cache/Home/2a94b8bda04ff446dcedd42276fc99ee.php 第 342 行.
NOTIC: [8] Undefined index: typeId /Users/NaDou329/CCIR_master/Application/Runtime/Cache/Home/2a94b8bda04ff446dcedd42276fc99ee.php 第 342 行.
NOTIC: [8] Undefined index: typeId /Users/NaDou329/CCIR_master/Application/Runtime/Cache/Home/2a94b8bda04ff446dcedd42276fc99ee.php 第 342 行.
NOTIC: [8] Undefined index: typeId /Users/NaDou329/CCIR_master/Application/Runtime/Cache/Home/2a94b8bda04ff446dcedd42276fc99ee.php 第 342 行.
NOTIC: [8] Undefined index: typeId /Users/NaDou329/CCIR_master/Application/Runtime/Cache/Home/2a94b8bda04ff446dcedd42276fc99ee.php 第 342 行.
NOTIC: [8] Undefined index: typeId /Users/NaDou329/CCIR_master/Application/Runtime/Cache/Home/2a94b8bda04ff446dcedd42276fc99ee.php 第 342 行.
NOTIC: [8] Undefined index: typeId /Users/NaDou329/CCIR_master/Application/Runtime/Cache/Home/2a94b8bda04ff446dcedd42276fc99ee.php 第 342 行.
NOTIC: [8] Undefined index: typeId /Users/NaDou329/CCIR_master/Application/Runtime/Cache/Home/2a94b8bda04ff446dcedd42276fc99ee.php 第 342 行.
NOTIC: [8] Undefined index: typeId /Users/NaDou329/CCIR_master/Application/Runtime/Cache/Home/2a94b8bda04ff446dcedd42276fc99ee.php 第 342 行.
NOTIC: [8] Undefined index: typeId /Users/NaDou329/CCIR_master/Application/Runtime/Cache/Home/2a94b8bda04ff446dcedd42276fc99ee.php 第 342 行.
INFO: Run Behavior\ParseTemplateBehavior [ RunTime:0.015552s ]
INFO: [ view_parse ] --END-- [ RunTime:0.015595s ]
INFO: [ view_filter ] --START--
INFO: Run Behavior\WriteHtmlCacheBehavior [ RunTime:0.000404s ]
INFO: [ view_filter ] --END-- [ RunTime:0.000450s ]
INFO: [ app_end ] --START--
INFO: Run Behavior\ShowPageTraceBehavior [ RunTime:0.000722s ]
INFO: [ app_end ] --END-- [ RunTime:0.000802s ]

[ 2018-01-03T21:32:08+08:00 ] ::1 /CCIR_master/index.php/Home/Index/index.html
INFO: [ app_init ] --START--
INFO: Run Behavior\BuildLiteBehavior [ RunTime:0.000014s ]
INFO: [ app_init ] --END-- [ RunTime:0.000555s ]
INFO: [ app_begin ] --START--
INFO: Run Behavior\ReadHtmlCacheBehavior [ RunTime:0.000857s ]
INFO: [ app_begin ] --END-- [ RunTime:0.000958s ]
SQL: SHOW COLUMNS FROM `c_user` [ RunTime:0.0080s ]
SQL: SELECT * FROM `c_user` WHERE `userId` = 1 LIMIT 1   [ RunTime:0.0007s ]
SQL: SHOW COLUMNS FROM `c_contest` [ RunTime:0.0018s ]
SQL: SELECT * FROM `c_contest` INNER JOIN c_type on c_contest.typeId=c_type.typeId  ORDER BY createtime desc LIMIT 2   [ RunTime:0.0031s ]
SQL: SELECT * FROM `c_contest` ORDER BY postNum desc LIMIT 2   [ RunTime:0.0005s ]
SQL: SHOW COLUMNS FROM `c_type` [ RunTime:0.0012s ]
SQL: SELECT * FROM `c_type`  [ RunTime:0.0002s ]
NOTIC: [8] Undefined index: privilegeid /Users/NaDou329/CCIR_master/Application/Component/Classify.class.php 第 33 行.
NOTIC: [8] Undefined index: privilegeid /Users/NaDou329/CCIR_master/Application/Component/Classify.class.php 第 33 行.
NOTIC: [8] Undefined index: privilegeid /Users/NaDou329/CCIR_master/Application/Component/Classify.class.php 第 33 行.
NOTIC: [8] Undefined index: privilegeid /Users/NaDou329/CCIR_master/Application/Component/Classify.class.php 第 33 行.
NOTIC: [8] Undefined index: privilegeid /Users/NaDou329/CCIR_master/Application/Component/Classify.class.php 第 33 行.
NOTIC: [8] Undefined index: privilegeid /Users/NaDou329/CCIR_master/Application/Component/Classify.class.php 第 33 行.
NOTIC: [8] Undefined index: privilegeid /Users/NaDou329/CCIR_master/Application/Component/Classify.class.php 第 33 行.
NOTIC: [8] Undefined index: privilegeid /Users/NaDou329/CCIR_master/Application/Component/Classify.class.php 第 33 行.
NOTIC: [8] Undefined index: privilegeid /Users/NaDou329/CCIR_master/Application/Component/Classify.class.php 第 33 行.
NOTIC: [8] Undefined index: privilegeid /Users/NaDou329/CCIR_master/Application/Component/Classify.class.php 第 33 行.
SQL: SHOW COLUMNS FROM `c_group` [ RunTime:0.0012s ]
INFO: [ view_parse ] --START--
INFO: [ template_filter ] --START--
INFO: Run Behavior\ContentReplaceBehavior [ RunTime:0.000304s ]
INFO: [ template_filter ] --END-- [ RunTime:0.000385s ]
NOTIC: [8] Undefined index: typeId /Users/NaDou329/CCIR_master/Application/Runtime/Cache/Home/2a94b8bda04ff446dcedd42276fc99ee.php 第 342 行.
NOTIC: [8] Undefined index: typeId /Users/NaDou329/CCIR_master/Application/Runtime/Cache/Home/2a94b8bda04ff446dcedd42276fc99ee.php 第 342 行.
NOTIC: [8] Undefined index: typeId /Users/NaDou329/CCIR_master/Application/Runtime/Cache/Home/2a94b8bda04ff446dcedd42276fc99ee.php 第 342 行.
NOTIC: [8] Undefined index: typeId /Users/NaDou329/CCIR_master/Application/Runtime/Cache/Home/2a94b8bda04ff446dcedd42276fc99ee.php 第 342 行.
NOTIC: [8] Undefined index: typeId /Users/NaDou329/CCIR_master/Application/Runtime/Cache/Home/2a94b8bda04ff446dcedd42276fc99ee.php 第 342 行.
NOTIC: [8] Undefined index: typeId /Users/NaDou329/CCIR_master/Application/Runtime/Cache/Home/2a94b8bda04ff446dcedd42276fc99ee.php 第 342 行.
NOTIC: [8] Undefined index: typeId /Users/NaDou329/CCIR_master/Application/Runtime/Cache/Home/2a94b8bda04ff446dcedd42276fc99ee.php 第 342 行.
NOTIC: [8] Undefined index: typeId /Users/NaDou329/CCIR_master/Application/Runtime/Cache/Home/2a94b8bda04ff446dcedd42276fc99ee.php 第 342 行.
NOTIC: [8] Undefined index: typeId /Users/NaDou329/CCIR_master/Application/Runtime/Cache/Home/2a94b8bda04ff446dcedd42276fc99ee.php 第 342 行.
NOTIC: [8] Undefined index: typeId /Users/NaDou329/CCIR_master/Application/Runtime/Cache/Home/2a94b8bda04ff446dcedd42276fc99ee.php 第 342 行.
NOTIC: [8] Undefined index: typeId /Users/NaDou329/CCIR_master/Application/Runtime/Cache/Home/2a94b8bda04ff446dcedd42276fc99ee.php 第 342 行.
NOTIC: [8] Undefined index: typeId /Users/NaDou329/CCIR_master/Application/Runtime/Cache/Home/2a94b8bda04ff446dcedd42276fc99ee.php 第 342 行.
NOTIC: [8] Undefined index: typeId /Users/NaDou329/CCIR_master/Application/Runtime/Cache/Home/2a94b8bda04ff446dcedd42276fc99ee.php 第 342 行.
NOTIC: [8] Undefined index: typeId /Users/NaDou329/CCIR_master/Application/Runtime/Cache/Home/2a94b8bda04ff446dcedd42276fc99ee.php 第 342 行.
NOTIC: [8] Undefined index: typeId /Users/NaDou329/CCIR_master/Application/Runtime/Cache/Home/2a94b8bda04ff446dcedd42276fc99ee.php 第 342 行.
INFO: Run Behavior\ParseTemplateBehavior [ RunTime:0.018859s ]
INFO: [ view_parse ] --END-- [ RunTime:0.018901s ]
INFO: [ view_filter ] --START--
INFO: Run Behavior\WriteHtmlCacheBehavior [ RunTime:0.000854s ]
INFO: [ view_filter ] --END-- [ RunTime:0.000914s ]
INFO: [ app_end ] --START--
INFO: Run Behavior\ShowPageTraceBehavior [ RunTime:0.000987s ]
INFO: [ app_end ] --END-- [ RunTime:0.001063s ]

[ 2018-01-03T21:32:51+08:00 ] ::1 /CCIR_master/index.php/Home/Contest/detailContest/id/20
INFO: [ app_init ] --START--
INFO: Run Behavior\BuildLiteBehavior [ RunTime:0.000012s ]
INFO: [ app_init ] --END-- [ RunTime:0.000344s ]
INFO: [ app_begin ] --START--
INFO: Run Behavior\ReadHtmlCacheBehavior [ RunTime:0.000526s ]
INFO: [ app_begin ] --END-- [ RunTime:0.000587s ]
NOTIC: [8] Undefined index: suit /Users/NaDou329/CCIR_master/Application/Home/Controller/ContestController.class.php 第 11 行.
SQL: SHOW COLUMNS FROM `c_contest` [ RunTime:0.0013s ]
SQL: SELECT * FROM `c_contest` INNER JOIN c_type on c_contest.typeId=c_type.typeId  WHERE ( contestId=20 ) LIMIT 1   [ RunTime:0.0003s ]
INFO: [ view_parse ] --START--
INFO: [ template_filter ] --START--
INFO: Run Behavior\ContentReplaceBehavior [ RunTime:0.000154s ]
INFO: [ template_filter ] --END-- [ RunTime:0.000200s ]
INFO: Run Behavior\ParseTemplateBehavior [ RunTime:0.010657s ]
INFO: [ view_parse ] --END-- [ RunTime:0.010731s ]
INFO: [ view_filter ] --START--
INFO: Run Behavior\WriteHtmlCacheBehavior [ RunTime:0.000180s ]
INFO: [ view_filter ] --END-- [ RunTime:0.000217s ]
INFO: [ app_end ] --START--
INFO: Run Behavior\ShowPageTraceBehavior [ RunTime:0.000646s ]
INFO: [ app_end ] --END-- [ RunTime:0.000707s ]

[ 2018-01-03T21:33:29+08:00 ] ::1 /CCIR_master/index.php/Home/Contest/detailContest/id/20
INFO: [ app_init ] --START--
INFO: Run Behavior\BuildLiteBehavior [ RunTime:0.000010s ]
INFO: [ app_init ] --END-- [ RunTime:0.000313s ]
INFO: [ app_begin ] --START--
INFO: Run Behavior\ReadHtmlCacheBehavior [ RunTime:0.000426s ]
INFO: [ app_begin ] --END-- [ RunTime:0.000470s ]
NOTIC: [8] Undefined index: suit /Users/NaDou329/CCIR_master/Application/Home/Controller/ContestController.class.php 第 11 行.
SQL: SHOW COLUMNS FROM `c_contest` [ RunTime:0.0028s ]
SQL: SELECT * FROM `c_contest` INNER JOIN c_type on c_contest.typeId=c_type.typeId  WHERE ( contestId=20 ) LIMIT 1   [ RunTime:0.0009s ]
INFO: [ view_parse ] --START--
INFO: [ template_filter ] --START--
INFO: Run Behavior\ContentReplaceBehavior [ RunTime:0.000141s ]
INFO: [ template_filter ] --END-- [ RunTime:0.000184s ]
INFO: Run Behavior\ParseTemplateBehavior [ RunTime:0.007981s ]
INFO: [ view_parse ] --END-- [ RunTime:0.008048s ]
INFO: [ view_filter ] --START--
INFO: Run Behavior\WriteHtmlCacheBehavior [ RunTime:0.000144s ]
INFO: [ view_filter ] --END-- [ RunTime:0.000171s ]
INFO: [ app_end ] --START--
INFO: Run Behavior\ShowPageTraceBehavior [ RunTime:0.000452s ]
INFO: [ app_end ] --END-- [ RunTime:0.000495s ]

[ 2018-01-03T21:33:44+08:00 ] ::1 /CCIR_master/index.php/Home/Contest/detailContest/id/20
INFO: [ app_init ] --START--
INFO: Run Behavior\BuildLiteBehavior [ RunTime:0.000012s ]
INFO: [ app_init ] --END-- [ RunTime:0.000308s ]
INFO: [ app_begin ] --START--
INFO: Run Behavior\ReadHtmlCacheBehavior [ RunTime:0.000459s ]
INFO: [ app_begin ] --END-- [ RunTime:0.000522s ]
NOTIC: [8] Undefined index: suit /Users/NaDou329/CCIR_master/Application/Home/Controller/ContestController.class.php 第 11 行.
SQL: SHOW COLUMNS FROM `c_contest` [ RunTime:0.0016s ]
SQL: SELECT * FROM `c_contest` INNER JOIN c_type on c_contest.typeId=c_type.typeId  WHERE ( contestId=20 ) LIMIT 1   [ RunTime:0.0004s ]
INFO: [ view_parse ] --START--
INFO: [ template_filter ] --START--
INFO: Run Behavior\ContentReplaceBehavior [ RunTime:0.000164s ]
INFO: [ template_filter ] --END-- [ RunTime:0.000212s ]
INFO: Run Behavior\ParseTemplateBehavior [ RunTime:0.009868s ]
INFO: [ view_parse ] --END-- [ RunTime:0.009934s ]
INFO: [ view_filter ] --START--
INFO: Run Behavior\WriteHtmlCacheBehavior [ RunTime:0.000170s ]
INFO: [ view_filter ] --END-- [ RunTime:0.000209s ]
INFO: [ app_end ] --START--
INFO: Run Behavior\ShowPageTraceBehavior [ RunTime:0.000570s ]
INFO: [ app_end ] --END-- [ RunTime:0.000657s ]

[ 2018-01-03T21:41:40+08:00 ] ::1 /CCIR_master/index.php/Home/Contest/detailContest/id/20
INFO: [ app_init ] --START--
INFO: Run Behavior\BuildLiteBehavior [ RunTime:0.000021s ]
INFO: [ app_init ] --END-- [ RunTime:0.000917s ]
INFO: [ app_begin ] --START--
INFO: Run Behavior\ReadHtmlCacheBehavior [ RunTime:0.000381s ]
INFO: [ app_begin ] --END-- [ RunTime:0.000426s ]
NOTIC: [8] Undefined index: suit /Users/NaDou329/CCIR_master/Application/Home/Controller/ContestController.class.php 第 11 行.
SQL: SHOW COLUMNS FROM `c_contest` [ RunTime:0.0032s ]
SQL: SELECT * FROM `c_contest` INNER JOIN c_type on c_contest.typeId=c_type.typeId  WHERE ( contestId=20 ) LIMIT 1   [ RunTime:0.0004s ]
INFO: [ view_parse ] --START--
INFO: [ template_filter ] --START--
INFO: Run Behavior\ContentReplaceBehavior [ RunTime:0.000130s ]
INFO: [ template_filter ] --END-- [ RunTime:0.000176s ]
INFO: Run Behavior\ParseTemplateBehavior [ RunTime:0.009831s ]
INFO: [ view_parse ] --END-- [ RunTime:0.009890s ]
INFO: [ view_filter ] --START--
INFO: Run Behavior\WriteHtmlCacheBehavior [ RunTime:0.000152s ]
INFO: [ view_filter ] --END-- [ RunTime:0.000180s ]
INFO: [ app_end ] --START--
INFO: Run Behavior\ShowPageTraceBehavior [ RunTime:0.000644s ]
INFO: [ app_end ] --END-- [ RunTime:0.000714s ]

[ 2018-01-03T22:14:40+08:00 ] ::1 /CCIR_master/index.php/Home/Contest/detailContest/id/webindex.html
INFO: [ app_init ] --START--
INFO: Run Behavior\BuildLiteBehavior [ RunTime:0.000011s ]
INFO: [ app_init ] --END-- [ RunTime:0.000273s ]
INFO: [ app_begin ] --START--
INFO: Run Behavior\ReadHtmlCacheBehavior [ RunTime:0.000370s ]
INFO: [ app_begin ] --END-- [ RunTime:0.000406s ]
NOTIC: [8] Undefined index: suit /Users/NaDou329/CCIR_master/Application/Home/Controller/ContestController.class.php 第 11 行.
SQL: SHOW COLUMNS FROM `c_contest` [ RunTime:0.0021s ]
ERR: 1054:Unknown column 'webindex' in 'where clause'
 [ SQL语句 ] : SELECT * FROM `c_contest` INNER JOIN c_type on c_contest.typeId=c_type.typeId  WHERE ( contestId=webindex ) LIMIT 1  
ERR: 1054:Unknown column 'webindex' in 'where clause'
 [ SQL语句 ] : SELECT * FROM `c_contest` INNER JOIN c_type on c_contest.typeId=c_type.typeId  WHERE ( contestId=webindex ) LIMIT 1  

[ 2018-01-03T22:15:45+08:00 ] ::1 /CCIR_master/index.php/Home/Contest/detailContest/id/20
INFO: [ app_init ] --START--
INFO: Run Behavior\BuildLiteBehavior [ RunTime:0.000016s ]
INFO: [ app_init ] --END-- [ RunTime:0.000398s ]
INFO: [ app_begin ] --START--
INFO: Run Behavior\ReadHtmlCacheBehavior [ RunTime:0.000532s ]
INFO: [ app_begin ] --END-- [ RunTime:0.000592s ]
NOTIC: [8] Undefined index: suit /Users/NaDou329/CCIR_master/Application/Home/Controller/ContestController.class.php 第 11 行.
SQL: SHOW COLUMNS FROM `c_contest` [ RunTime:0.0016s ]
SQL: SELECT * FROM `c_contest` INNER JOIN c_type on c_contest.typeId=c_type.typeId  WHERE ( contestId=20 ) LIMIT 1   [ RunTime:0.0005s ]
INFO: [ view_parse ] --START--
INFO: [ template_filter ] --START--
INFO: Run Behavior\ContentReplaceBehavior [ RunTime:0.000155s ]
INFO: [ template_filter ] --END-- [ RunTime:0.000219s ]
INFO: Run Behavior\ParseTemplateBehavior [ RunTime:0.008531s ]
INFO: [ view_parse ] --END-- [ RunTime:0.008625s ]
INFO: [ view_filter ] --START--
INFO: Run Behavior\WriteHtmlCacheBehavior [ RunTime:0.000234s ]
INFO: [ view_filter ] --END-- [ RunTime:0.000280s ]
INFO: [ app_end ] --START--
INFO: Run Behavior\ShowPageTraceBehavior [ RunTime:0.000618s ]
INFO: [ app_end ] --END-- [ RunTime:0.000684s ]

[ 2018-01-03T22:15:47+08:00 ] ::1 /CCIR_master/index.php/Home/Contest/detailContest/id/webindex.html
INFO: [ app_init ] --START--
INFO: Run Behavior\BuildLiteBehavior [ RunTime:0.000043s ]
INFO: [ app_init ] --END-- [ RunTime:0.000623s ]
INFO: [ app_begin ] --START--
INFO: Run Behavior\ReadHtmlCacheBehavior [ RunTime:0.000472s ]
INFO: [ app_begin ] --END-- [ RunTime:0.000529s ]
NOTIC: [8] Undefined index: suit /Users/NaDou329/CCIR_master/Application/Home/Controller/ContestController.class.php 第 11 行.
SQL: SHOW COLUMNS FROM `c_contest` [ RunTime:0.0022s ]
ERR: 1054:Unknown column 'webindex' in 'where clause'
 [ SQL语句 ] : SELECT * FROM `c_contest` INNER JOIN c_type on c_contest.typeId=c_type.typeId  WHERE ( contestId=webindex ) LIMIT 1  
ERR: 1054:Unknown column 'webindex' in 'where clause'
 [ SQL语句 ] : SELECT * FROM `c_contest` INNER JOIN c_type on c_contest.typeId=c_type.typeId  WHERE ( contestId=webindex ) LIMIT 1  

[ 2018-01-03T22:15:53+08:00 ] ::1 /CCIR_master/index.php/Home/Index/xnsy.html
INFO: [ app_init ] --START--
INFO: Run Behavior\BuildLiteBehavior [ RunTime:0.000012s ]
INFO: [ app_init ] --END-- [ RunTime:0.000270s ]
INFO: [ app_begin ] --START--
INFO: Run Behavior\ReadHtmlCacheBehavior [ RunTime:0.000341s ]
INFO: [ app_begin ] --END-- [ RunTime:0.000376s ]
ERR: 非法操作:xnsy

[ 2018-01-03T22:15:58+08:00 ] ::1 /CCIR_master/index.php/Home/Contest/detailContest/id/20
INFO: [ app_init ] --START--
INFO: Run Behavior\BuildLiteBehavior [ RunTime:0.000011s ]
INFO: [ app_init ] --END-- [ RunTime:0.000275s ]
INFO: [ app_begin ] --START--
INFO: Run Behavior\ReadHtmlCacheBehavior [ RunTime:0.000339s ]
INFO: [ app_begin ] --END-- [ RunTime:0.000375s ]
NOTIC: [8] Undefined index: suit /Users/NaDou329/CCIR_master/Application/Home/Controller/ContestController.class.php 第 11 行.
SQL: SHOW COLUMNS FROM `c_contest` [ RunTime:0.0021s ]
SQL: SELECT * FROM `c_contest` INNER JOIN c_type on c_contest.typeId=c_type.typeId  WHERE ( contestId=20 ) LIMIT 1   [ RunTime:0.0005s ]
INFO: [ view_parse ] --START--
INFO: [ template_filter ] --START--
INFO: Run Behavior\ContentReplaceBehavior [ RunTime:0.000166s ]
INFO: [ template_filter ] --END-- [ RunTime:0.000232s ]
INFO: Run Behavior\ParseTemplateBehavior [ RunTime:0.006861s ]
INFO: [ view_parse ] --END-- [ RunTime:0.006906s ]
INFO: [ view_filter ] --START--
INFO: Run Behavior\WriteHtmlCacheBehavior [ RunTime:0.000144s ]
INFO: [ view_filter ] --END-- [ RunTime:0.000171s ]
INFO: [ app_end ] --START--
INFO: Run Behavior\ShowPageTraceBehavior [ RunTime:0.000876s ]
INFO: [ app_end ] --END-- [ RunTime:0.000960s ]

[ 2018-01-03T22:17:18+08:00 ] ::1 /CCIR_master/index.php/Home/Contest/detailContest/id/20
INFO: [ app_init ] --START--
INFO: Run Behavior\BuildLiteBehavior [ RunTime:0.000016s ]
INFO: [ app_init ] --END-- [ RunTime:0.000375s ]
INFO: [ app_begin ] --START--
INFO: Run Behavior\ReadHtmlCacheBehavior [ RunTime:0.000539s ]
INFO: [ app_begin ] --END-- [ RunTime:0.000595s ]
NOTIC: [8] Undefined index: suit /Users/NaDou329/CCIR_master/Application/Home/Controller/ContestController.class.php 第 11 行.
SQL: SHOW COLUMNS FROM `c_contest` [ RunTime:0.0023s ]
SQL: SELECT * FROM `c_contest` INNER JOIN c_type on c_contest.typeId=c_type.typeId  WHERE ( contestId=20 ) LIMIT 1   [ RunTime:0.0004s ]
INFO: [ view_parse ] --START--
INFO: [ template_filter ] --START--
INFO: Run Behavior\ContentReplaceBehavior [ RunTime:0.000149s ]
INFO: [ template_filter ] --END-- [ RunTime:0.000223s ]
INFO: Run Behavior\ParseTemplateBehavior [ RunTime:0.007063s ]
INFO: [ view_parse ] --END-- [ RunTime:0.007111s ]
INFO: [ view_filter ] --START--
INFO: Run Behavior\WriteHtmlCacheBehavior [ RunTime:0.000147s ]
INFO: [ view_filter ] --END-- [ RunTime:0.000177s ]
INFO: [ app_end ] --START--
INFO: Run Behavior\ShowPageTraceBehavior [ RunTime:0.001109s ]
INFO: [ app_end ] --END-- [ RunTime:0.001185s ]

[ 2018-01-03T22:17:20+08:00 ] ::1 /CCIR_master/index.php/Home/Index/index.html
INFO: [ app_init ] --START--
INFO: Run Behavior\BuildLiteBehavior [ RunTime:0.000011s ]
INFO: [ app_init ] --END-- [ RunTime:0.000306s ]
INFO: [ app_begin ] --START--
INFO: Run Behavior\ReadHtmlCacheBehavior [ RunTime:0.000352s ]
INFO: [ app_begin ] --END-- [ RunTime:0.000389s ]
SQL: SHOW COLUMNS FROM `c_user` [ RunTime:0.0021s ]
SQL: SELECT * FROM `c_user` WHERE `userId` = 1 LIMIT 1   [ RunTime:0.0002s ]
SQL: SHOW COLUMNS FROM `c_contest` [ RunTime:0.0015s ]
SQL: SELECT * FROM `c_contest` INNER JOIN c_type on c_contest.typeId=c_type.typeId  ORDER BY createtime desc LIMIT 2   [ RunTime:0.0004s ]
SQL: SELECT * FROM `c_contest` ORDER BY postNum desc LIMIT 2   [ RunTime:0.0002s ]
SQL: SHOW COLUMNS FROM `c_type` [ RunTime:0.0011s ]
SQL: SELECT * FROM `c_type`  [ RunTime:0.0002s ]
NOTIC: [8] Undefined index: privilegeid /Users/NaDou329/CCIR_master/Application/Component/Classify.class.php 第 33 行.
NOTIC: [8] Undefined index: privilegeid /Users/NaDou329/CCIR_master/Application/Component/Classify.class.php 第 33 行.
NOTIC: [8] Undefined index: privilegeid /Users/NaDou329/CCIR_master/Application/Component/Classify.class.php 第 33 行.
NOTIC: [8] Undefined index: privilegeid /Users/NaDou329/CCIR_master/Application/Component/Classify.class.php 第 33 行.
NOTIC: [8] Undefined index: privilegeid /Users/NaDou329/CCIR_master/Application/Component/Classify.class.php 第 33 行.
NOTIC: [8] Undefined index: privilegeid /Users/NaDou329/CCIR_master/Application/Component/Classify.class.php 第 33 行.
NOTIC: [8] Undefined index: privilegeid /Users/NaDou329/CCIR_master/Application/Component/Classify.class.php 第 33 行.
NOTIC: [8] Undefined index: privilegeid /Users/NaDou329/CCIR_master/Application/Component/Classify.class.php 第 33 行.
NOTIC: [8] Undefined index: privilegeid /Users/NaDou329/CCIR_master/Application/Component/Classify.class.php 第 33 行.
NOTIC: [8] Undefined index: privilegeid /Users/NaDou329/CCIR_master/Application/Component/Classify.class.php 第 33 行.
SQL: SHOW COLUMNS FROM `c_group` [ RunTime:0.0010s ]
INFO: [ view_parse ] --START--
INFO: [ template_filter ] --START--
INFO: Run Behavior\ContentReplaceBehavior [ RunTime:0.000196s ]
INFO: [ template_filter ] --END-- [ RunTime:0.000239s ]
NOTIC: [8] Undefined index: typeId /Users/NaDou329/CCIR_master/Application/Runtime/Cache/Home/2a94b8bda04ff446dcedd42276fc99ee.php 第 345 行.
NOTIC: [8] Undefined index: typeId /Users/NaDou329/CCIR_master/Application/Runtime/Cache/Home/2a94b8bda04ff446dcedd42276fc99ee.php 第 345 行.
NOTIC: [8] Undefined index: typeId /Users/NaDou329/CCIR_master/Application/Runtime/Cache/Home/2a94b8bda04ff446dcedd42276fc99ee.php 第 345 行.
NOTIC: [8] Undefined index: typeId /Users/NaDou329/CCIR_master/Application/Runtime/Cache/Home/2a94b8bda04ff446dcedd42276fc99ee.php 第 345 行.
NOTIC: [8] Undefined index: typeId /Users/NaDou329/CCIR_master/Application/Runtime/Cache/Home/2a94b8bda04ff446dcedd42276fc99ee.php 第 345 行.
NOTIC: [8] Undefined index: typeId /Users/NaDou329/CCIR_master/Application/Runtime/Cache/Home/2a94b8bda04ff446dcedd42276fc99ee.php 第 345 行.
NOTIC: [8] Undefined index: typeId /Users/NaDou329/CCIR_master/Application/Runtime/Cache/Home/2a94b8bda04ff446dcedd42276fc99ee.php 第 345 行.
NOTIC: [8] Undefined index: typeId /Users/NaDou329/CCIR_master/Application/Runtime/Cache/Home/2a94b8bda04ff446dcedd42276fc99ee.php 第 345 行.
NOTIC: [8] Undefined index: typeId /Users/NaDou329/CCIR_master/Application/Runtime/Cache/Home/2a94b8bda04ff446dcedd42276fc99ee.php 第 345 行.
NOTIC: [8] Undefined index: typeId /Users/NaDou329/CCIR_master/Application/Runtime/Cache/Home/2a94b8bda04ff446dcedd42276fc99ee.php 第 345 行.
NOTIC: [8] Undefined index: typeId /Users/NaDou329/CCIR_master/Application/Runtime/Cache/Home/2a94b8bda04ff446dcedd42276fc99ee.php 第 345 行.
NOTIC: [8] Undefined index: typeId /Users/NaDou329/CCIR_master/Application/Runtime/Cache/Home/2a94b8bda04ff446dcedd42276fc99ee.php 第 345 行.
NOTIC: [8] Undefined index: typeId /Users/NaDou329/CCIR_master/Application/Runtime/Cache/Home/2a94b8bda04ff446dcedd42276fc99ee.php 第 345 行.
NOTIC: [8] Undefined index: typeId /Users/NaDou329/CCIR_master/Application/Runtime/Cache/Home/2a94b8bda04ff446dcedd42276fc99ee.php 第 345 行.
NOTIC: [8] Undefined index: typeId /Users/NaDou329/CCIR_master/Application/Runtime/Cache/Home/2a94b8bda04ff446dcedd42276fc99ee.php 第 345 行.
INFO: Run Behavior\ParseTemplateBehavior [ RunTime:0.009734s ]
INFO: [ view_parse ] --END-- [ RunTime:0.009770s ]
INFO: [ view_filter ] --START--
INFO: Run Behavior\WriteHtmlCacheBehavior [ RunTime:0.000152s ]
INFO: [ view_filter ] --END-- [ RunTime:0.000182s ]
INFO: [ app_end ] --START--
INFO: Run Behavior\ShowPageTraceBehavior [ RunTime:0.000544s ]
INFO: [ app_end ] --END-- [ RunTime:0.000612s ]

[ 2018-01-03T22:17:22+08:00 ] ::1 /CCIR_master/index.php/Home/Index/xnsy.html
INFO: [ app_init ] --START--
INFO: Run Behavior\BuildLiteBehavior [ RunTime:0.000012s ]
INFO: [ app_init ] --END-- [ RunTime:0.000325s ]
INFO: [ app_begin ] --START--
INFO: Run Behavior\ReadHtmlCacheBehavior [ RunTime:0.000381s ]
INFO: [ app_begin ] --END-- [ RunTime:0.000420s ]
ERR: 非法操作:xnsy

[ 2018-01-03T22:17:46+08:00 ] ::1 /CCIR_master/index.php/Home/Contest/detailContest/id/20
INFO: [ app_init ] --START--
INFO: Run Behavior\BuildLiteBehavior [ RunTime:0.000011s ]
INFO: [ app_init ] --END-- [ RunTime:0.000275s ]
INFO: [ app_begin ] --START--
INFO: Run Behavior\ReadHtmlCacheBehavior [ RunTime:0.000354s ]
INFO: [ app_begin ] --END-- [ RunTime:0.000391s ]
NOTIC: [8] Undefined index: suit /Users/NaDou329/CCIR_master/Application/Home/Controller/ContestController.class.php 第 11 行.
SQL: SHOW COLUMNS FROM `c_contest` [ RunTime:0.0032s ]
SQL: SELECT * FROM `c_contest` INNER JOIN c_type on c_contest.typeId=c_type.typeId  WHERE ( contestId=20 ) LIMIT 1   [ RunTime:0.0003s ]
INFO: [ view_parse ] --START--
INFO: [ template_filter ] --START--
INFO: Run Behavior\ContentReplaceBehavior [ RunTime:0.000127s ]
INFO: [ template_filter ] --END-- [ RunTime:0.000165s ]
INFO: Run Behavior\ParseTemplateBehavior [ RunTime:0.006412s ]
INFO: [ view_parse ] --END-- [ RunTime:0.006450s ]
INFO: [ view_filter ] --START--
INFO: Run Behavior\WriteHtmlCacheBehavior [ RunTime:0.000130s ]
INFO: [ view_filter ] --END-- [ RunTime:0.000157s ]
INFO: [ app_end ] --START--
INFO: Run Behavior\ShowPageTraceBehavior [ RunTime:0.000928s ]
INFO: [ app_end ] --END-- [ RunTime:0.001012s ]

[ 2018-01-03T22:19:48+08:00 ] ::1 /CCIR_master/index.php/Home/Contest/detailContest/id/20
INFO: [ app_init ] --START--
INFO: Run Behavior\BuildLiteBehavior [ RunTime:0.000011s ]
INFO: [ app_init ] --END-- [ RunTime:0.000276s ]
INFO: [ app_begin ] --START--
INFO: Run Behavior\ReadHtmlCacheBehavior [ RunTime:0.000337s ]
INFO: [ app_begin ] --END-- [ RunTime:0.000373s ]
NOTIC: [8] Undefined index: suit /Users/NaDou329/CCIR_master/Application/Home/Controller/ContestController.class.php 第 11 行.
SQL: SHOW COLUMNS FROM `c_contest` [ RunTime:0.0031s ]
SQL: SELECT * FROM `c_contest` INNER JOIN c_type on c_contest.typeId=c_type.typeId  WHERE ( contestId=20 ) LIMIT 1   [ RunTime:0.0005s ]
INFO: [ view_parse ] --START--
INFO: [ template_filter ] --START--
INFO: Run Behavior\ContentReplaceBehavior [ RunTime:0.000130s ]
INFO: [ template_filter ] --END-- [ RunTime:0.000172s ]
INFO: Run Behavior\ParseTemplateBehavior [ RunTime:0.006934s ]
INFO: [ view_parse ] --END-- [ RunTime:0.006985s ]
INFO: [ view_filter ] --START--
INFO: Run Behavior\WriteHtmlCacheBehavior [ RunTime:0.000608s ]
INFO: [ view_filter ] --END-- [ RunTime:0.000676s ]
INFO: [ app_end ] --START--
INFO: Run Behavior\ShowPageTraceBehavior [ RunTime:0.000666s ]
INFO: [ app_end ] --END-- [ RunTime:0.000740s ]

[ 2018-01-03T22:20:16+08:00 ] ::1 /CCIR_master/index.php/Home/Contest/detailContest/id/20
INFO: [ app_init ] --START--
INFO: Run Behavior\BuildLiteBehavior [ RunTime:0.000019s ]
INFO: [ app_init ] --END-- [ RunTime:0.000438s ]
INFO: [ app_begin ] --START--
INFO: Run Behavior\ReadHtmlCacheBehavior [ RunTime:0.000533s ]
INFO: [ app_begin ] --END-- [ RunTime:0.000629s ]
NOTIC: [8] Undefined index: suit /Users/NaDou329/CCIR_master/Application/Home/Controller/ContestController.class.php 第 11 行.
SQL: SHOW COLUMNS FROM `c_contest` [ RunTime:0.0014s ]
SQL: SELECT * FROM `c_contest` INNER JOIN c_type on c_contest.typeId=c_type.typeId  WHERE ( contestId=20 ) LIMIT 1   [ RunTime:0.0007s ]
INFO: [ view_parse ] --START--
INFO: [ template_filter ] --START--
INFO: Run Behavior\ContentReplaceBehavior [ RunTime:0.000138s ]
INFO: [ template_filter ] --END-- [ RunTime:0.000183s ]
INFO: Run Behavior\ParseTemplateBehavior [ RunTime:0.007176s ]
INFO: [ view_parse ] --END-- [ RunTime:0.007236s ]
INFO: [ view_filter ] --START--
INFO: Run Behavior\WriteHtmlCacheBehavior [ RunTime:0.000158s ]
INFO: [ view_filter ] --END-- [ RunTime:0.000190s ]
INFO: [ app_end ] --START--
INFO: Run Behavior\ShowPageTraceBehavior [ RunTime:0.000572s ]
INFO: [ app_end ] --END-- [ RunTime:0.000644s ]

[ 2018-01-03T22:20:52+08:00 ] ::1 /CCIR_master/index.php/Home/Contest/detailContest/id/20
INFO: [ app_init ] --START--
INFO: Run Behavior\BuildLiteBehavior [ RunTime:0.000011s ]
INFO: [ app_init ] --END-- [ RunTime:0.000268s ]
INFO: [ app_begin ] --START--
INFO: Run Behavior\ReadHtmlCacheBehavior [ RunTime:0.000404s ]
INFO: [ app_begin ] --END-- [ RunTime:0.000445s ]
NOTIC: [8] Undefined index: suit /Users/NaDou329/CCIR_master/Application/Home/Controller/ContestController.class.php 第 11 行.
SQL: SHOW COLUMNS FROM `c_contest` [ RunTime:0.0021s ]
SQL: SELECT * FROM `c_contest` INNER JOIN c_type on c_contest.typeId=c_type.typeId  WHERE ( contestId=20 ) LIMIT 1   [ RunTime:0.0004s ]
INFO: [ view_parse ] --START--
INFO: [ template_filter ] --START--
INFO: Run Behavior\ContentReplaceBehavior [ RunTime:0.000129s ]
INFO: [ template_filter ] --END-- [ RunTime:0.000173s ]
INFO: Run Behavior\ParseTemplateBehavior [ RunTime:0.007565s ]
INFO: [ view_parse ] --END-- [ RunTime:0.007614s ]
INFO: [ view_filter ] --START--
INFO: Run Behavior\WriteHtmlCacheBehavior [ RunTime:0.000315s ]
INFO: [ view_filter ] --END-- [ RunTime:0.000371s ]
INFO: [ app_end ] --START--
INFO: Run Behavior\ShowPageTraceBehavior [ RunTime:0.000955s ]
INFO: [ app_end ] --END-- [ RunTime:0.001129s ]

[ 2018-01-03T22:21:05+08:00 ] ::1 /CCIR_master/index.php/Home/Contest/detailContest/id/20
INFO: [ app_init ] --START--
INFO: Run Behavior\BuildLiteBehavior [ RunTime:0.000020s ]
INFO: [ app_init ] --END-- [ RunTime:0.000466s ]
INFO: [ app_begin ] --START--
INFO: Run Behavior\ReadHtmlCacheBehavior [ RunTime:0.000533s ]
INFO: [ app_begin ] --END-- [ RunTime:0.000597s ]
NOTIC: [8] Undefined index: suit /Users/NaDou329/CCIR_master/Application/Home/Controller/ContestController.class.php 第 11 行.
SQL: SHOW COLUMNS FROM `c_contest` [ RunTime:0.0024s ]
SQL: SELECT * FROM `c_contest` INNER JOIN c_type on c_contest.typeId=c_type.typeId  WHERE ( contestId=20 ) LIMIT 1   [ RunTime:0.0004s ]
INFO: [ view_parse ] --START--
INFO: [ template_filter ] --START--
INFO: Run Behavior\ContentReplaceBehavior [ RunTime:0.000131s ]
INFO: [ template_filter ] --END-- [ RunTime:0.000179s ]
INFO: Run Behavior\ParseTemplateBehavior [ RunTime:0.007785s ]
INFO: [ view_parse ] --END-- [ RunTime:0.007850s ]
INFO: [ view_filter ] --START--
INFO: Run Behavior\WriteHtmlCacheBehavior [ RunTime:0.000177s ]
INFO: [ view_filter ] --END-- [ RunTime:0.000215s ]
INFO: [ app_end ] --START--
INFO: Run Behavior\ShowPageTraceBehavior [ RunTime:0.000502s ]
INFO: [ app_end ] --END-- [ RunTime:0.000553s ]

[ 2018-01-03T22:21:46+08:00 ] ::1 /CCIR_master/index.php/Home/Contest/detailContest/id/xnsy.html
INFO: [ app_init ] --START--
INFO: Run Behavior\BuildLiteBehavior [ RunTime:0.000010s ]
INFO: [ app_init ] --END-- [ RunTime:0.000253s ]
INFO: [ app_begin ] --START--
INFO: Run Behavior\ReadHtmlCacheBehavior [ RunTime:0.000334s ]
INFO: [ app_begin ] --END-- [ RunTime:0.000369s ]
NOTIC: [8] Undefined index: suit /Users/NaDou329/CCIR_master/Application/Home/Controller/ContestController.class.php 第 11 行.
SQL: SHOW COLUMNS FROM `c_contest` [ RunTime:0.0021s ]
ERR: 1054:Unknown column 'xnsy' in 'where clause'
 [ SQL语句 ] : SELECT * FROM `c_contest` INNER JOIN c_type on c_contest.typeId=c_type.typeId  WHERE ( contestId=xnsy ) LIMIT 1  
ERR: 1054:Unknown column 'xnsy' in 'where clause'
 [ SQL语句 ] : SELECT * FROM `c_contest` INNER JOIN c_type on c_contest.typeId=c_type.typeId  WHERE ( contestId=xnsy ) LIMIT 1  

[ 2018-01-03T22:25:11+08:00 ] ::1 /CCIR_master/index.php/Home/Contest/detailContest/id/20
INFO: [ app_init ] --START--
INFO: Run Behavior\BuildLiteBehavior [ RunTime:0.000048s ]
INFO: [ app_init ] --END-- [ RunTime:0.001436s ]
INFO: [ app_begin ] --START--
INFO: Run Behavior\ReadHtmlCacheBehavior [ RunTime:0.000593s ]
INFO: [ app_begin ] --END-- [ RunTime:0.000649s ]
NOTIC: [8] Undefined index: suit /Users/NaDou329/CCIR_master/Application/Home/Controller/ContestController.class.php 第 11 行.
SQL: SHOW COLUMNS FROM `c_contest` [ RunTime:0.0013s ]
SQL: SELECT * FROM `c_contest` INNER JOIN c_type on c_contest.typeId=c_type.typeId  WHERE ( contestId=20 ) LIMIT 1   [ RunTime:0.0004s ]
INFO: [ view_parse ] --START--
INFO: [ template_filter ] --START--
INFO: Run Behavior\ContentReplaceBehavior [ RunTime:0.000147s ]
INFO: [ template_filter ] --END-- [ RunTime:0.000194s ]
INFO: Run Behavior\ParseTemplateBehavior [ RunTime:0.008168s ]
INFO: [ view_parse ] --END-- [ RunTime:0.008250s ]
INFO: [ view_filter ] --START--
INFO: Run Behavior\WriteHtmlCacheBehavior [ RunTime:0.000564s ]
INFO: [ view_filter ] --END-- [ RunTime:0.000630s ]
INFO: [ app_end ] --START--
INFO: Run Behavior\ShowPageTraceBehavior [ RunTime:0.000888s ]
INFO: [ app_end ] --END-- [ RunTime:0.000960s ]

[ 2018-01-03T22:25:27+08:00 ] ::1 /CCIR_master/index.php/Home/Contest/detailContest/id/20
INFO: [ app_init ] --START--
INFO: Run Behavior\BuildLiteBehavior [ RunTime:0.000013s ]
INFO: [ app_init ] --END-- [ RunTime:0.000332s ]
INFO: [ app_begin ] --START--
INFO: Run Behavior\ReadHtmlCacheBehavior [ RunTime:0.000369s ]
INFO: [ app_begin ] --END-- [ RunTime:0.000410s ]
NOTIC: [8] Undefined index: suit /Users/NaDou329/CCIR_master/Application/Home/Controller/ContestController.class.php 第 11 行.
SQL: SHOW COLUMNS FROM `c_contest` [ RunTime:0.0021s ]
SQL: SELECT * FROM `c_contest` INNER JOIN c_type on c_contest.typeId=c_type.typeId  WHERE ( contestId=20 ) LIMIT 1   [ RunTime:0.0006s ]
INFO: [ view_parse ] --START--
INFO: [ template_filter ] --START--
INFO: Run Behavior\ContentReplaceBehavior [ RunTime:0.000142s ]
INFO: [ template_filter ] --END-- [ RunTime:0.000196s ]
INFO: Run Behavior\ParseTemplateBehavior [ RunTime:0.007812s ]
INFO: [ view_parse ] --END-- [ RunTime:0.007865s ]
INFO: [ view_filter ] --START--
INFO: Run Behavior\WriteHtmlCacheBehavior [ RunTime:0.000161s ]
INFO: [ view_filter ] --END-- [ RunTime:0.000190s ]
INFO: [ app_end ] --START--
INFO: Run Behavior\ShowPageTraceBehavior [ RunTime:0.000559s ]
INFO: [ app_end ] --END-- [ RunTime:0.000637s ]

[ 2018-01-03T22:25:28+08:00 ] ::1 /CCIR_master/index.php/Home/Contest/detailContest/id/20
INFO: [ app_init ] --START--
INFO: Run Behavior\BuildLiteBehavior [ RunTime:0.000010s ]
INFO: [ app_init ] --END-- [ RunTime:0.000257s ]
INFO: [ app_begin ] --START--
INFO: Run Behavior\ReadHtmlCacheBehavior [ RunTime:0.000336s ]
INFO: [ app_begin ] --END-- [ RunTime:0.000371s ]
NOTIC: [8] Undefined index: suit /Users/NaDou329/CCIR_master/Application/Home/Controller/ContestController.class.php 第 11 行.
SQL: SHOW COLUMNS FROM `c_contest` [ RunTime:0.0021s ]
SQL: SELECT * FROM `c_contest` INNER JOIN c_type on c_contest.typeId=c_type.typeId  WHERE ( contestId=20 ) LIMIT 1   [ RunTime:0.0003s ]
INFO: [ view_parse ] --START--
INFO: [ template_filter ] --START--
INFO: Run Behavior\ContentReplaceBehavior [ RunTime:0.000135s ]
INFO: [ template_filter ] --END-- [ RunTime:0.000180s ]
INFO: Run Behavior\ParseTemplateBehavior [ RunTime:0.007151s ]
INFO: [ view_parse ] --END-- [ RunTime:0.007193s ]
INFO: [ view_filter ] --START--
INFO: Run Behavior\WriteHtmlCacheBehavior [ RunTime:0.000136s ]
INFO: [ view_filter ] --END-- [ RunTime:0.000167s ]
INFO: [ app_end ] --START--
INFO: Run Behavior\ShowPageTraceBehavior [ RunTime:0.001361s ]
INFO: [ app_end ] --END-- [ RunTime:0.001460s ]

[ 2018-01-03T22:27:58+08:00 ] ::1 /CCIR_master/index.php/Home/Contest/detailContest/id/20
INFO: [ app_init ] --START--
INFO: Run Behavior\BuildLiteBehavior [ RunTime:0.000015s ]
INFO: [ app_init ] --END-- [ RunTime:0.000622s ]
INFO: [ app_begin ] --START--
INFO: Run Behavior\ReadHtmlCacheBehavior [ RunTime:0.000669s ]
INFO: [ app_begin ] --END-- [ RunTime:0.000722s ]
NOTIC: [8] Undefined index: suit /Users/NaDou329/CCIR_master/Application/Home/Controller/ContestController.class.php 第 11 行.
SQL: SHOW COLUMNS FROM `c_contest` [ RunTime:0.0012s ]
SQL: SELECT * FROM `c_contest` INNER JOIN c_type on c_contest.typeId=c_type.typeId  WHERE ( contestId=20 ) LIMIT 1   [ RunTime:0.0004s ]
INFO: [ view_parse ] --START--
INFO: [ template_filter ] --START--
INFO: Run Behavior\ContentReplaceBehavior [ RunTime:0.000147s ]
INFO: [ template_filter ] --END-- [ RunTime:0.000215s ]
INFO: Run Behavior\ParseTemplateBehavior [ RunTime:0.009567s ]
INFO: [ view_parse ] --END-- [ RunTime:0.009624s ]
INFO: [ view_filter ] --START--
INFO: Run Behavior\WriteHtmlCacheBehavior [ RunTime:0.000377s ]
INFO: [ view_filter ] --END-- [ RunTime:0.000418s ]
INFO: [ app_end ] --START--
INFO: Run Behavior\ShowPageTraceBehavior [ RunTime:0.000739s ]
INFO: [ app_end ] --END-- [ RunTime:0.000825s ]

