[ 2018-01-23T03:54:45+08:00 ] ::1 /CCIR_master/Public/Home/css/jquery.ui.base.css
INFO: [ app_init ] --START--
INFO: Run Behavior\BuildLiteBehavior [ RunTime:0.000028s ]
INFO: [ app_init ] --END-- [ RunTime:0.000594s ]
ERR: 无法加载模块:Public

[ 2018-01-23T03:54:45+08:00 ] ::1 /CCIR_master/Public/Home/css/font-awesome.min.css
INFO: [ app_init ] --START--
INFO: Run Behavior\BuildLiteBehavior [ RunTime:0.000026s ]
INFO: [ app_init ] --END-- [ RunTime:0.000547s ]
ERR: 无法加载模块:Public

[ 2018-01-23T03:54:45+08:00 ] ::1 /CCIR_master/Public/Home/css/jquery.ui.theme.css
INFO: [ app_init ] --START--
INFO: Run Behavior\BuildLiteBehavior [ RunTime:0.000025s ]
INFO: [ app_init ] --END-- [ RunTime:0.000814s ]
ERR: 无法加载模块:Public

[ 2018-01-23T03:54:45+08:00 ] ::1 /CCIR_master/Public/Home/js/message.js
INFO: [ app_init ] --START--
INFO: Run Behavior\BuildLiteBehavior [ RunTime:0.000022s ]
INFO: [ app_init ] --END-- [ RunTime:0.000516s ]
ERR: 无法加载模块:Public

[ 2018-01-23T03:54:53+08:00 ] ::1 /CCIR_master/Public/Admin/loginjs//jquery.mCustomScrollbar.css
INFO: [ app_init ] --START--
INFO: Run Behavior\BuildLiteBehavior [ RunTime:0.000059s ]
INFO: [ app_init ] --END-- [ RunTime:0.002005s ]
ERR: 无法加载模块:Public

[ 2018-01-23T03:54:53+08:00 ] ::1 /CCIR_master/Public/Admin/loginjs//font/adminthemes-webfont.woff2
INFO: [ app_init ] --START--
INFO: Run Behavior\BuildLiteBehavior [ RunTime:0.000013s ]
INFO: [ app_init ] --END-- [ RunTime:0.000323s ]
ERR: 无法加载模块:Public

[ 2018-01-23T03:54:53+08:00 ] ::1 /CCIR_master/Public/Admin/loginjs//font/adminthemes-webfont.woff
INFO: [ app_init ] --START--
INFO: Run Behavior\BuildLiteBehavior [ RunTime:0.000011s ]
INFO: [ app_init ] --END-- [ RunTime:0.000283s ]
ERR: 无法加载模块:Public

[ 2018-01-23T03:54:53+08:00 ] ::1 /CCIR_master/Public/Admin/loginjs//font/adminthemes-webfont.ttf
INFO: [ app_init ] --START--
INFO: Run Behavior\BuildLiteBehavior [ RunTime:0.000069s ]
INFO: [ app_init ] --END-- [ RunTime:0.001406s ]
ERR: 无法加载模块:Public

[ 2018-01-23T04:27:09+08:00 ] ::1 /CCIR_master/Public/Admin/loginjs//jquery.mCustomScrollbar.css
INFO: [ app_init ] --START--
INFO: Run Behavior\BuildLiteBehavior [ RunTime:0.000018s ]
INFO: [ app_init ] --END-- [ RunTime:0.000530s ]
ERR: 无法加载模块:Public

[ 2018-01-23T04:27:09+08:00 ] ::1 /CCIR_master/Public/Admin/loginjs//font/adminthemes-webfont.woff2
INFO: [ app_init ] --START--
INFO: Run Behavior\BuildLiteBehavior [ RunTime:0.000015s ]
INFO: [ app_init ] --END-- [ RunTime:0.000400s ]
ERR: 无法加载模块:Public

[ 2018-01-23T04:27:09+08:00 ] ::1 /CCIR_master/Public/Admin/loginjs//font/adminthemes-webfont.woff
INFO: [ app_init ] --START--
INFO: Run Behavior\BuildLiteBehavior [ RunTime:0.000011s ]
INFO: [ app_init ] --END-- [ RunTime:0.000280s ]
ERR: 无法加载模块:Public

[ 2018-01-23T04:27:09+08:00 ] ::1 /CCIR_master/Public/Admin/loginjs//font/adminthemes-webfont.ttf
INFO: [ app_init ] --START--
INFO: Run Behavior\BuildLiteBehavior [ RunTime:0.000011s ]
INFO: [ app_init ] --END-- [ RunTime:0.000280s ]
ERR: 无法加载模块:Public

[ 2018-01-23T05:18:53+08:00 ] ::1 /CCIR_master/Public/Home/css/font-awesome.min.css
INFO: [ app_init ] --START--
INFO: Run Behavior\BuildLiteBehavior [ RunTime:0.000021s ]
INFO: [ app_init ] --END-- [ RunTime:0.000490s ]
ERR: 无法加载模块:Public

[ 2018-01-23T05:18:53+08:00 ] ::1 /CCIR_master/Public/Home/css/jquery.ui.base.css
INFO: [ app_init ] --START--
INFO: Run Behavior\BuildLiteBehavior [ RunTime:0.000020s ]
INFO: [ app_init ] --END-- [ RunTime:0.000448s ]
ERR: 无法加载模块:Public

[ 2018-01-23T05:18:53+08:00 ] ::1 /CCIR_master/Public/Home/js/message.js
INFO: [ app_init ] --START--
INFO: Run Behavior\BuildLiteBehavior [ RunTime:0.000019s ]
INFO: [ app_init ] --END-- [ RunTime:0.000440s ]
ERR: 无法加载模块:Public

[ 2018-01-23T05:18:53+08:00 ] ::1 /CCIR_master/Public/Home/css/jquery.ui.theme.css
INFO: [ app_init ] --START--
INFO: Run Behavior\BuildLiteBehavior [ RunTime:0.000029s ]
INFO: [ app_init ] --END-- [ RunTime:0.000665s ]
ERR: 无法加载模块:Public

[ 2018-01-23T05:18:53+08:00 ] ::1 /CCIR_master/Public/Home/js/message.js
INFO: [ app_init ] --START--
INFO: Run Behavior\BuildLiteBehavior [ RunTime:0.000023s ]
INFO: [ app_init ] --END-- [ RunTime:0.000638s ]
ERR: 无法加载模块:Public

[ 2018-01-23T22:14:50+08:00 ] ::1 /CCIR_master/Public/Admin/loginjs//jquery.mCustomScrollbar.css
INFO: [ app_init ] --START--
INFO: Run Behavior\BuildLiteBehavior [ RunTime:0.000018s ]
INFO: [ app_init ] --END-- [ RunTime:0.000394s ]
ERR: 无法加载模块:Public

[ 2018-01-23T22:14:50+08:00 ] ::1 /CCIR_master/Public/Admin/loginjs//font/adminthemes-webfont.woff2
INFO: [ app_init ] --START--
INFO: Run Behavior\BuildLiteBehavior [ RunTime:0.000019s ]
INFO: [ app_init ] --END-- [ RunTime:0.000448s ]
ERR: 无法加载模块:Public

[ 2018-01-23T22:14:50+08:00 ] ::1 /CCIR_master/Public/Admin/loginjs//font/adminthemes-webfont.woff
INFO: [ app_init ] --START--
INFO: Run Behavior\BuildLiteBehavior [ RunTime:0.000015s ]
INFO: [ app_init ] --END-- [ RunTime:0.000402s ]
ERR: 无法加载模块:Public

[ 2018-01-23T22:14:50+08:00 ] ::1 /CCIR_master/Public/Admin/loginjs//font/adminthemes-webfont.ttf
INFO: [ app_init ] --START--
INFO: Run Behavior\BuildLiteBehavior [ RunTime:0.000021s ]
INFO: [ app_init ] --END-- [ RunTime:0.000533s ]
ERR: 无法加载模块:Public

