[ 2017-12-29T18:34:49+08:00 ] ::1 /CCIR_master/index.php/admin/user/login
INFO: [ app_init ] --START--
INFO: Run Behavior\BuildLiteBehavior [ RunTime:0.000025s ]
INFO: [ app_init ] --END-- [ RunTime:0.001124s ]
INFO: [ app_begin ] --START--
INFO: Run Behavior\ReadHtmlCacheBehavior [ RunTime:0.000664s ]
INFO: [ app_begin ] --END-- [ RunTime:0.000720s ]
INFO: [ view_parse ] --START--
INFO: [ template_filter ] --START--
INFO: Run Behavior\ContentReplaceBehavior [ RunTime:0.000088s ]
INFO: [ template_filter ] --END-- [ RunTime:0.000150s ]
INFO: Run Behavior\ParseTemplateBehavior [ RunTime:0.010451s ]
INFO: [ view_parse ] --END-- [ RunTime:0.010517s ]
INFO: [ view_filter ] --START--
INFO: Run Behavior\WriteHtmlCacheBehavior [ RunTime:0.000337s ]
INFO: [ view_filter ] --END-- [ RunTime:0.000372s ]
INFO: [ app_end ] --START--
INFO: Run Behavior\ShowPageTraceBehavior [ RunTime:0.000628s ]
INFO: [ app_end ] --END-- [ RunTime:0.000672s ]

[ 2017-12-29T18:34:50+08:00 ] ::1 /CCIR_master/index.php/Admin/User/code
INFO: [ app_init ] --START--
INFO: Run Behavior\BuildLiteBehavior [ RunTime:0.000036s ]
INFO: [ app_init ] --END-- [ RunTime:0.000894s ]
INFO: [ app_begin ] --START--
INFO: Run Behavior\ReadHtmlCacheBehavior [ RunTime:0.001842s ]
INFO: [ app_begin ] --END-- [ RunTime:0.001922s ]
NOTIC: [8] ob_clean(): failed to delete buffer. No buffer to delete /Users/NaDou329/CCIR_master/Application/Admin/Controller/UserController.class.php 第 13 行.
INFO: [ app_end ] --START--
INFO: Run Behavior\ShowPageTraceBehavior [ RunTime:0.000443s ]
INFO: [ app_end ] --END-- [ RunTime:0.000507s ]

[ 2017-12-29T18:34:53+08:00 ] ::1 /CCIR_master/index.php/Admin/User/checkLogin
INFO: [ app_init ] --START--
INFO: Run Behavior\BuildLiteBehavior [ RunTime:0.000010s ]
INFO: [ app_init ] --END-- [ RunTime:0.000274s ]
INFO: [ app_begin ] --START--
INFO: Run Behavior\ReadHtmlCacheBehavior [ RunTime:0.000377s ]
INFO: [ app_begin ] --END-- [ RunTime:0.000416s ]
SQL: SHOW COLUMNS FROM `c_user` [ RunTime:0.0060s ]
SQL: SHOW COLUMNS FROM `c_admin` [ RunTime:0.0015s ]
SQL: SELECT * FROM `c_admin` WHERE `username` = 'admin' AND `password` = 'f6fdffe48c908deb0f4c3bd36c032e72' LIMIT 1   [ RunTime:0.0071s ]
NOTIC: [8] Undefined index: iaBan /Users/NaDou329/CCIR_master/Application/Admin/Model/UserModel.class.php 第 21 行.
SQL: UPDATE `c_admin` SET `lastime`='1514543693' WHERE `username` = 'admin' AND `password` = 'f6fdffe48c908deb0f4c3bd36c032e72' [ RunTime:0.0036s ]
SQL: SELECT * FROM `c_admin` WHERE `username` = 'admin' AND `password` = 'f6fdffe48c908deb0f4c3bd36c032e72' LIMIT 1   [ RunTime:0.0003s ]
SQL: SHOW COLUMNS FROM `c_role` [ RunTime:0.0016s ]
SQL: SHOW COLUMNS FROM `c_privilege` [ RunTime:0.0015s ]
SQL: SELECT `rolename`,`privilege` FROM `c_role` WHERE `roleId` = 10 LIMIT 1   [ RunTime:0.0005s ]
SQL: SELECT * FROM `c_privilege` WHERE ( pid=0 )  [ RunTime:0.0002s ]
SQL: SELECT * FROM `c_privilege` WHERE ( pid=1 )  [ RunTime:0.0002s ]
SQL: SELECT * FROM `c_privilege` WHERE ( pid=9 )  [ RunTime:0.0001s ]
SQL: SELECT * FROM `c_privilege` WHERE ( pid=13 )  [ RunTime:0.0001s ]
SQL: SHOW COLUMNS FROM `c_log` [ RunTime:0.0018s ]
SQL: INSERT INTO `c_log` (`userId`,`ip`,`time`,`c`,`a`,`agent`) VALUES ('1','0.0.0.0','1514543693','user','checklogin','Mozilla/5.0 (Macintosh; Intel Mac OS X 10_12_1) AppleWebKit/537.36 (KHTML, like Gecko) Chrome/63.0.3239.84 Safari/537.36') [ RunTime:0.0009s ]
INFO: [ view_parse ] --START--
INFO: [ template_filter ] --START--
INFO: Run Behavior\ContentReplaceBehavior [ RunTime:0.000370s ]
INFO: [ template_filter ] --END-- [ RunTime:0.000820s ]
INFO: Run Behavior\ParseTemplateBehavior [ RunTime:0.011550s ]
INFO: [ view_parse ] --END-- [ RunTime:0.011615s ]
INFO: [ view_filter ] --START--
INFO: Run Behavior\WriteHtmlCacheBehavior [ RunTime:0.000197s ]
INFO: [ view_filter ] --END-- [ RunTime:0.000242s ]
INFO: [ app_end ] --START--
INFO: Run Behavior\ShowPageTraceBehavior [ RunTime:0.000593s ]
INFO: [ app_end ] --END-- [ RunTime:0.000647s ]

[ 2017-12-29T18:34:54+08:00 ] ::1 /CCIR_master/index.php/Admin/Index/index.html
INFO: [ app_init ] --START--
INFO: Run Behavior\BuildLiteBehavior [ RunTime:0.000011s ]
INFO: [ app_init ] --END-- [ RunTime:0.000423s ]
INFO: [ app_begin ] --START--
INFO: Run Behavior\ReadHtmlCacheBehavior [ RunTime:0.000353s ]
INFO: [ app_begin ] --END-- [ RunTime:0.000395s ]
INFO: [ view_parse ] --START--
INFO: [ template_filter ] --START--
INFO: Run Behavior\ContentReplaceBehavior [ RunTime:0.000074s ]
INFO: [ template_filter ] --END-- [ RunTime:0.000117s ]
NOTIC: [8] Undefined index: edminInfo /Users/NaDou329/CCIR_master/Application/Runtime/Cache/Admin/478dc61cb15681b787a1bf0ff5304105.php 第 53 行.
INFO: Run Behavior\ParseTemplateBehavior [ RunTime:0.011765s ]
INFO: [ view_parse ] --END-- [ RunTime:0.011808s ]
INFO: [ view_filter ] --START--
INFO: Run Behavior\WriteHtmlCacheBehavior [ RunTime:0.000214s ]
INFO: [ view_filter ] --END-- [ RunTime:0.000254s ]
INFO: [ view_parse ] --START--
INFO: [ template_filter ] --START--
INFO: Run Behavior\ContentReplaceBehavior [ RunTime:0.000062s ]
INFO: [ template_filter ] --END-- [ RunTime:-0.003930s ]
NOTIC: [8] Undefined variable: list /Users/NaDou329/CCIR_master/Application/Runtime/Cache/Admin/b595b808c2ebeeeb0478ffc30bb4e87a.php 第 88 行.
NOTIC: [8] Undefined variable: list /Users/NaDou329/CCIR_master/Application/Runtime/Cache/Admin/b595b808c2ebeeeb0478ffc30bb4e87a.php 第 133 行.
INFO: Run Behavior\ParseTemplateBehavior [ RunTime:0.003016s ]
INFO: [ view_parse ] --END-- [ RunTime:-0.000354s ]
INFO: [ view_filter ] --START--
INFO: Run Behavior\WriteHtmlCacheBehavior [ RunTime:0.000007s ]
INFO: [ view_filter ] --END-- [ RunTime:-0.003145s ]
NOTIC: [2] Cannot modify header information - headers already sent by (output started at /Users/NaDou329/CCIR_master/ThinkPHP/Library/Think/View.class.php:95) /Users/NaDou329/CCIR_master/ThinkPHP/Library/Think/View.class.php 第 91 行.
NOTIC: [2] Cannot modify header information - headers already sent by (output started at /Users/NaDou329/CCIR_master/ThinkPHP/Library/Think/View.class.php:95) /Users/NaDou329/CCIR_master/ThinkPHP/Library/Think/View.class.php 第 92 行.
NOTIC: [2] Cannot modify header information - headers already sent by (output started at /Users/NaDou329/CCIR_master/ThinkPHP/Library/Think/View.class.php:95) /Users/NaDou329/CCIR_master/ThinkPHP/Library/Think/View.class.php 第 93 行.
INFO: [ view_parse ] --START--
INFO: [ template_filter ] --START--
INFO: Run Behavior\ContentReplaceBehavior [ RunTime:0.000034s ]
INFO: [ template_filter ] --END-- [ RunTime:-0.005757s ]
INFO: Run Behavior\ParseTemplateBehavior [ RunTime:0.001324s ]
INFO: [ view_parse ] --END-- [ RunTime:-0.003605s ]
INFO: [ view_filter ] --START--
INFO: Run Behavior\WriteHtmlCacheBehavior [ RunTime:0.000010s ]
INFO: [ view_filter ] --END-- [ RunTime:-0.004735s ]
NOTIC: [2] Cannot modify header information - headers already sent by (output started at /Users/NaDou329/CCIR_master/ThinkPHP/Library/Think/View.class.php:95) /Users/NaDou329/CCIR_master/ThinkPHP/Library/Think/View.class.php 第 91 行.
NOTIC: [2] Cannot modify header information - headers already sent by (output started at /Users/NaDou329/CCIR_master/ThinkPHP/Library/Think/View.class.php:95) /Users/NaDou329/CCIR_master/ThinkPHP/Library/Think/View.class.php 第 92 行.
NOTIC: [2] Cannot modify header information - headers already sent by (output started at /Users/NaDou329/CCIR_master/ThinkPHP/Library/Think/View.class.php:95) /Users/NaDou329/CCIR_master/ThinkPHP/Library/Think/View.class.php 第 93 行.
INFO: [ app_end ] --START--
INFO: Run Behavior\ShowPageTraceBehavior [ RunTime:0.000615s ]
INFO: [ app_end ] --END-- [ RunTime:0.000674s ]

[ 2017-12-29T18:34:58+08:00 ] ::1 /CCIR_master/index.php/Admin/Contest/contestlist.html
INFO: [ app_init ] --START--
INFO: Run Behavior\BuildLiteBehavior [ RunTime:0.000010s ]
INFO: [ app_init ] --END-- [ RunTime:0.000267s ]
INFO: [ app_begin ] --START--
INFO: Run Behavior\ReadHtmlCacheBehavior [ RunTime:0.000417s ]
INFO: [ app_begin ] --END-- [ RunTime:0.000462s ]
SQL: SHOW COLUMNS FROM `c_type` [ RunTime:0.0026s ]
SQL: SELECT * FROM `c_type`  [ RunTime:0.0002s ]
SQL: SHOW COLUMNS FROM `c_contest` [ RunTime:0.0033s ]
NOTIC: [8] Undefined variable: con /Users/NaDou329/CCIR_master/Application/Admin/Controller/ContestController.class.php 第 45 行.
SQL: SELECT * FROM `c_contest` LIMIT 0,16   [ RunTime:0.0003s ]
NOTIC: [8] Undefined variable: con /Users/NaDou329/CCIR_master/Application/Admin/Controller/ContestController.class.php 第 48 行.
SQL: SELECT COUNT(*) AS tp_count FROM `c_contest` LIMIT 1   [ RunTime:0.0014s ]
INFO: [ view_parse ] --START--
INFO: [ template_filter ] --START--
INFO: Run Behavior\ContentReplaceBehavior [ RunTime:0.000087s ]
INFO: [ template_filter ] --END-- [ RunTime:0.000133s ]
NOTIC: [8] Undefined index: edminInfo /Users/NaDou329/CCIR_master/Application/Runtime/Cache/Admin/7bfc0d982635ce2dad90593272af3e31.php 第 53 行.
INFO: Run Behavior\ParseTemplateBehavior [ RunTime:0.009955s ]
INFO: [ view_parse ] --END-- [ RunTime:0.009995s ]
INFO: [ view_filter ] --START--
INFO: Run Behavior\WriteHtmlCacheBehavior [ RunTime:0.000141s ]
INFO: [ view_filter ] --END-- [ RunTime:0.000167s ]
INFO: [ view_parse ] --START--
INFO: [ template_filter ] --START--
INFO: Run Behavior\ContentReplaceBehavior [ RunTime:0.000066s ]
INFO: [ template_filter ] --END-- [ RunTime:-0.004234s ]
NOTIC: [2] Illegal string offset 'maintype' /Users/NaDou329/CCIR_master/Application/Runtime/Cache/Admin/e98dccafb4d4a55fc168a38281bf83a5.php 第 37 行.
NOTIC: [8] Undefined index: maintype /Users/NaDou329/CCIR_master/Application/Runtime/Cache/Admin/e98dccafb4d4a55fc168a38281bf83a5.php 第 37 行.
NOTIC: [2] Illegal string offset 'maintype' /Users/NaDou329/CCIR_master/Application/Runtime/Cache/Admin/e98dccafb4d4a55fc168a38281bf83a5.php 第 38 行.
NOTIC: [2] Illegal string offset 'maintype' /Users/NaDou329/CCIR_master/Application/Runtime/Cache/Admin/e98dccafb4d4a55fc168a38281bf83a5.php 第 39 行.
NOTIC: [2] Illegal string offset 'maintype' /Users/NaDou329/CCIR_master/Application/Runtime/Cache/Admin/e98dccafb4d4a55fc168a38281bf83a5.php 第 37 行.
NOTIC: [8] Undefined index: maintype /Users/NaDou329/CCIR_master/Application/Runtime/Cache/Admin/e98dccafb4d4a55fc168a38281bf83a5.php 第 37 行.
NOTIC: [2] Illegal string offset 'maintype' /Users/NaDou329/CCIR_master/Application/Runtime/Cache/Admin/e98dccafb4d4a55fc168a38281bf83a5.php 第 38 行.
NOTIC: [2] Illegal string offset 'maintype' /Users/NaDou329/CCIR_master/Application/Runtime/Cache/Admin/e98dccafb4d4a55fc168a38281bf83a5.php 第 39 行.
NOTIC: [8] Undefined index: typeId /Users/NaDou329/CCIR_master/Application/Runtime/Cache/Admin/e98dccafb4d4a55fc168a38281bf83a5.php 第 49 行.
NOTIC: [8] Undefined index: typeId /Users/NaDou329/CCIR_master/Application/Runtime/Cache/Admin/e98dccafb4d4a55fc168a38281bf83a5.php 第 49 行.
NOTIC: [8] Undefined index: typeId /Users/NaDou329/CCIR_master/Application/Runtime/Cache/Admin/e98dccafb4d4a55fc168a38281bf83a5.php 第 49 行.
NOTIC: [8] Undefined index: typeId /Users/NaDou329/CCIR_master/Application/Runtime/Cache/Admin/e98dccafb4d4a55fc168a38281bf83a5.php 第 49 行.
NOTIC: [8] Undefined index: typeId /Users/NaDou329/CCIR_master/Application/Runtime/Cache/Admin/e98dccafb4d4a55fc168a38281bf83a5.php 第 49 行.
NOTIC: [8] Undefined index: typeId /Users/NaDou329/CCIR_master/Application/Runtime/Cache/Admin/e98dccafb4d4a55fc168a38281bf83a5.php 第 49 行.
NOTIC: [8] Undefined index: typeId /Users/NaDou329/CCIR_master/Application/Runtime/Cache/Admin/e98dccafb4d4a55fc168a38281bf83a5.php 第 49 行.
NOTIC: [8] Undefined index: typeId /Users/NaDou329/CCIR_master/Application/Runtime/Cache/Admin/e98dccafb4d4a55fc168a38281bf83a5.php 第 49 行.
NOTIC: [8] Undefined index: typeId /Users/NaDou329/CCIR_master/Application/Runtime/Cache/Admin/e98dccafb4d4a55fc168a38281bf83a5.php 第 49 行.
NOTIC: [8] Undefined index: typeId /Users/NaDou329/CCIR_master/Application/Runtime/Cache/Admin/e98dccafb4d4a55fc168a38281bf83a5.php 第 49 行.
NOTIC: [8] Undefined index: typeId /Users/NaDou329/CCIR_master/Application/Runtime/Cache/Admin/e98dccafb4d4a55fc168a38281bf83a5.php 第 49 行.
NOTIC: [8] Undefined index: typeId /Users/NaDou329/CCIR_master/Application/Runtime/Cache/Admin/e98dccafb4d4a55fc168a38281bf83a5.php 第 49 行.
NOTIC: [8] Undefined index: typeId /Users/NaDou329/CCIR_master/Application/Runtime/Cache/Admin/e98dccafb4d4a55fc168a38281bf83a5.php 第 49 行.
NOTIC: [8] Undefined index: typeId /Users/NaDou329/CCIR_master/Application/Runtime/Cache/Admin/e98dccafb4d4a55fc168a38281bf83a5.php 第 49 行.
NOTIC: [8] Undefined index: typeId /Users/NaDou329/CCIR_master/Application/Runtime/Cache/Admin/e98dccafb4d4a55fc168a38281bf83a5.php 第 49 行.
INFO: Run Behavior\ParseTemplateBehavior [ RunTime:0.005045s ]
INFO: [ view_parse ] --END-- [ RunTime:-0.000254s ]
INFO: [ view_filter ] --START--
INFO: Run Behavior\WriteHtmlCacheBehavior [ RunTime:0.000010s ]
INFO: [ view_filter ] --END-- [ RunTime:-0.005181s ]
NOTIC: [2] Cannot modify header information - headers already sent by (output started at /Users/NaDou329/CCIR_master/ThinkPHP/Library/Think/View.class.php:95) /Users/NaDou329/CCIR_master/ThinkPHP/Library/Think/View.class.php 第 91 行.
NOTIC: [2] Cannot modify header information - headers already sent by (output started at /Users/NaDou329/CCIR_master/ThinkPHP/Library/Think/View.class.php:95) /Users/NaDou329/CCIR_master/ThinkPHP/Library/Think/View.class.php 第 92 行.
NOTIC: [2] Cannot modify header information - headers already sent by (output started at /Users/NaDou329/CCIR_master/ThinkPHP/Library/Think/View.class.php:95) /Users/NaDou329/CCIR_master/ThinkPHP/Library/Think/View.class.php 第 93 行.
INFO: [ view_parse ] --START--
INFO: [ template_filter ] --START--
INFO: Run Behavior\ContentReplaceBehavior [ RunTime:0.000033s ]
INFO: [ template_filter ] --END-- [ RunTime:-0.007578s ]
INFO: Run Behavior\ParseTemplateBehavior [ RunTime:0.001158s ]
INFO: [ view_parse ] --END-- [ RunTime:-0.005583s ]
INFO: [ view_filter ] --START--
INFO: Run Behavior\WriteHtmlCacheBehavior [ RunTime:0.000009s ]
INFO: [ view_filter ] --END-- [ RunTime:-0.006619s ]
NOTIC: [2] Cannot modify header information - headers already sent by (output started at /Users/NaDou329/CCIR_master/ThinkPHP/Library/Think/View.class.php:95) /Users/NaDou329/CCIR_master/ThinkPHP/Library/Think/View.class.php 第 91 行.
NOTIC: [2] Cannot modify header information - headers already sent by (output started at /Users/NaDou329/CCIR_master/ThinkPHP/Library/Think/View.class.php:95) /Users/NaDou329/CCIR_master/ThinkPHP/Library/Think/View.class.php 第 92 行.
NOTIC: [2] Cannot modify header information - headers already sent by (output started at /Users/NaDou329/CCIR_master/ThinkPHP/Library/Think/View.class.php:95) /Users/NaDou329/CCIR_master/ThinkPHP/Library/Think/View.class.php 第 93 行.
INFO: [ app_end ] --START--
INFO: Run Behavior\ShowPageTraceBehavior [ RunTime:0.000684s ]
INFO: [ app_end ] --END-- [ RunTime:0.000735s ]

[ 2017-12-29T18:34:59+08:00 ] ::1 /CCIR_master/index.php/Admin/contest/addcontest.html
INFO: [ app_init ] --START--
INFO: Run Behavior\BuildLiteBehavior [ RunTime:0.000012s ]
INFO: [ app_init ] --END-- [ RunTime:0.000327s ]
INFO: [ app_begin ] --START--
INFO: Run Behavior\ReadHtmlCacheBehavior [ RunTime:0.000452s ]
INFO: [ app_begin ] --END-- [ RunTime:0.000505s ]
NOTIC: [8] Undefined variable: arr /Users/NaDou329/CCIR_master/Application/Admin/Controller/CommonController.class.php 第 38 行.
SQL: SHOW COLUMNS FROM `c_log` [ RunTime:0.0020s ]
SQL: INSERT INTO `c_log` (`userId`,`ip`,`time`,`c`,`a`,`agent`) VALUES ('1','0.0.0.0','1514543699','contest','addcontest','Mozilla/5.0 (Macintosh; Intel Mac OS X 10_12_1) AppleWebKit/537.36 (KHTML, like Gecko) Chrome/63.0.3239.84 Safari/537.36') [ RunTime:0.0004s ]
SQL: SHOW COLUMNS FROM `c_contest` [ RunTime:0.0012s ]
SQL: SHOW COLUMNS FROM `c_type` [ RunTime:0.0011s ]
SQL: SELECT * FROM `c_type`  [ RunTime:0.0002s ]
NOTIC: [8] Undefined index: privilegeid /Users/NaDou329/CCIR_master/Application/Component/Classify.class.php 第 33 行.
NOTIC: [8] Undefined index: privilegeid /Users/NaDou329/CCIR_master/Application/Component/Classify.class.php 第 33 行.
NOTIC: [8] Undefined index: privilegeid /Users/NaDou329/CCIR_master/Application/Component/Classify.class.php 第 33 行.
NOTIC: [8] Undefined index: privilegeid /Users/NaDou329/CCIR_master/Application/Component/Classify.class.php 第 33 行.
NOTIC: [8] Undefined index: privilegeid /Users/NaDou329/CCIR_master/Application/Component/Classify.class.php 第 33 行.
NOTIC: [8] Undefined index: privilegeid /Users/NaDou329/CCIR_master/Application/Component/Classify.class.php 第 33 行.
NOTIC: [8] Undefined index: privilegeid /Users/NaDou329/CCIR_master/Application/Component/Classify.class.php 第 33 行.
NOTIC: [8] Undefined index: privilegeid /Users/NaDou329/CCIR_master/Application/Component/Classify.class.php 第 33 行.
NOTIC: [8] Undefined index: privilegeid /Users/NaDou329/CCIR_master/Application/Component/Classify.class.php 第 33 行.
NOTIC: [8] Undefined index: privilegeid /Users/NaDou329/CCIR_master/Application/Component/Classify.class.php 第 33 行.
INFO: [ view_parse ] --START--
INFO: [ template_filter ] --START--
INFO: Run Behavior\ContentReplaceBehavior [ RunTime:0.000097s ]
INFO: [ template_filter ] --END-- [ RunTime:0.000205s ]
NOTIC: [8] Undefined index: edminInfo /Users/NaDou329/CCIR_master/Application/Runtime/Cache/Admin/478dc61cb15681b787a1bf0ff5304105.php 第 53 行.
INFO: Run Behavior\ParseTemplateBehavior [ RunTime:0.014992s ]
INFO: [ view_parse ] --END-- [ RunTime:0.015070s ]
INFO: [ view_filter ] --START--
INFO: Run Behavior\WriteHtmlCacheBehavior [ RunTime:0.000228s ]
INFO: [ view_filter ] --END-- [ RunTime:0.000277s ]
INFO: [ view_parse ] --START--
INFO: [ template_filter ] --START--
INFO: Run Behavior\ContentReplaceBehavior [ RunTime:0.000127s ]
INFO: [ template_filter ] --END-- [ RunTime:-0.009508s ]
NOTIC: [8] Undefined variable: info /Users/NaDou329/CCIR_master/Application/Runtime/Cache/Admin/f346669ec00a64ad36df30f0b1852693.php 第 28 行.
NOTIC: [8] Undefined variable: info /Users/NaDou329/CCIR_master/Application/Runtime/Cache/Admin/f346669ec00a64ad36df30f0b1852693.php 第 38 行.
NOTIC: [8] Undefined variable: info /Users/NaDou329/CCIR_master/Application/Runtime/Cache/Admin/f346669ec00a64ad36df30f0b1852693.php 第 39 行.
NOTIC: [8] Undefined variable: info /Users/NaDou329/CCIR_master/Application/Runtime/Cache/Admin/f346669ec00a64ad36df30f0b1852693.php 第 55 行.
NOTIC: [8] Undefined variable: info /Users/NaDou329/CCIR_master/Application/Runtime/Cache/Admin/f346669ec00a64ad36df30f0b1852693.php 第 64 行.
NOTIC: [8] Undefined variable: info /Users/NaDou329/CCIR_master/Application/Runtime/Cache/Admin/f346669ec00a64ad36df30f0b1852693.php 第 73 行.
NOTIC: [8] Undefined variable: info /Users/NaDou329/CCIR_master/Application/Runtime/Cache/Admin/f346669ec00a64ad36df30f0b1852693.php 第 82 行.
NOTIC: [8] Undefined variable: info /Users/NaDou329/CCIR_master/Application/Runtime/Cache/Admin/f346669ec00a64ad36df30f0b1852693.php 第 92 行.
NOTIC: [8] Undefined variable: info /Users/NaDou329/CCIR_master/Application/Runtime/Cache/Admin/f346669ec00a64ad36df30f0b1852693.php 第 104 行.
NOTIC: [8] Undefined variable: info /Users/NaDou329/CCIR_master/Application/Runtime/Cache/Admin/f346669ec00a64ad36df30f0b1852693.php 第 106 行.
NOTIC: [8] Undefined variable: info /Users/NaDou329/CCIR_master/Application/Runtime/Cache/Admin/f346669ec00a64ad36df30f0b1852693.php 第 119 行.
NOTIC: [8] Undefined variable: info /Users/NaDou329/CCIR_master/Application/Runtime/Cache/Admin/f346669ec00a64ad36df30f0b1852693.php 第 119 行.
NOTIC: [8] Undefined variable: info /Users/NaDou329/CCIR_master/Application/Runtime/Cache/Admin/f346669ec00a64ad36df30f0b1852693.php 第 119 行.
NOTIC: [8] Undefined variable: info /Users/NaDou329/CCIR_master/Application/Runtime/Cache/Admin/f346669ec00a64ad36df30f0b1852693.php 第 119 行.
NOTIC: [8] Undefined variable: info /Users/NaDou329/CCIR_master/Application/Runtime/Cache/Admin/f346669ec00a64ad36df30f0b1852693.php 第 119 行.
NOTIC: [8] Undefined variable: info /Users/NaDou329/CCIR_master/Application/Runtime/Cache/Admin/f346669ec00a64ad36df30f0b1852693.php 第 119 行.
NOTIC: [8] Undefined variable: info /Users/NaDou329/CCIR_master/Application/Runtime/Cache/Admin/f346669ec00a64ad36df30f0b1852693.php 第 119 行.
NOTIC: [8] Undefined variable: info /Users/NaDou329/CCIR_master/Application/Runtime/Cache/Admin/f346669ec00a64ad36df30f0b1852693.php 第 119 行.
NOTIC: [8] Undefined variable: info /Users/NaDou329/CCIR_master/Application/Runtime/Cache/Admin/f346669ec00a64ad36df30f0b1852693.php 第 119 行.
NOTIC: [8] Undefined variable: info /Users/NaDou329/CCIR_master/Application/Runtime/Cache/Admin/f346669ec00a64ad36df30f0b1852693.php 第 119 行.
NOTIC: [8] Undefined variable: info /Users/NaDou329/CCIR_master/Application/Runtime/Cache/Admin/f346669ec00a64ad36df30f0b1852693.php 第 119 行.
NOTIC: [8] Undefined variable: info /Users/NaDou329/CCIR_master/Application/Runtime/Cache/Admin/f346669ec00a64ad36df30f0b1852693.php 第 119 行.
NOTIC: [8] Undefined variable: info /Users/NaDou329/CCIR_master/Application/Runtime/Cache/Admin/f346669ec00a64ad36df30f0b1852693.php 第 119 行.
NOTIC: [8] Undefined variable: info /Users/NaDou329/CCIR_master/Application/Runtime/Cache/Admin/f346669ec00a64ad36df30f0b1852693.php 第 119 行.
NOTIC: [8] Undefined variable: info /Users/NaDou329/CCIR_master/Application/Runtime/Cache/Admin/f346669ec00a64ad36df30f0b1852693.php 第 119 行.
NOTIC: [8] Undefined variable: info /Users/NaDou329/CCIR_master/Application/Runtime/Cache/Admin/f346669ec00a64ad36df30f0b1852693.php 第 132 行.
NOTIC: [8] Undefined variable: info /Users/NaDou329/CCIR_master/Application/Runtime/Cache/Admin/f346669ec00a64ad36df30f0b1852693.php 第 141 行.
NOTIC: [8] Undefined variable: info /Users/NaDou329/CCIR_master/Application/Runtime/Cache/Admin/f346669ec00a64ad36df30f0b1852693.php 第 149 行.
NOTIC: [8] Undefined variable: info /Users/NaDou329/CCIR_master/Application/Runtime/Cache/Admin/f346669ec00a64ad36df30f0b1852693.php 第 157 行.
NOTIC: [8] Use of undefined constant ADMIN_UEDITOR_URL - assumed 'ADMIN_UEDITOR_URL' /Users/NaDou329/CCIR_master/Application/Runtime/Cache/Admin/f346669ec00a64ad36df30f0b1852693.php 第 177 行.
NOTIC: [8] Use of undefined constant ADMIN_UEDITOR_URL - assumed 'ADMIN_UEDITOR_URL' /Users/NaDou329/CCIR_master/Application/Runtime/Cache/Admin/f346669ec00a64ad36df30f0b1852693.php 第 178 行.
NOTIC: [8] Use of undefined constant ADMIN_UEDITOR_URL - assumed 'ADMIN_UEDITOR_URL' /Users/NaDou329/CCIR_master/Application/Runtime/Cache/Admin/f346669ec00a64ad36df30f0b1852693.php 第 179 行.
INFO: Run Behavior\ParseTemplateBehavior [ RunTime:0.006488s ]
INFO: [ view_parse ] --END-- [ RunTime:-0.000412s ]
INFO: [ view_filter ] --START--
INFO: Run Behavior\WriteHtmlCacheBehavior [ RunTime:0.000013s ]
INFO: [ view_filter ] --END-- [ RunTime:-0.006670s ]
NOTIC: [2] Cannot modify header information - headers already sent by (output started at /Users/NaDou329/CCIR_master/ThinkPHP/Library/Think/View.class.php:95) /Users/NaDou329/CCIR_master/ThinkPHP/Library/Think/View.class.php 第 91 行.
NOTIC: [2] Cannot modify header information - headers already sent by (output started at /Users/NaDou329/CCIR_master/ThinkPHP/Library/Think/View.class.php:95) /Users/NaDou329/CCIR_master/ThinkPHP/Library/Think/View.class.php 第 92 行.
NOTIC: [2] Cannot modify header information - headers already sent by (output started at /Users/NaDou329/CCIR_master/ThinkPHP/Library/Think/View.class.php:95) /Users/NaDou329/CCIR_master/ThinkPHP/Library/Think/View.class.php 第 93 行.
INFO: [ view_parse ] --START--
INFO: [ template_filter ] --START--
INFO: Run Behavior\ContentReplaceBehavior [ RunTime:0.000046s ]
INFO: [ template_filter ] --END-- [ RunTime:-0.013459s ]
INFO: Run Behavior\ParseTemplateBehavior [ RunTime:0.001467s ]
INFO: [ view_parse ] --END-- [ RunTime:-0.007235s ]
INFO: [ view_filter ] --START--
INFO: Run Behavior\WriteHtmlCacheBehavior [ RunTime:0.000013s ]
INFO: [ view_filter ] --END-- [ RunTime:-0.008481s ]
NOTIC: [2] Cannot modify header information - headers already sent by (output started at /Users/NaDou329/CCIR_master/ThinkPHP/Library/Think/View.class.php:95) /Users/NaDou329/CCIR_master/ThinkPHP/Library/Think/View.class.php 第 91 行.
NOTIC: [2] Cannot modify header information - headers already sent by (output started at /Users/NaDou329/CCIR_master/ThinkPHP/Library/Think/View.class.php:95) /Users/NaDou329/CCIR_master/ThinkPHP/Library/Think/View.class.php 第 92 行.
NOTIC: [2] Cannot modify header information - headers already sent by (output started at /Users/NaDou329/CCIR_master/ThinkPHP/Library/Think/View.class.php:95) /Users/NaDou329/CCIR_master/ThinkPHP/Library/Think/View.class.php 第 93 行.
INFO: [ app_end ] --START--
INFO: Run Behavior\ShowPageTraceBehavior [ RunTime:0.000750s ]
INFO: [ app_end ] --END-- [ RunTime:0.000822s ]

[ 2017-12-29T18:34:59+08:00 ] ::1 /CCIR_master/index.php/Admin/contest/$info['imgsrc']
INFO: [ app_init ] --START--
INFO: Run Behavior\BuildLiteBehavior [ RunTime:0.000012s ]
INFO: [ app_init ] --END-- [ RunTime:0.000295s ]
INFO: [ app_begin ] --START--
INFO: Run Behavior\ReadHtmlCacheBehavior [ RunTime:0.000372s ]
INFO: [ app_begin ] --END-- [ RunTime:0.000424s ]
ERR: 非法操作:$info['imgsrc']

[ 2017-12-29T18:35:39+08:00 ] ::1 /CCIR_master/index.php/Admin/contest/addcontest.html
INFO: [ app_init ] --START--
INFO: Run Behavior\BuildLiteBehavior [ RunTime:0.000028s ]
INFO: [ app_init ] --END-- [ RunTime:0.000542s ]
INFO: [ app_begin ] --START--
INFO: Run Behavior\ReadHtmlCacheBehavior [ RunTime:0.000719s ]
INFO: [ app_begin ] --END-- [ RunTime:0.000779s ]
NOTIC: [8] Undefined variable: arr /Users/NaDou329/CCIR_master/Application/Admin/Controller/CommonController.class.php 第 38 行.
SQL: SHOW COLUMNS FROM `c_log` [ RunTime:0.0013s ]
SQL: INSERT INTO `c_log` (`userId`,`ip`,`time`,`c`,`a`,`agent`) VALUES ('1','0.0.0.0','1514543739','contest','addcontest','Mozilla/5.0 (Macintosh; Intel Mac OS X 10_12_1) AppleWebKit/537.36 (KHTML, like Gecko) Chrome/63.0.3239.84 Safari/537.36') [ RunTime:0.0012s ]
SQL: SHOW COLUMNS FROM `c_contest` [ RunTime:0.0011s ]
SQL: SHOW COLUMNS FROM `c_type` [ RunTime:0.0010s ]
SQL: SELECT * FROM `c_type`  [ RunTime:0.0003s ]
NOTIC: [8] Undefined index: privilegeid /Users/NaDou329/CCIR_master/Application/Component/Classify.class.php 第 33 行.
NOTIC: [8] Undefined index: privilegeid /Users/NaDou329/CCIR_master/Application/Component/Classify.class.php 第 33 行.
NOTIC: [8] Undefined index: privilegeid /Users/NaDou329/CCIR_master/Application/Component/Classify.class.php 第 33 行.
NOTIC: [8] Undefined index: privilegeid /Users/NaDou329/CCIR_master/Application/Component/Classify.class.php 第 33 行.
NOTIC: [8] Undefined index: privilegeid /Users/NaDou329/CCIR_master/Application/Component/Classify.class.php 第 33 行.
NOTIC: [8] Undefined index: privilegeid /Users/NaDou329/CCIR_master/Application/Component/Classify.class.php 第 33 行.
NOTIC: [8] Undefined index: privilegeid /Users/NaDou329/CCIR_master/Application/Component/Classify.class.php 第 33 行.
NOTIC: [8] Undefined index: privilegeid /Users/NaDou329/CCIR_master/Application/Component/Classify.class.php 第 33 行.
NOTIC: [8] Undefined index: privilegeid /Users/NaDou329/CCIR_master/Application/Component/Classify.class.php 第 33 行.
NOTIC: [8] Undefined index: privilegeid /Users/NaDou329/CCIR_master/Application/Component/Classify.class.php 第 33 行.
INFO: [ view_parse ] --START--
INFO: [ template_filter ] --START--
INFO: Run Behavior\ContentReplaceBehavior [ RunTime:0.000098s ]
INFO: [ template_filter ] --END-- [ RunTime:0.000145s ]
NOTIC: [8] Undefined index: edminInfo /Users/NaDou329/CCIR_master/Application/Runtime/Cache/Admin/478dc61cb15681b787a1bf0ff5304105.php 第 53 行.
INFO: Run Behavior\ParseTemplateBehavior [ RunTime:0.010121s ]
INFO: [ view_parse ] --END-- [ RunTime:0.010155s ]
INFO: [ view_filter ] --START--
INFO: Run Behavior\WriteHtmlCacheBehavior [ RunTime:0.000384s ]
INFO: [ view_filter ] --END-- [ RunTime:0.000422s ]
INFO: [ view_parse ] --START--
INFO: [ template_filter ] --START--
INFO: Run Behavior\ContentReplaceBehavior [ RunTime:0.000103s ]
INFO: [ template_filter ] --END-- [ RunTime:-0.004463s ]
NOTIC: [8] Undefined variable: info /Users/NaDou329/CCIR_master/Application/Runtime/Cache/Admin/f346669ec00a64ad36df30f0b1852693.php 第 28 行.
NOTIC: [8] Undefined variable: info /Users/NaDou329/CCIR_master/Application/Runtime/Cache/Admin/f346669ec00a64ad36df30f0b1852693.php 第 38 行.
NOTIC: [8] Undefined variable: info /Users/NaDou329/CCIR_master/Application/Runtime/Cache/Admin/f346669ec00a64ad36df30f0b1852693.php 第 39 行.
NOTIC: [8] Undefined variable: info /Users/NaDou329/CCIR_master/Application/Runtime/Cache/Admin/f346669ec00a64ad36df30f0b1852693.php 第 55 行.
NOTIC: [8] Undefined variable: info /Users/NaDou329/CCIR_master/Application/Runtime/Cache/Admin/f346669ec00a64ad36df30f0b1852693.php 第 64 行.
NOTIC: [8] Undefined variable: info /Users/NaDou329/CCIR_master/Application/Runtime/Cache/Admin/f346669ec00a64ad36df30f0b1852693.php 第 73 行.
NOTIC: [8] Undefined variable: info /Users/NaDou329/CCIR_master/Application/Runtime/Cache/Admin/f346669ec00a64ad36df30f0b1852693.php 第 82 行.
NOTIC: [8] Undefined variable: info /Users/NaDou329/CCIR_master/Application/Runtime/Cache/Admin/f346669ec00a64ad36df30f0b1852693.php 第 92 行.
NOTIC: [8] Undefined variable: info /Users/NaDou329/CCIR_master/Application/Runtime/Cache/Admin/f346669ec00a64ad36df30f0b1852693.php 第 104 行.
NOTIC: [8] Undefined variable: info /Users/NaDou329/CCIR_master/Application/Runtime/Cache/Admin/f346669ec00a64ad36df30f0b1852693.php 第 106 行.
NOTIC: [8] Undefined variable: info /Users/NaDou329/CCIR_master/Application/Runtime/Cache/Admin/f346669ec00a64ad36df30f0b1852693.php 第 119 行.
NOTIC: [8] Undefined variable: info /Users/NaDou329/CCIR_master/Application/Runtime/Cache/Admin/f346669ec00a64ad36df30f0b1852693.php 第 119 行.
NOTIC: [8] Undefined variable: info /Users/NaDou329/CCIR_master/Application/Runtime/Cache/Admin/f346669ec00a64ad36df30f0b1852693.php 第 119 行.
NOTIC: [8] Undefined variable: info /Users/NaDou329/CCIR_master/Application/Runtime/Cache/Admin/f346669ec00a64ad36df30f0b1852693.php 第 119 行.
NOTIC: [8] Undefined variable: info /Users/NaDou329/CCIR_master/Application/Runtime/Cache/Admin/f346669ec00a64ad36df30f0b1852693.php 第 119 行.
NOTIC: [8] Undefined variable: info /Users/NaDou329/CCIR_master/Application/Runtime/Cache/Admin/f346669ec00a64ad36df30f0b1852693.php 第 119 行.
NOTIC: [8] Undefined variable: info /Users/NaDou329/CCIR_master/Application/Runtime/Cache/Admin/f346669ec00a64ad36df30f0b1852693.php 第 119 行.
NOTIC: [8] Undefined variable: info /Users/NaDou329/CCIR_master/Application/Runtime/Cache/Admin/f346669ec00a64ad36df30f0b1852693.php 第 119 行.
NOTIC: [8] Undefined variable: info /Users/NaDou329/CCIR_master/Application/Runtime/Cache/Admin/f346669ec00a64ad36df30f0b1852693.php 第 119 行.
NOTIC: [8] Undefined variable: info /Users/NaDou329/CCIR_master/Application/Runtime/Cache/Admin/f346669ec00a64ad36df30f0b1852693.php 第 119 行.
NOTIC: [8] Undefined variable: info /Users/NaDou329/CCIR_master/Application/Runtime/Cache/Admin/f346669ec00a64ad36df30f0b1852693.php 第 119 行.
NOTIC: [8] Undefined variable: info /Users/NaDou329/CCIR_master/Application/Runtime/Cache/Admin/f346669ec00a64ad36df30f0b1852693.php 第 119 行.
NOTIC: [8] Undefined variable: info /Users/NaDou329/CCIR_master/Application/Runtime/Cache/Admin/f346669ec00a64ad36df30f0b1852693.php 第 119 行.
NOTIC: [8] Undefined variable: info /Users/NaDou329/CCIR_master/Application/Runtime/Cache/Admin/f346669ec00a64ad36df30f0b1852693.php 第 119 行.
NOTIC: [8] Undefined variable: info /Users/NaDou329/CCIR_master/Application/Runtime/Cache/Admin/f346669ec00a64ad36df30f0b1852693.php 第 119 行.
NOTIC: [8] Undefined variable: info /Users/NaDou329/CCIR_master/Application/Runtime/Cache/Admin/f346669ec00a64ad36df30f0b1852693.php 第 132 行.
NOTIC: [8] Undefined variable: info /Users/NaDou329/CCIR_master/Application/Runtime/Cache/Admin/f346669ec00a64ad36df30f0b1852693.php 第 141 行.
NOTIC: [8] Undefined variable: info /Users/NaDou329/CCIR_master/Application/Runtime/Cache/Admin/f346669ec00a64ad36df30f0b1852693.php 第 149 行.
NOTIC: [8] Undefined variable: info /Users/NaDou329/CCIR_master/Application/Runtime/Cache/Admin/f346669ec00a64ad36df30f0b1852693.php 第 157 行.
NOTIC: [8] Use of undefined constant ADMIN_UEDITOR_URL - assumed 'ADMIN_UEDITOR_URL' /Users/NaDou329/CCIR_master/Application/Runtime/Cache/Admin/f346669ec00a64ad36df30f0b1852693.php 第 177 行.
NOTIC: [8] Use of undefined constant ADMIN_UEDITOR_URL - assumed 'ADMIN_UEDITOR_URL' /Users/NaDou329/CCIR_master/Application/Runtime/Cache/Admin/f346669ec00a64ad36df30f0b1852693.php 第 178 行.
NOTIC: [8] Use of undefined constant ADMIN_UEDITOR_URL - assumed 'ADMIN_UEDITOR_URL' /Users/NaDou329/CCIR_master/Application/Runtime/Cache/Admin/f346669ec00a64ad36df30f0b1852693.php 第 179 行.
INFO: Run Behavior\ParseTemplateBehavior [ RunTime:0.003808s ]
INFO: [ view_parse ] --END-- [ RunTime:-0.000541s ]
INFO: [ view_filter ] --START--
INFO: Run Behavior\WriteHtmlCacheBehavior [ RunTime:0.000007s ]
INFO: [ view_filter ] --END-- [ RunTime:-0.003958s ]
NOTIC: [2] Cannot modify header information - headers already sent by (output started at /Users/NaDou329/CCIR_master/ThinkPHP/Library/Think/View.class.php:95) /Users/NaDou329/CCIR_master/ThinkPHP/Library/Think/View.class.php 第 91 行.
NOTIC: [2] Cannot modify header information - headers already sent by (output started at /Users/NaDou329/CCIR_master/ThinkPHP/Library/Think/View.class.php:95) /Users/NaDou329/CCIR_master/ThinkPHP/Library/Think/View.class.php 第 92 行.
NOTIC: [2] Cannot modify header information - headers already sent by (output started at /Users/NaDou329/CCIR_master/ThinkPHP/Library/Think/View.class.php:95) /Users/NaDou329/CCIR_master/ThinkPHP/Library/Think/View.class.php 第 93 行.
INFO: [ view_parse ] --START--
INFO: [ template_filter ] --START--
INFO: Run Behavior\ContentReplaceBehavior [ RunTime:0.000032s ]
INFO: [ template_filter ] --END-- [ RunTime:-0.006897s ]
INFO: Run Behavior\ParseTemplateBehavior [ RunTime:0.001311s ]
INFO: [ view_parse ] --END-- [ RunTime:-0.004681s ]
INFO: [ view_filter ] --START--
INFO: Run Behavior\WriteHtmlCacheBehavior [ RunTime:0.000012s ]
INFO: [ view_filter ] --END-- [ RunTime:-0.005610s ]
NOTIC: [2] Cannot modify header information - headers already sent by (output started at /Users/NaDou329/CCIR_master/ThinkPHP/Library/Think/View.class.php:95) /Users/NaDou329/CCIR_master/ThinkPHP/Library/Think/View.class.php 第 91 行.
NOTIC: [2] Cannot modify header information - headers already sent by (output started at /Users/NaDou329/CCIR_master/ThinkPHP/Library/Think/View.class.php:95) /Users/NaDou329/CCIR_master/ThinkPHP/Library/Think/View.class.php 第 92 行.
NOTIC: [2] Cannot modify header information - headers already sent by (output started at /Users/NaDou329/CCIR_master/ThinkPHP/Library/Think/View.class.php:95) /Users/NaDou329/CCIR_master/ThinkPHP/Library/Think/View.class.php 第 93 行.
INFO: [ app_end ] --START--
INFO: Run Behavior\ShowPageTraceBehavior [ RunTime:0.000971s ]
INFO: [ app_end ] --END-- [ RunTime:0.001040s ]

[ 2017-12-29T18:35:39+08:00 ] ::1 /CCIR_master/index.php/Admin/contest/$info['imgsrc']
INFO: [ app_init ] --START--
INFO: Run Behavior\BuildLiteBehavior [ RunTime:0.000013s ]
INFO: [ app_init ] --END-- [ RunTime:0.000317s ]
INFO: [ app_begin ] --START--
INFO: Run Behavior\ReadHtmlCacheBehavior [ RunTime:0.000368s ]
INFO: [ app_begin ] --END-- [ RunTime:0.000417s ]
ERR: 非法操作:$info['imgsrc']

[ 2017-12-29T18:45:23+08:00 ] ::1 /CCIR_master/index.php/admin/user/login
INFO: [ app_init ] --START--
INFO: Run Behavior\BuildLiteBehavior [ RunTime:0.000014s ]
INFO: [ app_init ] --END-- [ RunTime:0.000523s ]
INFO: [ app_begin ] --START--
INFO: Run Behavior\ReadHtmlCacheBehavior [ RunTime:0.000700s ]
INFO: [ app_begin ] --END-- [ RunTime:0.000757s ]
INFO: [ view_parse ] --START--
INFO: [ template_filter ] --START--
INFO: Run Behavior\ContentReplaceBehavior [ RunTime:0.000097s ]
INFO: [ template_filter ] --END-- [ RunTime:0.000176s ]
INFO: Run Behavior\ParseTemplateBehavior [ RunTime:0.009075s ]
INFO: [ view_parse ] --END-- [ RunTime:0.009191s ]
INFO: [ view_filter ] --START--
INFO: Run Behavior\WriteHtmlCacheBehavior [ RunTime:0.000646s ]
INFO: [ view_filter ] --END-- [ RunTime:0.000717s ]
INFO: [ app_end ] --START--
INFO: Run Behavior\ShowPageTraceBehavior [ RunTime:0.000988s ]
INFO: [ app_end ] --END-- [ RunTime:0.001064s ]

[ 2017-12-29T18:45:23+08:00 ] ::1 /CCIR_master/index.php/Admin/User/code
INFO: [ app_init ] --START--
INFO: Run Behavior\BuildLiteBehavior [ RunTime:0.000019s ]
INFO: [ app_init ] --END-- [ RunTime:0.001263s ]
INFO: [ app_begin ] --START--
INFO: Run Behavior\ReadHtmlCacheBehavior [ RunTime:0.000635s ]
INFO: [ app_begin ] --END-- [ RunTime:0.000826s ]
NOTIC: [8] ob_clean(): failed to delete buffer. No buffer to delete /Users/NaDou329/CCIR_master/Application/Admin/Controller/UserController.class.php 第 13 行.
INFO: [ app_end ] --START--
INFO: Run Behavior\ShowPageTraceBehavior [ RunTime:0.000721s ]
INFO: [ app_end ] --END-- [ RunTime:0.000828s ]

[ 2017-12-29T18:45:30+08:00 ] ::1 /CCIR_master/index.php/Admin/User/checkLogin
INFO: [ app_init ] --START--
INFO: Run Behavior\BuildLiteBehavior [ RunTime:0.000018s ]
INFO: [ app_init ] --END-- [ RunTime:0.000384s ]
INFO: [ app_begin ] --START--
INFO: Run Behavior\ReadHtmlCacheBehavior [ RunTime:0.000480s ]
INFO: [ app_begin ] --END-- [ RunTime:0.000538s ]
SQL: SHOW COLUMNS FROM `c_user` [ RunTime:0.0024s ]
SQL: SHOW COLUMNS FROM `c_admin` [ RunTime:0.0009s ]
SQL: SELECT * FROM `c_admin` WHERE `username` = 'admin' AND `password` = 'f6fdffe48c908deb0f4c3bd36c032e72' LIMIT 1   [ RunTime:0.0002s ]
NOTIC: [8] Undefined index: iaBan /Users/NaDou329/CCIR_master/Application/Admin/Model/UserModel.class.php 第 21 行.
SQL: UPDATE `c_admin` SET `lastime`='1514544330' WHERE `username` = 'admin' AND `password` = 'f6fdffe48c908deb0f4c3bd36c032e72' [ RunTime:0.0003s ]
SQL: SELECT * FROM `c_admin` WHERE `username` = 'admin' AND `password` = 'f6fdffe48c908deb0f4c3bd36c032e72' LIMIT 1   [ RunTime:0.0002s ]
SQL: SHOW COLUMNS FROM `c_role` [ RunTime:0.0009s ]
SQL: SHOW COLUMNS FROM `c_privilege` [ RunTime:0.0013s ]
SQL: SELECT `rolename`,`privilege` FROM `c_role` WHERE `roleId` = 10 LIMIT 1   [ RunTime:0.0011s ]
SQL: SELECT * FROM `c_privilege` WHERE ( pid=0 )  [ RunTime:0.0005s ]
SQL: SELECT * FROM `c_privilege` WHERE ( pid=1 )  [ RunTime:0.0013s ]
SQL: SELECT * FROM `c_privilege` WHERE ( pid=9 )  [ RunTime:0.0003s ]
SQL: SELECT * FROM `c_privilege` WHERE ( pid=13 )  [ RunTime:0.0002s ]
SQL: SHOW COLUMNS FROM `c_log` [ RunTime:0.0010s ]
SQL: INSERT INTO `c_log` (`userId`,`ip`,`time`,`c`,`a`,`agent`) VALUES ('1','0.0.0.0','1514544330','user','checklogin','Mozilla/5.0 (Macintosh; Intel Mac OS X 10_12_1) AppleWebKit/537.36 (KHTML, like Gecko) Chrome/63.0.3239.84 Safari/537.36') [ RunTime:0.0004s ]
INFO: [ view_parse ] --START--
INFO: [ template_filter ] --START--
INFO: Run Behavior\ContentReplaceBehavior [ RunTime:0.000065s ]
INFO: [ template_filter ] --END-- [ RunTime:0.000110s ]
INFO: Run Behavior\ParseTemplateBehavior [ RunTime:0.006657s ]
INFO: [ view_parse ] --END-- [ RunTime:0.006701s ]
INFO: [ view_filter ] --START--
INFO: Run Behavior\WriteHtmlCacheBehavior [ RunTime:0.000130s ]
INFO: [ view_filter ] --END-- [ RunTime:0.000156s ]
INFO: [ app_end ] --START--
INFO: Run Behavior\ShowPageTraceBehavior [ RunTime:0.000405s ]
INFO: [ app_end ] --END-- [ RunTime:0.000439s ]

[ 2017-12-29T18:45:31+08:00 ] ::1 /CCIR_master/index.php/Admin/Index/index.html
INFO: [ app_init ] --START--
INFO: Run Behavior\BuildLiteBehavior [ RunTime:0.000010s ]
INFO: [ app_init ] --END-- [ RunTime:0.000258s ]
INFO: [ app_begin ] --START--
INFO: Run Behavior\ReadHtmlCacheBehavior [ RunTime:0.000368s ]
INFO: [ app_begin ] --END-- [ RunTime:0.000412s ]
INFO: [ view_parse ] --START--
INFO: [ template_filter ] --START--
INFO: Run Behavior\ContentReplaceBehavior [ RunTime:0.000100s ]
INFO: [ template_filter ] --END-- [ RunTime:0.000183s ]
NOTIC: [8] Undefined index: edminInfo /Users/NaDou329/CCIR_master/Application/Runtime/Cache/Admin/478dc61cb15681b787a1bf0ff5304105.php 第 53 行.
INFO: Run Behavior\ParseTemplateBehavior [ RunTime:0.009435s ]
INFO: [ view_parse ] --END-- [ RunTime:0.009495s ]
INFO: [ view_filter ] --START--
INFO: Run Behavior\WriteHtmlCacheBehavior [ RunTime:0.000256s ]
INFO: [ view_filter ] --END-- [ RunTime:0.000301s ]
INFO: [ view_parse ] --START--
INFO: [ template_filter ] --START--
INFO: Run Behavior\ContentReplaceBehavior [ RunTime:0.000074s ]
INFO: [ template_filter ] --END-- [ RunTime:-0.005817s ]
NOTIC: [8] Undefined variable: list /Users/NaDou329/CCIR_master/Application/Runtime/Cache/Admin/b595b808c2ebeeeb0478ffc30bb4e87a.php 第 88 行.
NOTIC: [8] Undefined variable: list /Users/NaDou329/CCIR_master/Application/Runtime/Cache/Admin/b595b808c2ebeeeb0478ffc30bb4e87a.php 第 133 行.
INFO: Run Behavior\ParseTemplateBehavior [ RunTime:0.004662s ]
INFO: [ view_parse ] --END-- [ RunTime:-0.000449s ]
INFO: [ view_filter ] --START--
INFO: Run Behavior\WriteHtmlCacheBehavior [ RunTime:0.000008s ]
INFO: [ view_filter ] --END-- [ RunTime:-0.004837s ]
NOTIC: [2] Cannot modify header information - headers already sent by (output started at /Users/NaDou329/CCIR_master/ThinkPHP/Library/Think/View.class.php:95) /Users/NaDou329/CCIR_master/ThinkPHP/Library/Think/View.class.php 第 91 行.
NOTIC: [2] Cannot modify header information - headers already sent by (output started at /Users/NaDou329/CCIR_master/ThinkPHP/Library/Think/View.class.php:95) /Users/NaDou329/CCIR_master/ThinkPHP/Library/Think/View.class.php 第 92 行.
NOTIC: [2] Cannot modify header information - headers already sent by (output started at /Users/NaDou329/CCIR_master/ThinkPHP/Library/Think/View.class.php:95) /Users/NaDou329/CCIR_master/ThinkPHP/Library/Think/View.class.php 第 93 行.
INFO: [ view_parse ] --START--
INFO: [ template_filter ] --START--
INFO: Run Behavior\ContentReplaceBehavior [ RunTime:0.000047s ]
INFO: [ template_filter ] --END-- [ RunTime:-0.008308s ]
INFO: Run Behavior\ParseTemplateBehavior [ RunTime:0.001664s ]
INFO: [ view_parse ] --END-- [ RunTime:-0.005353s ]
INFO: [ view_filter ] --START--
INFO: Run Behavior\WriteHtmlCacheBehavior [ RunTime:0.000015s ]
INFO: [ view_filter ] --END-- [ RunTime:-0.006774s ]
NOTIC: [2] Cannot modify header information - headers already sent by (output started at /Users/NaDou329/CCIR_master/ThinkPHP/Library/Think/View.class.php:95) /Users/NaDou329/CCIR_master/ThinkPHP/Library/Think/View.class.php 第 91 行.
NOTIC: [2] Cannot modify header information - headers already sent by (output started at /Users/NaDou329/CCIR_master/ThinkPHP/Library/Think/View.class.php:95) /Users/NaDou329/CCIR_master/ThinkPHP/Library/Think/View.class.php 第 92 行.
NOTIC: [2] Cannot modify header information - headers already sent by (output started at /Users/NaDou329/CCIR_master/ThinkPHP/Library/Think/View.class.php:95) /Users/NaDou329/CCIR_master/ThinkPHP/Library/Think/View.class.php 第 93 行.
INFO: [ app_end ] --START--
INFO: Run Behavior\ShowPageTraceBehavior [ RunTime:0.000687s ]
INFO: [ app_end ] --END-- [ RunTime:0.000758s ]

[ 2017-12-29T18:45:33+08:00 ] ::1 /CCIR_master/index.php/Admin/Contest/contestlist.html
INFO: [ app_init ] --START--
INFO: Run Behavior\BuildLiteBehavior [ RunTime:0.000012s ]
INFO: [ app_init ] --END-- [ RunTime:0.000325s ]
INFO: [ app_begin ] --START--
INFO: Run Behavior\ReadHtmlCacheBehavior [ RunTime:0.000663s ]
INFO: [ app_begin ] --END-- [ RunTime:0.000726s ]
SQL: SHOW COLUMNS FROM `c_type` [ RunTime:0.0010s ]
SQL: SELECT * FROM `c_type`  [ RunTime:0.0002s ]
SQL: SHOW COLUMNS FROM `c_contest` [ RunTime:0.0011s ]
NOTIC: [8] Undefined variable: con /Users/NaDou329/CCIR_master/Application/Admin/Controller/ContestController.class.php 第 45 行.
SQL: SELECT * FROM `c_contest` LIMIT 0,16   [ RunTime:0.0003s ]
NOTIC: [8] Undefined variable: con /Users/NaDou329/CCIR_master/Application/Admin/Controller/ContestController.class.php 第 48 行.
SQL: SELECT COUNT(*) AS tp_count FROM `c_contest` LIMIT 1   [ RunTime:0.0001s ]
INFO: [ view_parse ] --START--
INFO: [ template_filter ] --START--
INFO: Run Behavior\ContentReplaceBehavior [ RunTime:0.000080s ]
INFO: [ template_filter ] --END-- [ RunTime:0.000126s ]
NOTIC: [8] Undefined index: edminInfo /Users/NaDou329/CCIR_master/Application/Runtime/Cache/Admin/7bfc0d982635ce2dad90593272af3e31.php 第 53 行.
INFO: Run Behavior\ParseTemplateBehavior [ RunTime:0.007692s ]
INFO: [ view_parse ] --END-- [ RunTime:0.007734s ]
INFO: [ view_filter ] --START--
INFO: Run Behavior\WriteHtmlCacheBehavior [ RunTime:0.000149s ]
INFO: [ view_filter ] --END-- [ RunTime:0.000177s ]
INFO: [ view_parse ] --START--
INFO: [ template_filter ] --START--
INFO: Run Behavior\ContentReplaceBehavior [ RunTime:0.000096s ]
INFO: [ template_filter ] --END-- [ RunTime:-0.004938s ]
NOTIC: [2] Illegal string offset 'maintype' /Users/NaDou329/CCIR_master/Application/Runtime/Cache/Admin/e98dccafb4d4a55fc168a38281bf83a5.php 第 37 行.
NOTIC: [8] Undefined index: maintype /Users/NaDou329/CCIR_master/Application/Runtime/Cache/Admin/e98dccafb4d4a55fc168a38281bf83a5.php 第 37 行.
NOTIC: [2] Illegal string offset 'maintype' /Users/NaDou329/CCIR_master/Application/Runtime/Cache/Admin/e98dccafb4d4a55fc168a38281bf83a5.php 第 38 行.
NOTIC: [2] Illegal string offset 'maintype' /Users/NaDou329/CCIR_master/Application/Runtime/Cache/Admin/e98dccafb4d4a55fc168a38281bf83a5.php 第 39 行.
NOTIC: [2] Illegal string offset 'maintype' /Users/NaDou329/CCIR_master/Application/Runtime/Cache/Admin/e98dccafb4d4a55fc168a38281bf83a5.php 第 37 行.
NOTIC: [8] Undefined index: maintype /Users/NaDou329/CCIR_master/Application/Runtime/Cache/Admin/e98dccafb4d4a55fc168a38281bf83a5.php 第 37 行.
NOTIC: [2] Illegal string offset 'maintype' /Users/NaDou329/CCIR_master/Application/Runtime/Cache/Admin/e98dccafb4d4a55fc168a38281bf83a5.php 第 38 行.
NOTIC: [2] Illegal string offset 'maintype' /Users/NaDou329/CCIR_master/Application/Runtime/Cache/Admin/e98dccafb4d4a55fc168a38281bf83a5.php 第 39 行.
NOTIC: [8] Undefined index: typeId /Users/NaDou329/CCIR_master/Application/Runtime/Cache/Admin/e98dccafb4d4a55fc168a38281bf83a5.php 第 49 行.
NOTIC: [8] Undefined index: typeId /Users/NaDou329/CCIR_master/Application/Runtime/Cache/Admin/e98dccafb4d4a55fc168a38281bf83a5.php 第 49 行.
NOTIC: [8] Undefined index: typeId /Users/NaDou329/CCIR_master/Application/Runtime/Cache/Admin/e98dccafb4d4a55fc168a38281bf83a5.php 第 49 行.
NOTIC: [8] Undefined index: typeId /Users/NaDou329/CCIR_master/Application/Runtime/Cache/Admin/e98dccafb4d4a55fc168a38281bf83a5.php 第 49 行.
NOTIC: [8] Undefined index: typeId /Users/NaDou329/CCIR_master/Application/Runtime/Cache/Admin/e98dccafb4d4a55fc168a38281bf83a5.php 第 49 行.
NOTIC: [8] Undefined index: typeId /Users/NaDou329/CCIR_master/Application/Runtime/Cache/Admin/e98dccafb4d4a55fc168a38281bf83a5.php 第 49 行.
NOTIC: [8] Undefined index: typeId /Users/NaDou329/CCIR_master/Application/Runtime/Cache/Admin/e98dccafb4d4a55fc168a38281bf83a5.php 第 49 行.
NOTIC: [8] Undefined index: typeId /Users/NaDou329/CCIR_master/Application/Runtime/Cache/Admin/e98dccafb4d4a55fc168a38281bf83a5.php 第 49 行.
NOTIC: [8] Undefined index: typeId /Users/NaDou329/CCIR_master/Application/Runtime/Cache/Admin/e98dccafb4d4a55fc168a38281bf83a5.php 第 49 行.
NOTIC: [8] Undefined index: typeId /Users/NaDou329/CCIR_master/Application/Runtime/Cache/Admin/e98dccafb4d4a55fc168a38281bf83a5.php 第 49 行.
NOTIC: [8] Undefined index: typeId /Users/NaDou329/CCIR_master/Application/Runtime/Cache/Admin/e98dccafb4d4a55fc168a38281bf83a5.php 第 49 行.
NOTIC: [8] Undefined index: typeId /Users/NaDou329/CCIR_master/Application/Runtime/Cache/Admin/e98dccafb4d4a55fc168a38281bf83a5.php 第 49 行.
NOTIC: [8] Undefined index: typeId /Users/NaDou329/CCIR_master/Application/Runtime/Cache/Admin/e98dccafb4d4a55fc168a38281bf83a5.php 第 49 行.
NOTIC: [8] Undefined index: typeId /Users/NaDou329/CCIR_master/Application/Runtime/Cache/Admin/e98dccafb4d4a55fc168a38281bf83a5.php 第 49 行.
NOTIC: [8] Undefined index: typeId /Users/NaDou329/CCIR_master/Application/Runtime/Cache/Admin/e98dccafb4d4a55fc168a38281bf83a5.php 第 49 行.
INFO: Run Behavior\ParseTemplateBehavior [ RunTime:0.004390s ]
INFO: [ view_parse ] --END-- [ RunTime:-0.000265s ]
INFO: [ view_filter ] --START--
INFO: Run Behavior\WriteHtmlCacheBehavior [ RunTime:0.000007s ]
INFO: [ view_filter ] --END-- [ RunTime:-0.004513s ]
NOTIC: [2] Cannot modify header information - headers already sent by (output started at /Users/NaDou329/CCIR_master/ThinkPHP/Library/Think/View.class.php:95) /Users/NaDou329/CCIR_master/ThinkPHP/Library/Think/View.class.php 第 91 行.
NOTIC: [2] Cannot modify header information - headers already sent by (output started at /Users/NaDou329/CCIR_master/ThinkPHP/Library/Think/View.class.php:95) /Users/NaDou329/CCIR_master/ThinkPHP/Library/Think/View.class.php 第 92 行.
NOTIC: [2] Cannot modify header information - headers already sent by (output started at /Users/NaDou329/CCIR_master/ThinkPHP/Library/Think/View.class.php:95) /Users/NaDou329/CCIR_master/ThinkPHP/Library/Think/View.class.php 第 93 行.
INFO: [ view_parse ] --START--
INFO: [ template_filter ] --START--
INFO: Run Behavior\ContentReplaceBehavior [ RunTime:0.000033s ]
INFO: [ template_filter ] --END-- [ RunTime:-0.007429s ]
INFO: Run Behavior\ParseTemplateBehavior [ RunTime:0.001158s ]
INFO: [ view_parse ] --END-- [ RunTime:-0.004911s ]
INFO: [ view_filter ] --START--
INFO: Run Behavior\WriteHtmlCacheBehavior [ RunTime:0.000009s ]
INFO: [ view_filter ] --END-- [ RunTime:-0.005939s ]
NOTIC: [2] Cannot modify header information - headers already sent by (output started at /Users/NaDou329/CCIR_master/ThinkPHP/Library/Think/View.class.php:95) /Users/NaDou329/CCIR_master/ThinkPHP/Library/Think/View.class.php 第 91 行.
NOTIC: [2] Cannot modify header information - headers already sent by (output started at /Users/NaDou329/CCIR_master/ThinkPHP/Library/Think/View.class.php:95) /Users/NaDou329/CCIR_master/ThinkPHP/Library/Think/View.class.php 第 92 行.
NOTIC: [2] Cannot modify header information - headers already sent by (output started at /Users/NaDou329/CCIR_master/ThinkPHP/Library/Think/View.class.php:95) /Users/NaDou329/CCIR_master/ThinkPHP/Library/Think/View.class.php 第 93 行.
INFO: [ app_end ] --START--
INFO: Run Behavior\ShowPageTraceBehavior [ RunTime:0.000584s ]
INFO: [ app_end ] --END-- [ RunTime:0.000633s ]

[ 2017-12-29T18:45:35+08:00 ] ::1 /CCIR_master/index.php/Admin/contest/addcontest.html
INFO: [ app_init ] --START--
INFO: Run Behavior\BuildLiteBehavior [ RunTime:0.000021s ]
INFO: [ app_init ] --END-- [ RunTime:0.000530s ]
INFO: [ app_begin ] --START--
INFO: Run Behavior\ReadHtmlCacheBehavior [ RunTime:0.001256s ]
INFO: [ app_begin ] --END-- [ RunTime:0.001414s ]
NOTIC: [8] Undefined variable: arr /Users/NaDou329/CCIR_master/Application/Admin/Controller/CommonController.class.php 第 38 行.
SQL: SHOW COLUMNS FROM `c_log` [ RunTime:0.0010s ]
SQL: INSERT INTO `c_log` (`userId`,`ip`,`time`,`c`,`a`,`agent`) VALUES ('1','0.0.0.0','1514544335','contest','addcontest','Mozilla/5.0 (Macintosh; Intel Mac OS X 10_12_1) AppleWebKit/537.36 (KHTML, like Gecko) Chrome/63.0.3239.84 Safari/537.36') [ RunTime:0.0004s ]
SQL: SHOW COLUMNS FROM `c_contest` [ RunTime:0.0012s ]
SQL: SHOW COLUMNS FROM `c_type` [ RunTime:0.0010s ]
SQL: SELECT * FROM `c_type`  [ RunTime:0.0004s ]
NOTIC: [8] Undefined index: privilegeid /Users/NaDou329/CCIR_master/Application/Component/Classify.class.php 第 33 行.
NOTIC: [8] Undefined index: privilegeid /Users/NaDou329/CCIR_master/Application/Component/Classify.class.php 第 33 行.
NOTIC: [8] Undefined index: privilegeid /Users/NaDou329/CCIR_master/Application/Component/Classify.class.php 第 33 行.
NOTIC: [8] Undefined index: privilegeid /Users/NaDou329/CCIR_master/Application/Component/Classify.class.php 第 33 行.
NOTIC: [8] Undefined index: privilegeid /Users/NaDou329/CCIR_master/Application/Component/Classify.class.php 第 33 行.
NOTIC: [8] Undefined index: privilegeid /Users/NaDou329/CCIR_master/Application/Component/Classify.class.php 第 33 行.
NOTIC: [8] Undefined index: privilegeid /Users/NaDou329/CCIR_master/Application/Component/Classify.class.php 第 33 行.
NOTIC: [8] Undefined index: privilegeid /Users/NaDou329/CCIR_master/Application/Component/Classify.class.php 第 33 行.
NOTIC: [8] Undefined index: privilegeid /Users/NaDou329/CCIR_master/Application/Component/Classify.class.php 第 33 行.
NOTIC: [8] Undefined index: privilegeid /Users/NaDou329/CCIR_master/Application/Component/Classify.class.php 第 33 行.
INFO: [ view_parse ] --START--
INFO: [ template_filter ] --START--
INFO: Run Behavior\ContentReplaceBehavior [ RunTime:0.000077s ]
INFO: [ template_filter ] --END-- [ RunTime:0.000129s ]
NOTIC: [8] Undefined index: edminInfo /Users/NaDou329/CCIR_master/Application/Runtime/Cache/Admin/478dc61cb15681b787a1bf0ff5304105.php 第 53 行.
INFO: Run Behavior\ParseTemplateBehavior [ RunTime:0.008647s ]
INFO: [ view_parse ] --END-- [ RunTime:0.008700s ]
INFO: [ view_filter ] --START--
INFO: Run Behavior\WriteHtmlCacheBehavior [ RunTime:0.000186s ]
INFO: [ view_filter ] --END-- [ RunTime:0.000217s ]
INFO: [ view_parse ] --START--
INFO: [ template_filter ] --START--
INFO: Run Behavior\ContentReplaceBehavior [ RunTime:0.000104s ]
INFO: [ template_filter ] --END-- [ RunTime:-0.004411s ]
NOTIC: [8] Undefined variable: info /Users/NaDou329/CCIR_master/Application/Runtime/Cache/Admin/f346669ec00a64ad36df30f0b1852693.php 第 28 行.
NOTIC: [8] Undefined variable: info /Users/NaDou329/CCIR_master/Application/Runtime/Cache/Admin/f346669ec00a64ad36df30f0b1852693.php 第 38 行.
NOTIC: [8] Undefined variable: info /Users/NaDou329/CCIR_master/Application/Runtime/Cache/Admin/f346669ec00a64ad36df30f0b1852693.php 第 39 行.
NOTIC: [8] Undefined variable: info /Users/NaDou329/CCIR_master/Application/Runtime/Cache/Admin/f346669ec00a64ad36df30f0b1852693.php 第 55 行.
NOTIC: [8] Undefined variable: info /Users/NaDou329/CCIR_master/Application/Runtime/Cache/Admin/f346669ec00a64ad36df30f0b1852693.php 第 64 行.
NOTIC: [8] Undefined variable: info /Users/NaDou329/CCIR_master/Application/Runtime/Cache/Admin/f346669ec00a64ad36df30f0b1852693.php 第 73 行.
NOTIC: [8] Undefined variable: info /Users/NaDou329/CCIR_master/Application/Runtime/Cache/Admin/f346669ec00a64ad36df30f0b1852693.php 第 82 行.
NOTIC: [8] Undefined variable: info /Users/NaDou329/CCIR_master/Application/Runtime/Cache/Admin/f346669ec00a64ad36df30f0b1852693.php 第 92 行.
NOTIC: [8] Undefined variable: info /Users/NaDou329/CCIR_master/Application/Runtime/Cache/Admin/f346669ec00a64ad36df30f0b1852693.php 第 104 行.
NOTIC: [8] Undefined variable: info /Users/NaDou329/CCIR_master/Application/Runtime/Cache/Admin/f346669ec00a64ad36df30f0b1852693.php 第 106 行.
NOTIC: [8] Undefined variable: info /Users/NaDou329/CCIR_master/Application/Runtime/Cache/Admin/f346669ec00a64ad36df30f0b1852693.php 第 119 行.
NOTIC: [8] Undefined variable: info /Users/NaDou329/CCIR_master/Application/Runtime/Cache/Admin/f346669ec00a64ad36df30f0b1852693.php 第 119 行.
NOTIC: [8] Undefined variable: info /Users/NaDou329/CCIR_master/Application/Runtime/Cache/Admin/f346669ec00a64ad36df30f0b1852693.php 第 119 行.
NOTIC: [8] Undefined variable: info /Users/NaDou329/CCIR_master/Application/Runtime/Cache/Admin/f346669ec00a64ad36df30f0b1852693.php 第 119 行.
NOTIC: [8] Undefined variable: info /Users/NaDou329/CCIR_master/Application/Runtime/Cache/Admin/f346669ec00a64ad36df30f0b1852693.php 第 119 行.
NOTIC: [8] Undefined variable: info /Users/NaDou329/CCIR_master/Application/Runtime/Cache/Admin/f346669ec00a64ad36df30f0b1852693.php 第 119 行.
NOTIC: [8] Undefined variable: info /Users/NaDou329/CCIR_master/Application/Runtime/Cache/Admin/f346669ec00a64ad36df30f0b1852693.php 第 119 行.
NOTIC: [8] Undefined variable: info /Users/NaDou329/CCIR_master/Application/Runtime/Cache/Admin/f346669ec00a64ad36df30f0b1852693.php 第 119 行.
NOTIC: [8] Undefined variable: info /Users/NaDou329/CCIR_master/Application/Runtime/Cache/Admin/f346669ec00a64ad36df30f0b1852693.php 第 119 行.
NOTIC: [8] Undefined variable: info /Users/NaDou329/CCIR_master/Application/Runtime/Cache/Admin/f346669ec00a64ad36df30f0b1852693.php 第 119 行.
NOTIC: [8] Undefined variable: info /Users/NaDou329/CCIR_master/Application/Runtime/Cache/Admin/f346669ec00a64ad36df30f0b1852693.php 第 119 行.
NOTIC: [8] Undefined variable: info /Users/NaDou329/CCIR_master/Application/Runtime/Cache/Admin/f346669ec00a64ad36df30f0b1852693.php 第 119 行.
NOTIC: [8] Undefined variable: info /Users/NaDou329/CCIR_master/Application/Runtime/Cache/Admin/f346669ec00a64ad36df30f0b1852693.php 第 119 行.
NOTIC: [8] Undefined variable: info /Users/NaDou329/CCIR_master/Application/Runtime/Cache/Admin/f346669ec00a64ad36df30f0b1852693.php 第 119 行.
NOTIC: [8] Undefined variable: info /Users/NaDou329/CCIR_master/Application/Runtime/Cache/Admin/f346669ec00a64ad36df30f0b1852693.php 第 119 行.
NOTIC: [8] Undefined variable: info /Users/NaDou329/CCIR_master/Application/Runtime/Cache/Admin/f346669ec00a64ad36df30f0b1852693.php 第 132 行.
NOTIC: [8] Undefined variable: info /Users/NaDou329/CCIR_master/Application/Runtime/Cache/Admin/f346669ec00a64ad36df30f0b1852693.php 第 141 行.
NOTIC: [8] Undefined variable: info /Users/NaDou329/CCIR_master/Application/Runtime/Cache/Admin/f346669ec00a64ad36df30f0b1852693.php 第 149 行.
NOTIC: [8] Undefined variable: info /Users/NaDou329/CCIR_master/Application/Runtime/Cache/Admin/f346669ec00a64ad36df30f0b1852693.php 第 157 行.
NOTIC: [8] Use of undefined constant ADMIN_UEDITOR_URL - assumed 'ADMIN_UEDITOR_URL' /Users/NaDou329/CCIR_master/Application/Runtime/Cache/Admin/f346669ec00a64ad36df30f0b1852693.php 第 177 行.
NOTIC: [8] Use of undefined constant ADMIN_UEDITOR_URL - assumed 'ADMIN_UEDITOR_URL' /Users/NaDou329/CCIR_master/Application/Runtime/Cache/Admin/f346669ec00a64ad36df30f0b1852693.php 第 178 行.
NOTIC: [8] Use of undefined constant ADMIN_UEDITOR_URL - assumed 'ADMIN_UEDITOR_URL' /Users/NaDou329/CCIR_master/Application/Runtime/Cache/Admin/f346669ec00a64ad36df30f0b1852693.php 第 179 行.
INFO: Run Behavior\ParseTemplateBehavior [ RunTime:0.003770s ]
INFO: [ view_parse ] --END-- [ RunTime:-0.000302s ]
INFO: [ view_filter ] --START--
INFO: Run Behavior\WriteHtmlCacheBehavior [ RunTime:0.000008s ]
INFO: [ view_filter ] --END-- [ RunTime:-0.003881s ]
NOTIC: [2] Cannot modify header information - headers already sent by (output started at /Users/NaDou329/CCIR_master/ThinkPHP/Library/Think/View.class.php:95) /Users/NaDou329/CCIR_master/ThinkPHP/Library/Think/View.class.php 第 91 行.
NOTIC: [2] Cannot modify header information - headers already sent by (output started at /Users/NaDou329/CCIR_master/ThinkPHP/Library/Think/View.class.php:95) /Users/NaDou329/CCIR_master/ThinkPHP/Library/Think/View.class.php 第 92 行.
NOTIC: [2] Cannot modify header information - headers already sent by (output started at /Users/NaDou329/CCIR_master/ThinkPHP/Library/Think/View.class.php:95) /Users/NaDou329/CCIR_master/ThinkPHP/Library/Think/View.class.php 第 93 行.
INFO: [ view_parse ] --START--
INFO: [ template_filter ] --START--
INFO: Run Behavior\ContentReplaceBehavior [ RunTime:0.000046s ]
INFO: [ template_filter ] --END-- [ RunTime:-0.006854s ]
INFO: Run Behavior\ParseTemplateBehavior [ RunTime:0.001566s ]
INFO: [ view_parse ] --END-- [ RunTime:-0.004298s ]
INFO: [ view_filter ] --START--
INFO: Run Behavior\WriteHtmlCacheBehavior [ RunTime:0.000013s ]
INFO: [ view_filter ] --END-- [ RunTime:-0.005738s ]
NOTIC: [2] Cannot modify header information - headers already sent by (output started at /Users/NaDou329/CCIR_master/ThinkPHP/Library/Think/View.class.php:95) /Users/NaDou329/CCIR_master/ThinkPHP/Library/Think/View.class.php 第 91 行.
NOTIC: [2] Cannot modify header information - headers already sent by (output started at /Users/NaDou329/CCIR_master/ThinkPHP/Library/Think/View.class.php:95) /Users/NaDou329/CCIR_master/ThinkPHP/Library/Think/View.class.php 第 92 行.
NOTIC: [2] Cannot modify header information - headers already sent by (output started at /Users/NaDou329/CCIR_master/ThinkPHP/Library/Think/View.class.php:95) /Users/NaDou329/CCIR_master/ThinkPHP/Library/Think/View.class.php 第 93 行.
INFO: [ app_end ] --START--
INFO: Run Behavior\ShowPageTraceBehavior [ RunTime:0.001149s ]
INFO: [ app_end ] --END-- [ RunTime:0.001254s ]

[ 2017-12-29T18:45:35+08:00 ] ::1 /CCIR_master/index.php/Admin/contest/$info['imgsrc']
INFO: [ app_init ] --START--
INFO: Run Behavior\BuildLiteBehavior [ RunTime:0.000027s ]
INFO: [ app_init ] --END-- [ RunTime:0.000497s ]
INFO: [ app_begin ] --START--
INFO: Run Behavior\ReadHtmlCacheBehavior [ RunTime:0.000807s ]
INFO: [ app_begin ] --END-- [ RunTime:0.000893s ]
ERR: 非法操作:$info['imgsrc']

[ 2017-12-29T20:55:19+08:00 ] ::1 /CCIR_master/index.php/admin/user/login
INFO: [ app_init ] --START--
INFO: Run Behavior\BuildLiteBehavior [ RunTime:0.000013s ]
INFO: [ app_init ] --END-- [ RunTime:0.000567s ]
INFO: [ app_begin ] --START--
INFO: Run Behavior\ReadHtmlCacheBehavior [ RunTime:0.000943s ]
INFO: [ app_begin ] --END-- [ RunTime:0.001019s ]
INFO: [ view_parse ] --START--
INFO: [ template_filter ] --START--
INFO: Run Behavior\ContentReplaceBehavior [ RunTime:0.000063s ]
INFO: [ template_filter ] --END-- [ RunTime:0.000109s ]
INFO: Run Behavior\ParseTemplateBehavior [ RunTime:0.009736s ]
INFO: [ view_parse ] --END-- [ RunTime:0.009797s ]
INFO: [ view_filter ] --START--
INFO: Run Behavior\WriteHtmlCacheBehavior [ RunTime:0.000318s ]
INFO: [ view_filter ] --END-- [ RunTime:0.000351s ]
INFO: [ app_end ] --START--
INFO: Run Behavior\ShowPageTraceBehavior [ RunTime:0.001210s ]
INFO: [ app_end ] --END-- [ RunTime:0.001253s ]

[ 2017-12-29T20:55:19+08:00 ] ::1 /CCIR_master/index.php/Admin/User/code
INFO: [ app_init ] --START--
INFO: Run Behavior\BuildLiteBehavior [ RunTime:0.000029s ]
INFO: [ app_init ] --END-- [ RunTime:0.000671s ]
INFO: [ app_begin ] --START--
INFO: Run Behavior\ReadHtmlCacheBehavior [ RunTime:0.000670s ]
INFO: [ app_begin ] --END-- [ RunTime:0.000787s ]
NOTIC: [8] ob_clean(): failed to delete buffer. No buffer to delete /Users/NaDou329/CCIR_master/Application/Admin/Controller/UserController.class.php 第 13 行.
INFO: [ app_end ] --START--
INFO: Run Behavior\ShowPageTraceBehavior [ RunTime:0.001116s ]
INFO: [ app_end ] --END-- [ RunTime:0.001214s ]

[ 2017-12-29T20:55:25+08:00 ] ::1 /CCIR_master/index.php/Admin/User/code/0.9118396474091883
INFO: [ app_init ] --START--
INFO: Run Behavior\BuildLiteBehavior [ RunTime:0.000018s ]
INFO: [ app_init ] --END-- [ RunTime:0.000423s ]
INFO: [ app_begin ] --START--
INFO: Run Behavior\ReadHtmlCacheBehavior [ RunTime:0.000651s ]
INFO: [ app_begin ] --END-- [ RunTime:0.000735s ]
NOTIC: [8] ob_clean(): failed to delete buffer. No buffer to delete /Users/NaDou329/CCIR_master/Application/Admin/Controller/UserController.class.php 第 13 行.
INFO: [ app_end ] --START--
INFO: Run Behavior\ShowPageTraceBehavior [ RunTime:0.000839s ]
INFO: [ app_end ] --END-- [ RunTime:0.000978s ]

[ 2017-12-29T20:55:26+08:00 ] ::1 /CCIR_master/index.php/Admin/User/code/0.43997500334152106
INFO: [ app_init ] --START--
INFO: Run Behavior\BuildLiteBehavior [ RunTime:0.000011s ]
INFO: [ app_init ] --END-- [ RunTime:0.000303s ]
INFO: [ app_begin ] --START--
INFO: Run Behavior\ReadHtmlCacheBehavior [ RunTime:0.000507s ]
INFO: [ app_begin ] --END-- [ RunTime:0.000573s ]
NOTIC: [8] ob_clean(): failed to delete buffer. No buffer to delete /Users/NaDou329/CCIR_master/Application/Admin/Controller/UserController.class.php 第 13 行.
INFO: [ app_end ] --START--
INFO: Run Behavior\ShowPageTraceBehavior [ RunTime:0.001216s ]
INFO: [ app_end ] --END-- [ RunTime:0.001304s ]

[ 2017-12-29T20:55:33+08:00 ] ::1 /CCIR_master/index.php/Admin/User/checkLogin
INFO: [ app_init ] --START--
INFO: Run Behavior\BuildLiteBehavior [ RunTime:0.000032s ]
INFO: [ app_init ] --END-- [ RunTime:0.002497s ]
INFO: [ app_begin ] --START--
INFO: Run Behavior\ReadHtmlCacheBehavior [ RunTime:0.000629s ]
INFO: [ app_begin ] --END-- [ RunTime:0.000702s ]
SQL: SHOW COLUMNS FROM `c_user` [ RunTime:0.0035s ]
SQL: SHOW COLUMNS FROM `c_admin` [ RunTime:0.0021s ]
SQL: SELECT * FROM `c_admin` WHERE `username` = 'admin' AND `password` = 'f6fdffe48c908deb0f4c3bd36c032e72' LIMIT 1   [ RunTime:0.0010s ]
NOTIC: [8] Undefined index: iaBan /Users/NaDou329/CCIR_master/Application/Admin/Model/UserModel.class.php 第 21 行.
SQL: UPDATE `c_admin` SET `lastime`='1514552133' WHERE `username` = 'admin' AND `password` = 'f6fdffe48c908deb0f4c3bd36c032e72' [ RunTime:0.0021s ]
SQL: SELECT * FROM `c_admin` WHERE `username` = 'admin' AND `password` = 'f6fdffe48c908deb0f4c3bd36c032e72' LIMIT 1   [ RunTime:0.0009s ]
SQL: SHOW COLUMNS FROM `c_role` [ RunTime:0.0014s ]
SQL: SHOW COLUMNS FROM `c_privilege` [ RunTime:0.0014s ]
SQL: SELECT `rolename`,`privilege` FROM `c_role` WHERE `roleId` = 10 LIMIT 1   [ RunTime:0.0003s ]
SQL: SELECT * FROM `c_privilege` WHERE ( pid=0 )  [ RunTime:0.0002s ]
SQL: SELECT * FROM `c_privilege` WHERE ( pid=1 )  [ RunTime:0.0002s ]
SQL: SELECT * FROM `c_privilege` WHERE ( pid=9 )  [ RunTime:0.0002s ]
SQL: SELECT * FROM `c_privilege` WHERE ( pid=13 )  [ RunTime:0.0001s ]
SQL: SHOW COLUMNS FROM `c_log` [ RunTime:0.0014s ]
SQL: INSERT INTO `c_log` (`userId`,`ip`,`time`,`c`,`a`,`agent`) VALUES ('1','0.0.0.0','1514552133','user','checklogin','Mozilla/5.0 (Macintosh; Intel Mac OS X 10_12_1) AppleWebKit/537.36 (KHTML, like Gecko) Chrome/63.0.3239.84 Safari/537.36') [ RunTime:0.0008s ]
INFO: [ view_parse ] --START--
INFO: [ template_filter ] --START--
INFO: Run Behavior\ContentReplaceBehavior [ RunTime:0.000065s ]
INFO: [ template_filter ] --END-- [ RunTime:0.000110s ]
INFO: Run Behavior\ParseTemplateBehavior [ RunTime:0.012364s ]
INFO: [ view_parse ] --END-- [ RunTime:0.012436s ]
INFO: [ view_filter ] --START--
INFO: Run Behavior\WriteHtmlCacheBehavior [ RunTime:0.000398s ]
INFO: [ view_filter ] --END-- [ RunTime:0.000453s ]
INFO: [ app_end ] --START--
INFO: Run Behavior\ShowPageTraceBehavior [ RunTime:0.000646s ]
INFO: [ app_end ] --END-- [ RunTime:0.000705s ]

[ 2017-12-29T20:55:34+08:00 ] ::1 /CCIR_master/index.php/Admin/Index/index.html
INFO: [ app_init ] --START--
INFO: Run Behavior\BuildLiteBehavior [ RunTime:0.000013s ]
INFO: [ app_init ] --END-- [ RunTime:0.000287s ]
INFO: [ app_begin ] --START--
INFO: Run Behavior\ReadHtmlCacheBehavior [ RunTime:0.000412s ]
INFO: [ app_begin ] --END-- [ RunTime:0.000463s ]
INFO: [ view_parse ] --START--
INFO: [ template_filter ] --START--
INFO: Run Behavior\ContentReplaceBehavior [ RunTime:0.000074s ]
INFO: [ template_filter ] --END-- [ RunTime:0.000116s ]
NOTIC: [8] Undefined index: edminInfo /Users/NaDou329/CCIR_master/Application/Runtime/Cache/Admin/478dc61cb15681b787a1bf0ff5304105.php 第 53 行.
INFO: Run Behavior\ParseTemplateBehavior [ RunTime:0.007856s ]
INFO: [ view_parse ] --END-- [ RunTime:0.007898s ]
INFO: [ view_filter ] --START--
INFO: Run Behavior\WriteHtmlCacheBehavior [ RunTime:0.000132s ]
INFO: [ view_filter ] --END-- [ RunTime:0.000157s ]
INFO: [ view_parse ] --START--
INFO: [ template_filter ] --START--
INFO: Run Behavior\ContentReplaceBehavior [ RunTime:0.000060s ]
INFO: [ template_filter ] --END-- [ RunTime:-0.004156s ]
NOTIC: [8] Undefined variable: list /Users/NaDou329/CCIR_master/Application/Runtime/Cache/Admin/b595b808c2ebeeeb0478ffc30bb4e87a.php 第 88 行.
NOTIC: [8] Undefined variable: list /Users/NaDou329/CCIR_master/Application/Runtime/Cache/Admin/b595b808c2ebeeeb0478ffc30bb4e87a.php 第 133 行.
INFO: Run Behavior\ParseTemplateBehavior [ RunTime:0.003056s ]
INFO: [ view_parse ] --END-- [ RunTime:-0.000244s ]
INFO: [ view_filter ] --START--
INFO: Run Behavior\WriteHtmlCacheBehavior [ RunTime:0.000008s ]
INFO: [ view_filter ] --END-- [ RunTime:-0.003175s ]
NOTIC: [2] Cannot modify header information - headers already sent by (output started at /Users/NaDou329/CCIR_master/ThinkPHP/Library/Think/View.class.php:95) /Users/NaDou329/CCIR_master/ThinkPHP/Library/Think/View.class.php 第 91 行.
NOTIC: [2] Cannot modify header information - headers already sent by (output started at /Users/NaDou329/CCIR_master/ThinkPHP/Library/Think/View.class.php:95) /Users/NaDou329/CCIR_master/ThinkPHP/Library/Think/View.class.php 第 92 行.
NOTIC: [2] Cannot modify header information - headers already sent by (output started at /Users/NaDou329/CCIR_master/ThinkPHP/Library/Think/View.class.php:95) /Users/NaDou329/CCIR_master/ThinkPHP/Library/Think/View.class.php 第 93 行.
INFO: [ view_parse ] --START--
INFO: [ template_filter ] --START--
INFO: Run Behavior\ContentReplaceBehavior [ RunTime:0.000035s ]
INFO: [ template_filter ] --END-- [ RunTime:-0.006038s ]
INFO: Run Behavior\ParseTemplateBehavior [ RunTime:0.001369s ]
INFO: [ view_parse ] --END-- [ RunTime:-0.003585s ]
INFO: [ view_filter ] --START--
INFO: Run Behavior\WriteHtmlCacheBehavior [ RunTime:0.000036s ]
INFO: [ view_filter ] --END-- [ RunTime:-0.004854s ]
NOTIC: [2] Cannot modify header information - headers already sent by (output started at /Users/NaDou329/CCIR_master/ThinkPHP/Library/Think/View.class.php:95) /Users/NaDou329/CCIR_master/ThinkPHP/Library/Think/View.class.php 第 91 行.
NOTIC: [2] Cannot modify header information - headers already sent by (output started at /Users/NaDou329/CCIR_master/ThinkPHP/Library/Think/View.class.php:95) /Users/NaDou329/CCIR_master/ThinkPHP/Library/Think/View.class.php 第 92 行.
NOTIC: [2] Cannot modify header information - headers already sent by (output started at /Users/NaDou329/CCIR_master/ThinkPHP/Library/Think/View.class.php:95) /Users/NaDou329/CCIR_master/ThinkPHP/Library/Think/View.class.php 第 93 行.
INFO: [ app_end ] --START--
INFO: Run Behavior\ShowPageTraceBehavior [ RunTime:0.000576s ]
INFO: [ app_end ] --END-- [ RunTime:0.000628s ]

[ 2017-12-29T20:55:40+08:00 ] ::1 /CCIR_master/index.php/Admin/System/users.html
INFO: [ app_init ] --START--
INFO: Run Behavior\BuildLiteBehavior [ RunTime:0.000020s ]
INFO: [ app_init ] --END-- [ RunTime:0.000406s ]
INFO: [ app_begin ] --START--
INFO: Run Behavior\ReadHtmlCacheBehavior [ RunTime:0.000945s ]
INFO: [ app_begin ] --END-- [ RunTime:0.001084s ]
SQL: SHOW COLUMNS FROM `c_role` [ RunTime:0.0010s ]
SQL: SELECT * FROM `c_role`  [ RunTime:0.0002s ]
NOTIC: [8] Undefined index: type /Users/NaDou329/CCIR_master/Application/Admin/Controller/SystemController.class.php 第 36 行.
NOTIC: [8] Undefined index: type /Users/NaDou329/CCIR_master/Application/Admin/Controller/SystemController.class.php 第 39 行.
SQL: SHOW COLUMNS FROM `c_admin` [ RunTime:0.0011s ]
NOTIC: [8] Undefined variable: con /Users/NaDou329/CCIR_master/Application/Admin/Controller/SystemController.class.php 第 50 行.
SQL: SELECT * FROM `c_admin` INNER JOIN c_role on c_admin.roleId=c_role.roleId  ORDER BY lastime asc LIMIT 0,4   [ RunTime:0.0026s ]
NOTIC: [8] Undefined variable: con /Users/NaDou329/CCIR_master/Application/Admin/Controller/SystemController.class.php 第 51 行.
SQL: SELECT COUNT(*) AS tp_count FROM `c_admin` INNER JOIN c_role on c_admin.roleId=c_role.roleId  LIMIT 1   [ RunTime:0.0005s ]
INFO: [ view_parse ] --START--
INFO: [ template_filter ] --START--
INFO: Run Behavior\ContentReplaceBehavior [ RunTime:0.000097s ]
INFO: [ template_filter ] --END-- [ RunTime:0.000140s ]
NOTIC: [8] Undefined index: edminInfo /Users/NaDou329/CCIR_master/Application/Runtime/Cache/Admin/478dc61cb15681b787a1bf0ff5304105.php 第 53 行.
INFO: Run Behavior\ParseTemplateBehavior [ RunTime:0.009632s ]
INFO: [ view_parse ] --END-- [ RunTime:0.009676s ]
INFO: [ view_filter ] --START--
INFO: Run Behavior\WriteHtmlCacheBehavior [ RunTime:0.000176s ]
INFO: [ view_filter ] --END-- [ RunTime:0.000204s ]
INFO: [ view_parse ] --START--
INFO: [ template_filter ] --START--
INFO: Run Behavior\ContentReplaceBehavior [ RunTime:0.000082s ]
INFO: [ template_filter ] --END-- [ RunTime:-0.004716s ]
NOTIC: [8] Undefined index: roleId /Users/NaDou329/CCIR_master/Application/Runtime/Cache/Admin/448b6a9a14957398c2cccba85933a5fb.php 第 25 行.
NOTIC: [8] Undefined index: roleId /Users/NaDou329/CCIR_master/Application/Runtime/Cache/Admin/448b6a9a14957398c2cccba85933a5fb.php 第 26 行.
NOTIC: [8] Undefined index: roleId /Users/NaDou329/CCIR_master/Application/Runtime/Cache/Admin/448b6a9a14957398c2cccba85933a5fb.php 第 28 行.
NOTIC: [8] Undefined index: roleId /Users/NaDou329/CCIR_master/Application/Runtime/Cache/Admin/448b6a9a14957398c2cccba85933a5fb.php 第 30 行.
NOTIC: [8] Undefined variable: vo /Users/NaDou329/CCIR_master/Application/Runtime/Cache/Admin/448b6a9a14957398c2cccba85933a5fb.php 第 33 行.
NOTIC: [8] Undefined index: type /Users/NaDou329/CCIR_master/Application/Runtime/Cache/Admin/448b6a9a14957398c2cccba85933a5fb.php 第 34 行.
NOTIC: [8] Undefined index: type /Users/NaDou329/CCIR_master/Application/Runtime/Cache/Admin/448b6a9a14957398c2cccba85933a5fb.php 第 35 行.
NOTIC: [8] Undefined index: username /Users/NaDou329/CCIR_master/Application/Runtime/Cache/Admin/448b6a9a14957398c2cccba85933a5fb.php 第 42 行.
NOTIC: [8] Undefined index: role /Users/NaDou329/CCIR_master/Application/Runtime/Cache/Admin/448b6a9a14957398c2cccba85933a5fb.php 第 100 行.
NOTIC: [8] Undefined index: role /Users/NaDou329/CCIR_master/Application/Runtime/Cache/Admin/448b6a9a14957398c2cccba85933a5fb.php 第 105 行.
NOTIC: [8] Undefined index: role /Users/NaDou329/CCIR_master/Application/Runtime/Cache/Admin/448b6a9a14957398c2cccba85933a5fb.php 第 107 行.
NOTIC: [8] Undefined index: role /Users/NaDou329/CCIR_master/Application/Runtime/Cache/Admin/448b6a9a14957398c2cccba85933a5fb.php 第 109 行.
NOTIC: [8] Undefined index: role /Users/NaDou329/CCIR_master/Application/Runtime/Cache/Admin/448b6a9a14957398c2cccba85933a5fb.php 第 109 行.
NOTIC: [8] Undefined index: eid /Users/NaDou329/CCIR_master/Application/Runtime/Cache/Admin/448b6a9a14957398c2cccba85933a5fb.php 第 126 行.
NOTIC: [8] Undefined index: role /Users/NaDou329/CCIR_master/Application/Runtime/Cache/Admin/448b6a9a14957398c2cccba85933a5fb.php 第 100 行.
NOTIC: [8] Undefined index: role /Users/NaDou329/CCIR_master/Application/Runtime/Cache/Admin/448b6a9a14957398c2cccba85933a5fb.php 第 105 行.
NOTIC: [8] Undefined index: role /Users/NaDou329/CCIR_master/Application/Runtime/Cache/Admin/448b6a9a14957398c2cccba85933a5fb.php 第 107 行.
NOTIC: [8] Undefined index: role /Users/NaDou329/CCIR_master/Application/Runtime/Cache/Admin/448b6a9a14957398c2cccba85933a5fb.php 第 109 行.
NOTIC: [8] Undefined index: role /Users/NaDou329/CCIR_master/Application/Runtime/Cache/Admin/448b6a9a14957398c2cccba85933a5fb.php 第 109 行.
NOTIC: [8] Undefined index: eid /Users/NaDou329/CCIR_master/Application/Runtime/Cache/Admin/448b6a9a14957398c2cccba85933a5fb.php 第 126 行.
NOTIC: [8] Undefined index: role /Users/NaDou329/CCIR_master/Application/Runtime/Cache/Admin/448b6a9a14957398c2cccba85933a5fb.php 第 100 行.
NOTIC: [8] Undefined index: role /Users/NaDou329/CCIR_master/Application/Runtime/Cache/Admin/448b6a9a14957398c2cccba85933a5fb.php 第 105 行.
NOTIC: [8] Undefined index: role /Users/NaDou329/CCIR_master/Application/Runtime/Cache/Admin/448b6a9a14957398c2cccba85933a5fb.php 第 107 行.
NOTIC: [8] Undefined index: role /Users/NaDou329/CCIR_master/Application/Runtime/Cache/Admin/448b6a9a14957398c2cccba85933a5fb.php 第 109 行.
NOTIC: [8] Undefined index: role /Users/NaDou329/CCIR_master/Application/Runtime/Cache/Admin/448b6a9a14957398c2cccba85933a5fb.php 第 109 行.
NOTIC: [8] Undefined index: eid /Users/NaDou329/CCIR_master/Application/Runtime/Cache/Admin/448b6a9a14957398c2cccba85933a5fb.php 第 126 行.
NOTIC: [8] Undefined index: role /Users/NaDou329/CCIR_master/Application/Runtime/Cache/Admin/448b6a9a14957398c2cccba85933a5fb.php 第 100 行.
NOTIC: [8] Undefined index: role /Users/NaDou329/CCIR_master/Application/Runtime/Cache/Admin/448b6a9a14957398c2cccba85933a5fb.php 第 105 行.
NOTIC: [8] Undefined index: role /Users/NaDou329/CCIR_master/Application/Runtime/Cache/Admin/448b6a9a14957398c2cccba85933a5fb.php 第 107 行.
NOTIC: [8] Undefined index: role /Users/NaDou329/CCIR_master/Application/Runtime/Cache/Admin/448b6a9a14957398c2cccba85933a5fb.php 第 109 行.
NOTIC: [8] Undefined index: role /Users/NaDou329/CCIR_master/Application/Runtime/Cache/Admin/448b6a9a14957398c2cccba85933a5fb.php 第 109 行.
NOTIC: [8] Undefined index: eid /Users/NaDou329/CCIR_master/Application/Runtime/Cache/Admin/448b6a9a14957398c2cccba85933a5fb.php 第 126 行.
INFO: Run Behavior\ParseTemplateBehavior [ RunTime:0.005300s ]
INFO: [ view_parse ] --END-- [ RunTime:-0.000319s ]
INFO: [ view_filter ] --START--
INFO: Run Behavior\WriteHtmlCacheBehavior [ RunTime:0.000013s ]
INFO: [ view_filter ] --END-- [ RunTime:-0.005489s ]
NOTIC: [2] Cannot modify header information - headers already sent by (output started at /Users/NaDou329/CCIR_master/ThinkPHP/Library/Think/View.class.php:95) /Users/NaDou329/CCIR_master/ThinkPHP/Library/Think/View.class.php 第 91 行.
NOTIC: [2] Cannot modify header information - headers already sent by (output started at /Users/NaDou329/CCIR_master/ThinkPHP/Library/Think/View.class.php:95) /Users/NaDou329/CCIR_master/ThinkPHP/Library/Think/View.class.php 第 92 行.
NOTIC: [2] Cannot modify header information - headers already sent by (output started at /Users/NaDou329/CCIR_master/ThinkPHP/Library/Think/View.class.php:95) /Users/NaDou329/CCIR_master/ThinkPHP/Library/Think/View.class.php 第 93 行.
INFO: [ view_parse ] --START--
INFO: [ template_filter ] --START--
INFO: Run Behavior\ContentReplaceBehavior [ RunTime:0.000035s ]
INFO: [ template_filter ] --END-- [ RunTime:-0.008913s ]
INFO: Run Behavior\ParseTemplateBehavior [ RunTime:0.001255s ]
INFO: [ view_parse ] --END-- [ RunTime:-0.006730s ]
INFO: [ view_filter ] --START--
INFO: Run Behavior\WriteHtmlCacheBehavior [ RunTime:0.000009s ]
INFO: [ view_filter ] --END-- [ RunTime:-0.007829s ]
NOTIC: [2] Cannot modify header information - headers already sent by (output started at /Users/NaDou329/CCIR_master/ThinkPHP/Library/Think/View.class.php:95) /Users/NaDou329/CCIR_master/ThinkPHP/Library/Think/View.class.php 第 91 行.
NOTIC: [2] Cannot modify header information - headers already sent by (output started at /Users/NaDou329/CCIR_master/ThinkPHP/Library/Think/View.class.php:95) /Users/NaDou329/CCIR_master/ThinkPHP/Library/Think/View.class.php 第 92 行.
NOTIC: [2] Cannot modify header information - headers already sent by (output started at /Users/NaDou329/CCIR_master/ThinkPHP/Library/Think/View.class.php:95) /Users/NaDou329/CCIR_master/ThinkPHP/Library/Think/View.class.php 第 93 行.
INFO: [ app_end ] --START--
INFO: Run Behavior\ShowPageTraceBehavior [ RunTime:0.000641s ]
INFO: [ app_end ] --END-- [ RunTime:0.000703s ]

[ 2017-12-29T20:55:48+08:00 ] ::1 /CCIR_master/index.php/Admin/System/reviewLogs.html
INFO: [ app_init ] --START--
INFO: Run Behavior\BuildLiteBehavior [ RunTime:0.000013s ]
INFO: [ app_init ] --END-- [ RunTime:0.000344s ]
INFO: [ app_begin ] --START--
INFO: Run Behavior\ReadHtmlCacheBehavior [ RunTime:0.000606s ]
INFO: [ app_begin ] --END-- [ RunTime:0.000687s ]
SQL: SHOW COLUMNS FROM `c_log` [ RunTime:0.0018s ]
SQL: SELECT logid as id,`username`,`time`,`c`,`a`,`ip` FROM c_log a INNER JOIN c_admin b on a.userid=b.adminid  WHERE ( `time` > 1514390400 AND `time` < 1514563199  ) ORDER BY time desc LIMIT 0,25   [ RunTime:0.0016s ]
SQL: SELECT COUNT(*) AS tp_count FROM c_log a INNER JOIN c_admin b on a.userId=b.adminId  WHERE ( `time` > 1514390400 AND `time` < 1514563199  ) LIMIT 1   [ RunTime:0.0008s ]
INFO: [ view_parse ] --START--
INFO: [ template_filter ] --START--
INFO: Run Behavior\ContentReplaceBehavior [ RunTime:0.000120s ]
INFO: [ template_filter ] --END-- [ RunTime:0.000206s ]
NOTIC: [8] Undefined index: edminInfo /Users/NaDou329/CCIR_master/Application/Runtime/Cache/Admin/478dc61cb15681b787a1bf0ff5304105.php 第 53 行.
INFO: Run Behavior\ParseTemplateBehavior [ RunTime:0.008934s ]
INFO: [ view_parse ] --END-- [ RunTime:0.008994s ]
INFO: [ view_filter ] --START--
INFO: Run Behavior\WriteHtmlCacheBehavior [ RunTime:0.000205s ]
INFO: [ view_filter ] --END-- [ RunTime:0.000241s ]
INFO: [ view_parse ] --START--
INFO: [ template_filter ] --START--
INFO: Run Behavior\ContentReplaceBehavior [ RunTime:0.000084s ]
INFO: [ template_filter ] --END-- [ RunTime:-0.004053s ]
NOTIC: [8] Undefined index: name /Users/NaDou329/CCIR_master/Application/Runtime/Cache/Admin/a7d5f52ab40f29a819221f470dc42fbb.php 第 53 行.
NOTIC: [8] Undefined index: p /Users/NaDou329/CCIR_master/Application/Runtime/Cache/Admin/a7d5f52ab40f29a819221f470dc42fbb.php 第 92 行.
NOTIC: [8] Undefined index: p /Users/NaDou329/CCIR_master/Application/Runtime/Cache/Admin/a7d5f52ab40f29a819221f470dc42fbb.php 第 92 行.
NOTIC: [8] Undefined index: p /Users/NaDou329/CCIR_master/Application/Runtime/Cache/Admin/a7d5f52ab40f29a819221f470dc42fbb.php 第 92 行.
NOTIC: [8] Undefined index: p /Users/NaDou329/CCIR_master/Application/Runtime/Cache/Admin/a7d5f52ab40f29a819221f470dc42fbb.php 第 92 行.
NOTIC: [8] Undefined index: p /Users/NaDou329/CCIR_master/Application/Runtime/Cache/Admin/a7d5f52ab40f29a819221f470dc42fbb.php 第 92 行.
NOTIC: [8] Undefined index: p /Users/NaDou329/CCIR_master/Application/Runtime/Cache/Admin/a7d5f52ab40f29a819221f470dc42fbb.php 第 92 行.
NOTIC: [8] Undefined index: p /Users/NaDou329/CCIR_master/Application/Runtime/Cache/Admin/a7d5f52ab40f29a819221f470dc42fbb.php 第 92 行.
NOTIC: [8] Undefined index: p /Users/NaDou329/CCIR_master/Application/Runtime/Cache/Admin/a7d5f52ab40f29a819221f470dc42fbb.php 第 92 行.
INFO: Run Behavior\ParseTemplateBehavior [ RunTime:0.003224s ]
INFO: [ view_parse ] --END-- [ RunTime:-0.000344s ]
INFO: [ view_filter ] --START--
INFO: Run Behavior\WriteHtmlCacheBehavior [ RunTime:0.000008s ]
INFO: [ view_filter ] --END-- [ RunTime:-0.003356s ]
NOTIC: [2] Cannot modify header information - headers already sent by (output started at /Users/NaDou329/CCIR_master/ThinkPHP/Library/Think/View.class.php:95) /Users/NaDou329/CCIR_master/ThinkPHP/Library/Think/View.class.php 第 91 行.
NOTIC: [2] Cannot modify header information - headers already sent by (output started at /Users/NaDou329/CCIR_master/ThinkPHP/Library/Think/View.class.php:95) /Users/NaDou329/CCIR_master/ThinkPHP/Library/Think/View.class.php 第 92 行.
NOTIC: [2] Cannot modify header information - headers already sent by (output started at /Users/NaDou329/CCIR_master/ThinkPHP/Library/Think/View.class.php:95) /Users/NaDou329/CCIR_master/ThinkPHP/Library/Think/View.class.php 第 93 行.
INFO: [ view_parse ] --START--
INFO: [ template_filter ] --START--
INFO: Run Behavior\ContentReplaceBehavior [ RunTime:0.000033s ]
INFO: [ template_filter ] --END-- [ RunTime:-0.006471s ]
INFO: Run Behavior\ParseTemplateBehavior [ RunTime:0.001225s ]
INFO: [ view_parse ] --END-- [ RunTime:-0.003874s ]
INFO: [ view_filter ] --START--
INFO: Run Behavior\WriteHtmlCacheBehavior [ RunTime:0.000009s ]
INFO: [ view_filter ] --END-- [ RunTime:-0.004904s ]
NOTIC: [2] Cannot modify header information - headers already sent by (output started at /Users/NaDou329/CCIR_master/ThinkPHP/Library/Think/View.class.php:95) /Users/NaDou329/CCIR_master/ThinkPHP/Library/Think/View.class.php 第 91 行.
NOTIC: [2] Cannot modify header information - headers already sent by (output started at /Users/NaDou329/CCIR_master/ThinkPHP/Library/Think/View.class.php:95) /Users/NaDou329/CCIR_master/ThinkPHP/Library/Think/View.class.php 第 92 行.
NOTIC: [2] Cannot modify header information - headers already sent by (output started at /Users/NaDou329/CCIR_master/ThinkPHP/Library/Think/View.class.php:95) /Users/NaDou329/CCIR_master/ThinkPHP/Library/Think/View.class.php 第 93 行.
INFO: [ app_end ] --START--
INFO: Run Behavior\ShowPageTraceBehavior [ RunTime:0.001078s ]
INFO: [ app_end ] --END-- [ RunTime:0.001167s ]

