[ 2018-01-24T11:42:40+08:00 ] ::1 /CCIR_master/index.php/Admin/Contest/contestlist.html
INFO: [ app_init ] --START--
INFO: Run Behavior\BuildLiteBehavior [ RunTime:0.000037s ]
INFO: [ app_init ] --END-- [ RunTime:0.001497s ]
INFO: [ app_begin ] --START--
INFO: Run Behavior\ReadHtmlCacheBehavior [ RunTime:0.001950s ]
INFO: [ app_begin ] --END-- [ RunTime:0.002021s ]
SQL: SHOW COLUMNS FROM `c_type` [ RunTime:0.0021s ]
SQL: SELECT * FROM `c_type`  [ RunTime:0.0005s ]
SQL: SHOW COLUMNS FROM `c_contest` [ RunTime:0.0065s ]
NOTIC: [8] Undefined variable: con /Users/NaDou329/CCIR_master/Application/Admin/Controller/ContestController.class.php 第 49 行.
SQL: SELECT * FROM `c_contest` LIMIT 0,16   [ RunTime:0.0006s ]
NOTIC: [8] Undefined variable: con /Users/NaDou329/CCIR_master/Application/Admin/Controller/ContestController.class.php 第 52 行.
SQL: SELECT COUNT(*) AS tp_count FROM `c_contest` LIMIT 1   [ RunTime:0.0011s ]
INFO: [ view_parse ] --START--
INFO: [ template_filter ] --START--
INFO: Run Behavior\ContentReplaceBehavior [ RunTime:0.000292s ]
INFO: [ template_filter ] --END-- [ RunTime:0.000505s ]
NOTIC: [8] Undefined index: edminInfo /Users/NaDou329/CCIR_master/Application/Runtime/Cache/Admin/7bfc0d982635ce2dad90593272af3e31.php 第 53 行.
INFO: Run Behavior\ParseTemplateBehavior [ RunTime:0.011579s ]
INFO: [ view_parse ] --END-- [ RunTime:0.011625s ]
INFO: [ view_filter ] --START--
INFO: Run Behavior\WriteHtmlCacheBehavior [ RunTime:0.000509s ]
INFO: [ view_filter ] --END-- [ RunTime:0.000543s ]
INFO: [ view_parse ] --START--
INFO: [ template_filter ] --START--
INFO: Run Behavior\ContentReplaceBehavior [ RunTime:0.000100s ]
INFO: [ template_filter ] --END-- [ RunTime:-0.006513s ]
NOTIC: [2] Illegal string offset 'maintype' /Users/NaDou329/CCIR_master/Application/Runtime/Cache/Admin/e98dccafb4d4a55fc168a38281bf83a5.php 第 37 行.
NOTIC: [8] Undefined index: maintype /Users/NaDou329/CCIR_master/Application/Runtime/Cache/Admin/e98dccafb4d4a55fc168a38281bf83a5.php 第 37 行.
NOTIC: [2] Illegal string offset 'maintype' /Users/NaDou329/CCIR_master/Application/Runtime/Cache/Admin/e98dccafb4d4a55fc168a38281bf83a5.php 第 38 行.
NOTIC: [2] Illegal string offset 'maintype' /Users/NaDou329/CCIR_master/Application/Runtime/Cache/Admin/e98dccafb4d4a55fc168a38281bf83a5.php 第 39 行.
NOTIC: [2] Illegal string offset 'maintype' /Users/NaDou329/CCIR_master/Application/Runtime/Cache/Admin/e98dccafb4d4a55fc168a38281bf83a5.php 第 37 行.
NOTIC: [8] Undefined index: maintype /Users/NaDou329/CCIR_master/Application/Runtime/Cache/Admin/e98dccafb4d4a55fc168a38281bf83a5.php 第 37 行.
NOTIC: [2] Illegal string offset 'maintype' /Users/NaDou329/CCIR_master/Application/Runtime/Cache/Admin/e98dccafb4d4a55fc168a38281bf83a5.php 第 38 行.
NOTIC: [2] Illegal string offset 'maintype' /Users/NaDou329/CCIR_master/Application/Runtime/Cache/Admin/e98dccafb4d4a55fc168a38281bf83a5.php 第 39 行.
NOTIC: [2] Illegal string offset 'isrecommend' /Users/NaDou329/CCIR_master/Application/Runtime/Cache/Admin/e98dccafb4d4a55fc168a38281bf83a5.php 第 49 行.
NOTIC: [8] Undefined index: isrecommend /Users/NaDou329/CCIR_master/Application/Runtime/Cache/Admin/e98dccafb4d4a55fc168a38281bf83a5.php 第 49 行.
NOTIC: [2] Illegal string offset 'isrecommend' /Users/NaDou329/CCIR_master/Application/Runtime/Cache/Admin/e98dccafb4d4a55fc168a38281bf83a5.php 第 50 行.
NOTIC: [2] Illegal string offset 'isrecommend' /Users/NaDou329/CCIR_master/Application/Runtime/Cache/Admin/e98dccafb4d4a55fc168a38281bf83a5.php 第 51 行.
NOTIC: [2] Illegal string offset 'isrecommend' /Users/NaDou329/CCIR_master/Application/Runtime/Cache/Admin/e98dccafb4d4a55fc168a38281bf83a5.php 第 49 行.
NOTIC: [8] Undefined index: isrecommend /Users/NaDou329/CCIR_master/Application/Runtime/Cache/Admin/e98dccafb4d4a55fc168a38281bf83a5.php 第 49 行.
NOTIC: [2] Illegal string offset 'isrecommend' /Users/NaDou329/CCIR_master/Application/Runtime/Cache/Admin/e98dccafb4d4a55fc168a38281bf83a5.php 第 50 行.
NOTIC: [2] Illegal string offset 'isrecommend' /Users/NaDou329/CCIR_master/Application/Runtime/Cache/Admin/e98dccafb4d4a55fc168a38281bf83a5.php 第 51 行.
NOTIC: [8] Undefined index: typeId /Users/NaDou329/CCIR_master/Application/Runtime/Cache/Admin/e98dccafb4d4a55fc168a38281bf83a5.php 第 61 行.
NOTIC: [8] Undefined index: typeId /Users/NaDou329/CCIR_master/Application/Runtime/Cache/Admin/e98dccafb4d4a55fc168a38281bf83a5.php 第 61 行.
NOTIC: [8] Undefined index: typeId /Users/NaDou329/CCIR_master/Application/Runtime/Cache/Admin/e98dccafb4d4a55fc168a38281bf83a5.php 第 61 行.
NOTIC: [8] Undefined index: typeId /Users/NaDou329/CCIR_master/Application/Runtime/Cache/Admin/e98dccafb4d4a55fc168a38281bf83a5.php 第 61 行.
NOTIC: [8] Undefined index: typeId /Users/NaDou329/CCIR_master/Application/Runtime/Cache/Admin/e98dccafb4d4a55fc168a38281bf83a5.php 第 61 行.
NOTIC: [8] Undefined index: typeId /Users/NaDou329/CCIR_master/Application/Runtime/Cache/Admin/e98dccafb4d4a55fc168a38281bf83a5.php 第 61 行.
NOTIC: [8] Undefined index: typeId /Users/NaDou329/CCIR_master/Application/Runtime/Cache/Admin/e98dccafb4d4a55fc168a38281bf83a5.php 第 61 行.
NOTIC: [8] Undefined index: typeId /Users/NaDou329/CCIR_master/Application/Runtime/Cache/Admin/e98dccafb4d4a55fc168a38281bf83a5.php 第 61 行.
NOTIC: [8] Undefined index: typeId /Users/NaDou329/CCIR_master/Application/Runtime/Cache/Admin/e98dccafb4d4a55fc168a38281bf83a5.php 第 61 行.
NOTIC: [8] Undefined index: typeId /Users/NaDou329/CCIR_master/Application/Runtime/Cache/Admin/e98dccafb4d4a55fc168a38281bf83a5.php 第 61 行.
NOTIC: [8] Undefined index: typeId /Users/NaDou329/CCIR_master/Application/Runtime/Cache/Admin/e98dccafb4d4a55fc168a38281bf83a5.php 第 61 行.
INFO: Run Behavior\ParseTemplateBehavior [ RunTime:0.004392s ]
INFO: [ view_parse ] --END-- [ RunTime:-0.000993s ]
INFO: [ view_filter ] --START--
INFO: Run Behavior\WriteHtmlCacheBehavior [ RunTime:0.000009s ]
INFO: [ view_filter ] --END-- [ RunTime:-0.004893s ]
NOTIC: [2] Cannot modify header information - headers already sent by (output started at /Users/NaDou329/CCIR_master/ThinkPHP/Library/Think/View.class.php:95) /Users/NaDou329/CCIR_master/ThinkPHP/Library/Think/View.class.php 第 91 行.
NOTIC: [2] Cannot modify header information - headers already sent by (output started at /Users/NaDou329/CCIR_master/ThinkPHP/Library/Think/View.class.php:95) /Users/NaDou329/CCIR_master/ThinkPHP/Library/Think/View.class.php 第 92 行.
NOTIC: [2] Cannot modify header information - headers already sent by (output started at /Users/NaDou329/CCIR_master/ThinkPHP/Library/Think/View.class.php:95) /Users/NaDou329/CCIR_master/ThinkPHP/Library/Think/View.class.php 第 93 行.
INFO: [ view_parse ] --START--
INFO: [ template_filter ] --START--
INFO: Run Behavior\ContentReplaceBehavior [ RunTime:0.000044s ]
INFO: [ template_filter ] --END-- [ RunTime:-0.009595s ]
INFO: Run Behavior\ParseTemplateBehavior [ RunTime:0.001784s ]
INFO: [ view_parse ] --END-- [ RunTime:-0.005731s ]
INFO: [ view_filter ] --START--
INFO: Run Behavior\WriteHtmlCacheBehavior [ RunTime:0.000011s ]
INFO: [ view_filter ] --END-- [ RunTime:-0.007026s ]
NOTIC: [2] Cannot modify header information - headers already sent by (output started at /Users/NaDou329/CCIR_master/ThinkPHP/Library/Think/View.class.php:95) /Users/NaDou329/CCIR_master/ThinkPHP/Library/Think/View.class.php 第 91 行.
NOTIC: [2] Cannot modify header information - headers already sent by (output started at /Users/NaDou329/CCIR_master/ThinkPHP/Library/Think/View.class.php:95) /Users/NaDou329/CCIR_master/ThinkPHP/Library/Think/View.class.php 第 92 行.
NOTIC: [2] Cannot modify header information - headers already sent by (output started at /Users/NaDou329/CCIR_master/ThinkPHP/Library/Think/View.class.php:95) /Users/NaDou329/CCIR_master/ThinkPHP/Library/Think/View.class.php 第 93 行.
INFO: [ app_end ] --START--
INFO: Run Behavior\ShowPageTraceBehavior [ RunTime:0.001190s ]
INFO: [ app_end ] --END-- [ RunTime:0.001249s ]

