[ 2018-01-02T14:39:46+08:00 ] ::1 /CCIR_master/index.php/admin/user/login
INFO: [ app_init ] --START--
INFO: Run Behavior\BuildLiteBehavior [ RunTime:0.000027s ]
INFO: [ app_init ] --END-- [ RunTime:0.001343s ]
INFO: [ app_begin ] --START--
INFO: Run Behavior\ReadHtmlCacheBehavior [ RunTime:0.000865s ]
INFO: [ app_begin ] --END-- [ RunTime:0.000942s ]
INFO: [ view_parse ] --START--
INFO: [ template_filter ] --START--
INFO: Run Behavior\ContentReplaceBehavior [ RunTime:0.000070s ]
INFO: [ template_filter ] --END-- [ RunTime:0.000116s ]
INFO: Run Behavior\ParseTemplateBehavior [ RunTime:0.010228s ]
INFO: [ view_parse ] --END-- [ RunTime:0.010295s ]
INFO: [ view_filter ] --START--
INFO: Run Behavior\WriteHtmlCacheBehavior [ RunTime:0.000479s ]
INFO: [ view_filter ] --END-- [ RunTime:0.000534s ]
INFO: [ app_end ] --START--
INFO: Run Behavior\ShowPageTraceBehavior [ RunTime:0.001131s ]
INFO: [ app_end ] --END-- [ RunTime:0.001194s ]

[ 2018-01-02T14:39:46+08:00 ] ::1 /CCIR_master/index.php/Admin/User/code
INFO: [ app_init ] --START--
INFO: Run Behavior\BuildLiteBehavior [ RunTime:0.000033s ]
INFO: [ app_init ] --END-- [ RunTime:0.000658s ]
INFO: [ app_begin ] --START--
INFO: Run Behavior\ReadHtmlCacheBehavior [ RunTime:0.000880s ]
INFO: [ app_begin ] --END-- [ RunTime:0.000972s ]
NOTIC: [8] ob_clean(): failed to delete buffer. No buffer to delete /Users/NaDou329/CCIR_master/Application/Admin/Controller/UserController.class.php 第 13 行.
INFO: [ app_end ] --START--
INFO: Run Behavior\ShowPageTraceBehavior [ RunTime:0.000851s ]
INFO: [ app_end ] --END-- [ RunTime:0.000928s ]

[ 2018-01-02T14:39:50+08:00 ] ::1 /CCIR_master/index.php/Admin/User/checkLogin
INFO: [ app_init ] --START--
INFO: Run Behavior\BuildLiteBehavior [ RunTime:0.000014s ]
INFO: [ app_init ] --END-- [ RunTime:0.000290s ]
INFO: [ app_begin ] --START--
INFO: Run Behavior\ReadHtmlCacheBehavior [ RunTime:0.000392s ]
INFO: [ app_begin ] --END-- [ RunTime:0.000438s ]
SQL: SHOW COLUMNS FROM `c_user` [ RunTime:0.0064s ]
SQL: SHOW COLUMNS FROM `c_admin` [ RunTime:0.0020s ]
SQL: SELECT * FROM `c_admin` WHERE `username` = 'admin' AND `password` = 'f6fdffe48c908deb0f4c3bd36c032e72' LIMIT 1   [ RunTime:0.0067s ]
NOTIC: [8] Undefined index: iaBan /Users/NaDou329/CCIR_master/Application/Admin/Model/UserModel.class.php 第 21 行.
SQL: UPDATE `c_admin` SET `lastime`='1514875190' WHERE `username` = 'admin' AND `password` = 'f6fdffe48c908deb0f4c3bd36c032e72' [ RunTime:0.0044s ]
SQL: SELECT * FROM `c_admin` WHERE `username` = 'admin' AND `password` = 'f6fdffe48c908deb0f4c3bd36c032e72' LIMIT 1   [ RunTime:0.0002s ]
SQL: SHOW COLUMNS FROM `c_role` [ RunTime:0.0031s ]
SQL: SHOW COLUMNS FROM `c_privilege` [ RunTime:0.0016s ]
SQL: SELECT `rolename`,`privilege` FROM `c_role` WHERE `roleId` = 10 LIMIT 1   [ RunTime:0.0006s ]
SQL: SELECT * FROM `c_privilege` WHERE ( pid=0 )  [ RunTime:0.0002s ]
SQL: SELECT * FROM `c_privilege` WHERE ( pid=1 )  [ RunTime:0.0001s ]
SQL: SELECT * FROM `c_privilege` WHERE ( pid=9 )  [ RunTime:0.0001s ]
SQL: SELECT * FROM `c_privilege` WHERE ( pid=13 )  [ RunTime:0.0001s ]
SQL: SHOW COLUMNS FROM `c_log` [ RunTime:0.0029s ]
SQL: INSERT INTO `c_log` (`userId`,`ip`,`time`,`c`,`a`,`agent`) VALUES ('1','0.0.0.0','1514875190','user','checklogin','Mozilla/5.0 (Macintosh; Intel Mac OS X 10_12_1) AppleWebKit/537.36 (KHTML, like Gecko) Chrome/63.0.3239.84 Safari/537.36') [ RunTime:0.0011s ]
INFO: [ view_parse ] --START--
INFO: [ template_filter ] --START--
INFO: Run Behavior\ContentReplaceBehavior [ RunTime:0.000037s ]
INFO: [ template_filter ] --END-- [ RunTime:0.000083s ]
INFO: Run Behavior\ParseTemplateBehavior [ RunTime:0.008141s ]
INFO: [ view_parse ] --END-- [ RunTime:0.008210s ]
INFO: [ view_filter ] --START--
INFO: Run Behavior\WriteHtmlCacheBehavior [ RunTime:0.000176s ]
INFO: [ view_filter ] --END-- [ RunTime:0.000213s ]
INFO: [ app_end ] --START--
INFO: Run Behavior\ShowPageTraceBehavior [ RunTime:0.000431s ]
INFO: [ app_end ] --END-- [ RunTime:0.000462s ]

[ 2018-01-02T14:39:52+08:00 ] ::1 /CCIR_master/index.php/Admin/Index/index.html
INFO: [ app_init ] --START--
INFO: Run Behavior\BuildLiteBehavior [ RunTime:0.000019s ]
INFO: [ app_init ] --END-- [ RunTime:0.000425s ]
INFO: [ app_begin ] --START--
INFO: Run Behavior\ReadHtmlCacheBehavior [ RunTime:0.000643s ]
INFO: [ app_begin ] --END-- [ RunTime:0.000735s ]
INFO: [ view_parse ] --START--
INFO: [ template_filter ] --START--
INFO: Run Behavior\ContentReplaceBehavior [ RunTime:0.000080s ]
INFO: [ template_filter ] --END-- [ RunTime:0.000124s ]
NOTIC: [8] Undefined index: edminInfo /Users/NaDou329/CCIR_master/Application/Runtime/Cache/Admin/478dc61cb15681b787a1bf0ff5304105.php 第 53 行.
INFO: Run Behavior\ParseTemplateBehavior [ RunTime:0.013581s ]
INFO: [ view_parse ] --END-- [ RunTime:0.013640s ]
INFO: [ view_filter ] --START--
INFO: Run Behavior\WriteHtmlCacheBehavior [ RunTime:0.000161s ]
INFO: [ view_filter ] --END-- [ RunTime:0.000193s ]
INFO: [ view_parse ] --START--
INFO: [ template_filter ] --START--
INFO: Run Behavior\ContentReplaceBehavior [ RunTime:0.000019s ]
INFO: [ template_filter ] --END-- [ RunTime:-0.002887s ]
INFO: Run Behavior\ParseTemplateBehavior [ RunTime:0.001087s ]
INFO: [ view_parse ] --END-- [ RunTime:-0.000344s ]
INFO: [ view_filter ] --START--
INFO: Run Behavior\WriteHtmlCacheBehavior [ RunTime:0.000008s ]
INFO: [ view_filter ] --END-- [ RunTime:-0.001263s ]
NOTIC: [2] Cannot modify header information - headers already sent by (output started at /Users/NaDou329/CCIR_master/ThinkPHP/Library/Think/View.class.php:95) /Users/NaDou329/CCIR_master/ThinkPHP/Library/Think/View.class.php 第 91 行.
NOTIC: [2] Cannot modify header information - headers already sent by (output started at /Users/NaDou329/CCIR_master/ThinkPHP/Library/Think/View.class.php:95) /Users/NaDou329/CCIR_master/ThinkPHP/Library/Think/View.class.php 第 92 行.
NOTIC: [2] Cannot modify header information - headers already sent by (output started at /Users/NaDou329/CCIR_master/ThinkPHP/Library/Think/View.class.php:95) /Users/NaDou329/CCIR_master/ThinkPHP/Library/Think/View.class.php 第 93 行.
INFO: [ view_parse ] --START--
INFO: [ template_filter ] --START--
INFO: Run Behavior\ContentReplaceBehavior [ RunTime:0.000031s ]
INFO: [ template_filter ] --END-- [ RunTime:-0.004198s ]
INFO: Run Behavior\ParseTemplateBehavior [ RunTime:0.001190s ]
INFO: [ view_parse ] --END-- [ RunTime:-0.001628s ]
INFO: [ view_filter ] --START--
INFO: Run Behavior\WriteHtmlCacheBehavior [ RunTime:0.000007s ]
INFO: [ view_filter ] --END-- [ RunTime:-0.002652s ]
NOTIC: [2] Cannot modify header information - headers already sent by (output started at /Users/NaDou329/CCIR_master/ThinkPHP/Library/Think/View.class.php:95) /Users/NaDou329/CCIR_master/ThinkPHP/Library/Think/View.class.php 第 91 行.
NOTIC: [2] Cannot modify header information - headers already sent by (output started at /Users/NaDou329/CCIR_master/ThinkPHP/Library/Think/View.class.php:95) /Users/NaDou329/CCIR_master/ThinkPHP/Library/Think/View.class.php 第 92 行.
NOTIC: [2] Cannot modify header information - headers already sent by (output started at /Users/NaDou329/CCIR_master/ThinkPHP/Library/Think/View.class.php:95) /Users/NaDou329/CCIR_master/ThinkPHP/Library/Think/View.class.php 第 93 行.
INFO: [ app_end ] --START--
INFO: Run Behavior\ShowPageTraceBehavior [ RunTime:0.000585s ]
INFO: [ app_end ] --END-- [ RunTime:0.000630s ]

[ 2018-01-02T14:40:00+08:00 ] ::1 /CCIR_master/index.php/Admin/Contest/contestlist.html
INFO: [ app_init ] --START--
INFO: Run Behavior\BuildLiteBehavior [ RunTime:0.000017s ]
INFO: [ app_init ] --END-- [ RunTime:0.000364s ]
INFO: [ app_begin ] --START--
INFO: Run Behavior\ReadHtmlCacheBehavior [ RunTime:0.000467s ]
INFO: [ app_begin ] --END-- [ RunTime:0.000526s ]
SQL: SHOW COLUMNS FROM `c_type` [ RunTime:0.0017s ]
SQL: SELECT * FROM `c_type`  [ RunTime:0.0002s ]
SQL: SHOW COLUMNS FROM `c_contest` [ RunTime:0.0030s ]
NOTIC: [8] Undefined variable: con /Users/NaDou329/CCIR_master/Application/Admin/Controller/ContestController.class.php 第 45 行.
SQL: SELECT * FROM `c_contest` LIMIT 0,16   [ RunTime:0.0007s ]
NOTIC: [8] Undefined variable: con /Users/NaDou329/CCIR_master/Application/Admin/Controller/ContestController.class.php 第 48 行.
SQL: SELECT COUNT(*) AS tp_count FROM `c_contest` LIMIT 1   [ RunTime:0.0022s ]
INFO: [ view_parse ] --START--
INFO: [ template_filter ] --START--
INFO: Run Behavior\ContentReplaceBehavior [ RunTime:0.000103s ]
INFO: [ template_filter ] --END-- [ RunTime:0.000158s ]
NOTIC: [8] Undefined index: edminInfo /Users/NaDou329/CCIR_master/Application/Runtime/Cache/Admin/7bfc0d982635ce2dad90593272af3e31.php 第 53 行.
INFO: Run Behavior\ParseTemplateBehavior [ RunTime:0.010134s ]
INFO: [ view_parse ] --END-- [ RunTime:0.010187s ]
INFO: [ view_filter ] --START--
INFO: Run Behavior\WriteHtmlCacheBehavior [ RunTime:0.000250s ]
INFO: [ view_filter ] --END-- [ RunTime:0.000362s ]
INFO: [ view_parse ] --START--
INFO: [ template_filter ] --START--
INFO: Run Behavior\ContentReplaceBehavior [ RunTime:0.000075s ]
INFO: [ template_filter ] --END-- [ RunTime:-0.004901s ]
NOTIC: [2] Illegal string offset 'maintype' /Users/NaDou329/CCIR_master/Application/Runtime/Cache/Admin/e98dccafb4d4a55fc168a38281bf83a5.php 第 37 行.
NOTIC: [8] Undefined index: maintype /Users/NaDou329/CCIR_master/Application/Runtime/Cache/Admin/e98dccafb4d4a55fc168a38281bf83a5.php 第 37 行.
NOTIC: [2] Illegal string offset 'maintype' /Users/NaDou329/CCIR_master/Application/Runtime/Cache/Admin/e98dccafb4d4a55fc168a38281bf83a5.php 第 38 行.
NOTIC: [2] Illegal string offset 'maintype' /Users/NaDou329/CCIR_master/Application/Runtime/Cache/Admin/e98dccafb4d4a55fc168a38281bf83a5.php 第 39 行.
NOTIC: [2] Illegal string offset 'maintype' /Users/NaDou329/CCIR_master/Application/Runtime/Cache/Admin/e98dccafb4d4a55fc168a38281bf83a5.php 第 37 行.
NOTIC: [8] Undefined index: maintype /Users/NaDou329/CCIR_master/Application/Runtime/Cache/Admin/e98dccafb4d4a55fc168a38281bf83a5.php 第 37 行.
NOTIC: [2] Illegal string offset 'maintype' /Users/NaDou329/CCIR_master/Application/Runtime/Cache/Admin/e98dccafb4d4a55fc168a38281bf83a5.php 第 38 行.
NOTIC: [2] Illegal string offset 'maintype' /Users/NaDou329/CCIR_master/Application/Runtime/Cache/Admin/e98dccafb4d4a55fc168a38281bf83a5.php 第 39 行.
NOTIC: [8] Undefined index: typeId /Users/NaDou329/CCIR_master/Application/Runtime/Cache/Admin/e98dccafb4d4a55fc168a38281bf83a5.php 第 49 行.
NOTIC: [8] Undefined index: typeId /Users/NaDou329/CCIR_master/Application/Runtime/Cache/Admin/e98dccafb4d4a55fc168a38281bf83a5.php 第 49 行.
NOTIC: [8] Undefined index: typeId /Users/NaDou329/CCIR_master/Application/Runtime/Cache/Admin/e98dccafb4d4a55fc168a38281bf83a5.php 第 49 行.
NOTIC: [8] Undefined index: typeId /Users/NaDou329/CCIR_master/Application/Runtime/Cache/Admin/e98dccafb4d4a55fc168a38281bf83a5.php 第 49 行.
NOTIC: [8] Undefined index: typeId /Users/NaDou329/CCIR_master/Application/Runtime/Cache/Admin/e98dccafb4d4a55fc168a38281bf83a5.php 第 49 行.
NOTIC: [8] Undefined index: typeId /Users/NaDou329/CCIR_master/Application/Runtime/Cache/Admin/e98dccafb4d4a55fc168a38281bf83a5.php 第 49 行.
NOTIC: [8] Undefined index: typeId /Users/NaDou329/CCIR_master/Application/Runtime/Cache/Admin/e98dccafb4d4a55fc168a38281bf83a5.php 第 49 行.
NOTIC: [8] Undefined index: typeId /Users/NaDou329/CCIR_master/Application/Runtime/Cache/Admin/e98dccafb4d4a55fc168a38281bf83a5.php 第 49 行.
NOTIC: [8] Undefined index: typeId /Users/NaDou329/CCIR_master/Application/Runtime/Cache/Admin/e98dccafb4d4a55fc168a38281bf83a5.php 第 49 行.
NOTIC: [8] Undefined index: typeId /Users/NaDou329/CCIR_master/Application/Runtime/Cache/Admin/e98dccafb4d4a55fc168a38281bf83a5.php 第 49 行.
NOTIC: [8] Undefined index: typeId /Users/NaDou329/CCIR_master/Application/Runtime/Cache/Admin/e98dccafb4d4a55fc168a38281bf83a5.php 第 49 行.
NOTIC: [8] Undefined index: typeId /Users/NaDou329/CCIR_master/Application/Runtime/Cache/Admin/e98dccafb4d4a55fc168a38281bf83a5.php 第 49 行.
NOTIC: [8] Undefined index: typeId /Users/NaDou329/CCIR_master/Application/Runtime/Cache/Admin/e98dccafb4d4a55fc168a38281bf83a5.php 第 49 行.
NOTIC: [8] Undefined index: typeId /Users/NaDou329/CCIR_master/Application/Runtime/Cache/Admin/e98dccafb4d4a55fc168a38281bf83a5.php 第 49 行.
NOTIC: [8] Undefined index: typeId /Users/NaDou329/CCIR_master/Application/Runtime/Cache/Admin/e98dccafb4d4a55fc168a38281bf83a5.php 第 49 行.
INFO: Run Behavior\ParseTemplateBehavior [ RunTime:0.005668s ]
INFO: [ view_parse ] --END-- [ RunTime:-0.000515s ]
INFO: [ view_filter ] --START--
INFO: Run Behavior\WriteHtmlCacheBehavior [ RunTime:0.000010s ]
INFO: [ view_filter ] --END-- [ RunTime:-0.005877s ]
NOTIC: [2] Cannot modify header information - headers already sent by (output started at /Users/NaDou329/CCIR_master/ThinkPHP/Library/Think/View.class.php:95) /Users/NaDou329/CCIR_master/ThinkPHP/Library/Think/View.class.php 第 91 行.
NOTIC: [2] Cannot modify header information - headers already sent by (output started at /Users/NaDou329/CCIR_master/ThinkPHP/Library/Think/View.class.php:95) /Users/NaDou329/CCIR_master/ThinkPHP/Library/Think/View.class.php 第 92 行.
NOTIC: [2] Cannot modify header information - headers already sent by (output started at /Users/NaDou329/CCIR_master/ThinkPHP/Library/Think/View.class.php:95) /Users/NaDou329/CCIR_master/ThinkPHP/Library/Think/View.class.php 第 93 行.
INFO: [ view_parse ] --START--
INFO: [ template_filter ] --START--
INFO: Run Behavior\ContentReplaceBehavior [ RunTime:0.000035s ]
INFO: [ template_filter ] --END-- [ RunTime:-0.009319s ]
INFO: Run Behavior\ParseTemplateBehavior [ RunTime:0.001576s ]
INFO: [ view_parse ] --END-- [ RunTime:-0.006663s ]
INFO: [ view_filter ] --START--
INFO: Run Behavior\WriteHtmlCacheBehavior [ RunTime:0.000009s ]
INFO: [ view_filter ] --END-- [ RunTime:-0.007927s ]
NOTIC: [2] Cannot modify header information - headers already sent by (output started at /Users/NaDou329/CCIR_master/ThinkPHP/Library/Think/View.class.php:95) /Users/NaDou329/CCIR_master/ThinkPHP/Library/Think/View.class.php 第 91 行.
NOTIC: [2] Cannot modify header information - headers already sent by (output started at /Users/NaDou329/CCIR_master/ThinkPHP/Library/Think/View.class.php:95) /Users/NaDou329/CCIR_master/ThinkPHP/Library/Think/View.class.php 第 92 行.
NOTIC: [2] Cannot modify header information - headers already sent by (output started at /Users/NaDou329/CCIR_master/ThinkPHP/Library/Think/View.class.php:95) /Users/NaDou329/CCIR_master/ThinkPHP/Library/Think/View.class.php 第 93 行.
INFO: [ app_end ] --START--
INFO: Run Behavior\ShowPageTraceBehavior [ RunTime:0.000972s ]
INFO: [ app_end ] --END-- [ RunTime:0.001041s ]

[ 2018-01-02T14:40:06+08:00 ] ::1 /CCIR_master/index.php/Admin/Contest/contestlist/maintype/1
INFO: [ app_init ] --START--
INFO: Run Behavior\BuildLiteBehavior [ RunTime:0.000021s ]
INFO: [ app_init ] --END-- [ RunTime:0.000463s ]
INFO: [ app_begin ] --START--
INFO: Run Behavior\ReadHtmlCacheBehavior [ RunTime:0.000428s ]
INFO: [ app_begin ] --END-- [ RunTime:0.000473s ]
SQL: SHOW COLUMNS FROM `c_type` [ RunTime:0.0011s ]
SQL: SELECT * FROM `c_type`  [ RunTime:0.0002s ]
SQL: SHOW COLUMNS FROM `c_contest` [ RunTime:0.0013s ]
SQL: SELECT * FROM `c_contest` WHERE `maintype` = 1 LIMIT 0,16   [ RunTime:0.0003s ]
SQL: SELECT COUNT(*) AS tp_count FROM `c_contest` WHERE `maintype` = 1 LIMIT 1   [ RunTime:0.0001s ]
INFO: [ view_parse ] --START--
INFO: [ template_filter ] --START--
INFO: Run Behavior\ContentReplaceBehavior [ RunTime:0.000107s ]
INFO: [ template_filter ] --END-- [ RunTime:0.000159s ]
NOTIC: [8] Undefined index: edminInfo /Users/NaDou329/CCIR_master/Application/Runtime/Cache/Admin/7bfc0d982635ce2dad90593272af3e31.php 第 53 行.
INFO: Run Behavior\ParseTemplateBehavior [ RunTime:0.010874s ]
INFO: [ view_parse ] --END-- [ RunTime:0.010918s ]
INFO: [ view_filter ] --START--
INFO: Run Behavior\WriteHtmlCacheBehavior [ RunTime:0.000149s ]
INFO: [ view_filter ] --END-- [ RunTime:0.000177s ]
INFO: [ view_parse ] --START--
INFO: [ template_filter ] --START--
INFO: Run Behavior\ContentReplaceBehavior [ RunTime:0.000066s ]
INFO: [ template_filter ] --END-- [ RunTime:-0.004134s ]
NOTIC: [2] Illegal string offset 'maintype' /Users/NaDou329/CCIR_master/Application/Runtime/Cache/Admin/e98dccafb4d4a55fc168a38281bf83a5.php 第 37 行.
NOTIC: [2] Illegal string offset 'maintype' /Users/NaDou329/CCIR_master/Application/Runtime/Cache/Admin/e98dccafb4d4a55fc168a38281bf83a5.php 第 38 行.
NOTIC: [2] Illegal string offset 'maintype' /Users/NaDou329/CCIR_master/Application/Runtime/Cache/Admin/e98dccafb4d4a55fc168a38281bf83a5.php 第 39 行.
NOTIC: [2] Illegal string offset 'maintype' /Users/NaDou329/CCIR_master/Application/Runtime/Cache/Admin/e98dccafb4d4a55fc168a38281bf83a5.php 第 37 行.
NOTIC: [2] Illegal string offset 'maintype' /Users/NaDou329/CCIR_master/Application/Runtime/Cache/Admin/e98dccafb4d4a55fc168a38281bf83a5.php 第 38 行.
NOTIC: [2] Illegal string offset 'maintype' /Users/NaDou329/CCIR_master/Application/Runtime/Cache/Admin/e98dccafb4d4a55fc168a38281bf83a5.php 第 39 行.
NOTIC: [8] Undefined index: typeId /Users/NaDou329/CCIR_master/Application/Runtime/Cache/Admin/e98dccafb4d4a55fc168a38281bf83a5.php 第 49 行.
NOTIC: [8] Undefined index: typeId /Users/NaDou329/CCIR_master/Application/Runtime/Cache/Admin/e98dccafb4d4a55fc168a38281bf83a5.php 第 49 行.
NOTIC: [8] Undefined index: typeId /Users/NaDou329/CCIR_master/Application/Runtime/Cache/Admin/e98dccafb4d4a55fc168a38281bf83a5.php 第 49 行.
NOTIC: [8] Undefined index: typeId /Users/NaDou329/CCIR_master/Application/Runtime/Cache/Admin/e98dccafb4d4a55fc168a38281bf83a5.php 第 49 行.
NOTIC: [8] Undefined index: typeId /Users/NaDou329/CCIR_master/Application/Runtime/Cache/Admin/e98dccafb4d4a55fc168a38281bf83a5.php 第 49 行.
NOTIC: [8] Undefined index: typeId /Users/NaDou329/CCIR_master/Application/Runtime/Cache/Admin/e98dccafb4d4a55fc168a38281bf83a5.php 第 49 行.
NOTIC: [8] Undefined index: typeId /Users/NaDou329/CCIR_master/Application/Runtime/Cache/Admin/e98dccafb4d4a55fc168a38281bf83a5.php 第 49 行.
NOTIC: [8] Undefined index: typeId /Users/NaDou329/CCIR_master/Application/Runtime/Cache/Admin/e98dccafb4d4a55fc168a38281bf83a5.php 第 49 行.
NOTIC: [8] Undefined index: typeId /Users/NaDou329/CCIR_master/Application/Runtime/Cache/Admin/e98dccafb4d4a55fc168a38281bf83a5.php 第 49 行.
NOTIC: [8] Undefined index: typeId /Users/NaDou329/CCIR_master/Application/Runtime/Cache/Admin/e98dccafb4d4a55fc168a38281bf83a5.php 第 49 行.
NOTIC: [8] Undefined index: typeId /Users/NaDou329/CCIR_master/Application/Runtime/Cache/Admin/e98dccafb4d4a55fc168a38281bf83a5.php 第 49 行.
NOTIC: [8] Undefined index: typeId /Users/NaDou329/CCIR_master/Application/Runtime/Cache/Admin/e98dccafb4d4a55fc168a38281bf83a5.php 第 49 行.
NOTIC: [8] Undefined index: typeId /Users/NaDou329/CCIR_master/Application/Runtime/Cache/Admin/e98dccafb4d4a55fc168a38281bf83a5.php 第 49 行.
NOTIC: [8] Undefined index: typeId /Users/NaDou329/CCIR_master/Application/Runtime/Cache/Admin/e98dccafb4d4a55fc168a38281bf83a5.php 第 49 行.
NOTIC: [8] Undefined index: typeId /Users/NaDou329/CCIR_master/Application/Runtime/Cache/Admin/e98dccafb4d4a55fc168a38281bf83a5.php 第 49 行.
INFO: Run Behavior\ParseTemplateBehavior [ RunTime:0.003882s ]
INFO: [ view_parse ] --END-- [ RunTime:-0.000296s ]
INFO: [ view_filter ] --START--
INFO: Run Behavior\WriteHtmlCacheBehavior [ RunTime:0.000008s ]
INFO: [ view_filter ] --END-- [ RunTime:-0.004029s ]
NOTIC: [2] Cannot modify header information - headers already sent by (output started at /Users/NaDou329/CCIR_master/ThinkPHP/Library/Think/View.class.php:95) /Users/NaDou329/CCIR_master/ThinkPHP/Library/Think/View.class.php 第 91 行.
NOTIC: [2] Cannot modify header information - headers already sent by (output started at /Users/NaDou329/CCIR_master/ThinkPHP/Library/Think/View.class.php:95) /Users/NaDou329/CCIR_master/ThinkPHP/Library/Think/View.class.php 第 92 行.
NOTIC: [2] Cannot modify header information - headers already sent by (output started at /Users/NaDou329/CCIR_master/ThinkPHP/Library/Think/View.class.php:95) /Users/NaDou329/CCIR_master/ThinkPHP/Library/Think/View.class.php 第 93 行.
INFO: [ view_parse ] --START--
INFO: [ template_filter ] --START--
INFO: Run Behavior\ContentReplaceBehavior [ RunTime:0.000031s ]
INFO: [ template_filter ] --END-- [ RunTime:-0.006813s ]
INFO: Run Behavior\ParseTemplateBehavior [ RunTime:0.001378s ]
INFO: [ view_parse ] --END-- [ RunTime:-0.004497s ]
INFO: [ view_filter ] --START--
INFO: Run Behavior\WriteHtmlCacheBehavior [ RunTime:0.000013s ]
INFO: [ view_filter ] --END-- [ RunTime:-0.005768s ]
NOTIC: [2] Cannot modify header information - headers already sent by (output started at /Users/NaDou329/CCIR_master/ThinkPHP/Library/Think/View.class.php:95) /Users/NaDou329/CCIR_master/ThinkPHP/Library/Think/View.class.php 第 91 行.
NOTIC: [2] Cannot modify header information - headers already sent by (output started at /Users/NaDou329/CCIR_master/ThinkPHP/Library/Think/View.class.php:95) /Users/NaDou329/CCIR_master/ThinkPHP/Library/Think/View.class.php 第 92 行.
NOTIC: [2] Cannot modify header information - headers already sent by (output started at /Users/NaDou329/CCIR_master/ThinkPHP/Library/Think/View.class.php:95) /Users/NaDou329/CCIR_master/ThinkPHP/Library/Think/View.class.php 第 93 行.
INFO: [ app_end ] --START--
INFO: Run Behavior\ShowPageTraceBehavior [ RunTime:0.000724s ]
INFO: [ app_end ] --END-- [ RunTime:0.000781s ]

[ 2018-01-02T14:40:08+08:00 ] ::1 /CCIR_master/index.php/Admin/Contest/contestlist/maintype/2
INFO: [ app_init ] --START--
INFO: Run Behavior\BuildLiteBehavior [ RunTime:0.000011s ]
INFO: [ app_init ] --END-- [ RunTime:0.000286s ]
INFO: [ app_begin ] --START--
INFO: Run Behavior\ReadHtmlCacheBehavior [ RunTime:0.000437s ]
INFO: [ app_begin ] --END-- [ RunTime:0.000505s ]
SQL: SHOW COLUMNS FROM `c_type` [ RunTime:0.0010s ]
SQL: SELECT * FROM `c_type`  [ RunTime:0.0003s ]
SQL: SHOW COLUMNS FROM `c_contest` [ RunTime:0.0015s ]
SQL: SELECT * FROM `c_contest` WHERE `maintype` = 2 LIMIT 0,16   [ RunTime:0.0002s ]
SQL: SELECT COUNT(*) AS tp_count FROM `c_contest` WHERE `maintype` = 2 LIMIT 1   [ RunTime:0.0001s ]
INFO: [ view_parse ] --START--
INFO: [ template_filter ] --START--
INFO: Run Behavior\ContentReplaceBehavior [ RunTime:0.000082s ]
INFO: [ template_filter ] --END-- [ RunTime:0.000140s ]
NOTIC: [8] Undefined index: edminInfo /Users/NaDou329/CCIR_master/Application/Runtime/Cache/Admin/7bfc0d982635ce2dad90593272af3e31.php 第 53 行.
INFO: Run Behavior\ParseTemplateBehavior [ RunTime:0.007293s ]
INFO: [ view_parse ] --END-- [ RunTime:0.007339s ]
INFO: [ view_filter ] --START--
INFO: Run Behavior\WriteHtmlCacheBehavior [ RunTime:0.000158s ]
INFO: [ view_filter ] --END-- [ RunTime:0.000184s ]
INFO: [ view_parse ] --START--
INFO: [ template_filter ] --START--
INFO: Run Behavior\ContentReplaceBehavior [ RunTime:0.000066s ]
INFO: [ template_filter ] --END-- [ RunTime:-0.004286s ]
NOTIC: [2] Illegal string offset 'maintype' /Users/NaDou329/CCIR_master/Application/Runtime/Cache/Admin/e98dccafb4d4a55fc168a38281bf83a5.php 第 37 行.
NOTIC: [2] Illegal string offset 'maintype' /Users/NaDou329/CCIR_master/Application/Runtime/Cache/Admin/e98dccafb4d4a55fc168a38281bf83a5.php 第 38 行.
NOTIC: [2] Illegal string offset 'maintype' /Users/NaDou329/CCIR_master/Application/Runtime/Cache/Admin/e98dccafb4d4a55fc168a38281bf83a5.php 第 39 行.
NOTIC: [2] Illegal string offset 'maintype' /Users/NaDou329/CCIR_master/Application/Runtime/Cache/Admin/e98dccafb4d4a55fc168a38281bf83a5.php 第 37 行.
NOTIC: [2] Illegal string offset 'maintype' /Users/NaDou329/CCIR_master/Application/Runtime/Cache/Admin/e98dccafb4d4a55fc168a38281bf83a5.php 第 38 行.
NOTIC: [2] Illegal string offset 'maintype' /Users/NaDou329/CCIR_master/Application/Runtime/Cache/Admin/e98dccafb4d4a55fc168a38281bf83a5.php 第 39 行.
NOTIC: [8] Undefined index: typeId /Users/NaDou329/CCIR_master/Application/Runtime/Cache/Admin/e98dccafb4d4a55fc168a38281bf83a5.php 第 49 行.
NOTIC: [8] Undefined index: typeId /Users/NaDou329/CCIR_master/Application/Runtime/Cache/Admin/e98dccafb4d4a55fc168a38281bf83a5.php 第 49 行.
NOTIC: [8] Undefined index: typeId /Users/NaDou329/CCIR_master/Application/Runtime/Cache/Admin/e98dccafb4d4a55fc168a38281bf83a5.php 第 49 行.
NOTIC: [8] Undefined index: typeId /Users/NaDou329/CCIR_master/Application/Runtime/Cache/Admin/e98dccafb4d4a55fc168a38281bf83a5.php 第 49 行.
NOTIC: [8] Undefined index: typeId /Users/NaDou329/CCIR_master/Application/Runtime/Cache/Admin/e98dccafb4d4a55fc168a38281bf83a5.php 第 49 行.
NOTIC: [8] Undefined index: typeId /Users/NaDou329/CCIR_master/Application/Runtime/Cache/Admin/e98dccafb4d4a55fc168a38281bf83a5.php 第 49 行.
NOTIC: [8] Undefined index: typeId /Users/NaDou329/CCIR_master/Application/Runtime/Cache/Admin/e98dccafb4d4a55fc168a38281bf83a5.php 第 49 行.
NOTIC: [8] Undefined index: typeId /Users/NaDou329/CCIR_master/Application/Runtime/Cache/Admin/e98dccafb4d4a55fc168a38281bf83a5.php 第 49 行.
NOTIC: [8] Undefined index: typeId /Users/NaDou329/CCIR_master/Application/Runtime/Cache/Admin/e98dccafb4d4a55fc168a38281bf83a5.php 第 49 行.
NOTIC: [8] Undefined index: typeId /Users/NaDou329/CCIR_master/Application/Runtime/Cache/Admin/e98dccafb4d4a55fc168a38281bf83a5.php 第 49 行.
NOTIC: [8] Undefined index: typeId /Users/NaDou329/CCIR_master/Application/Runtime/Cache/Admin/e98dccafb4d4a55fc168a38281bf83a5.php 第 49 行.
NOTIC: [8] Undefined index: typeId /Users/NaDou329/CCIR_master/Application/Runtime/Cache/Admin/e98dccafb4d4a55fc168a38281bf83a5.php 第 49 行.
NOTIC: [8] Undefined index: typeId /Users/NaDou329/CCIR_master/Application/Runtime/Cache/Admin/e98dccafb4d4a55fc168a38281bf83a5.php 第 49 行.
NOTIC: [8] Undefined index: typeId /Users/NaDou329/CCIR_master/Application/Runtime/Cache/Admin/e98dccafb4d4a55fc168a38281bf83a5.php 第 49 行.
NOTIC: [8] Undefined index: typeId /Users/NaDou329/CCIR_master/Application/Runtime/Cache/Admin/e98dccafb4d4a55fc168a38281bf83a5.php 第 49 行.
INFO: Run Behavior\ParseTemplateBehavior [ RunTime:0.003173s ]
INFO: [ view_parse ] --END-- [ RunTime:-0.000263s ]
INFO: [ view_filter ] --START--
INFO: Run Behavior\WriteHtmlCacheBehavior [ RunTime:0.000008s ]
INFO: [ view_filter ] --END-- [ RunTime:-0.003277s ]
NOTIC: [2] Cannot modify header information - headers already sent by (output started at /Users/NaDou329/CCIR_master/ThinkPHP/Library/Think/View.class.php:95) /Users/NaDou329/CCIR_master/ThinkPHP/Library/Think/View.class.php 第 91 行.
NOTIC: [2] Cannot modify header information - headers already sent by (output started at /Users/NaDou329/CCIR_master/ThinkPHP/Library/Think/View.class.php:95) /Users/NaDou329/CCIR_master/ThinkPHP/Library/Think/View.class.php 第 92 行.
NOTIC: [2] Cannot modify header information - headers already sent by (output started at /Users/NaDou329/CCIR_master/ThinkPHP/Library/Think/View.class.php:95) /Users/NaDou329/CCIR_master/ThinkPHP/Library/Think/View.class.php 第 93 行.
INFO: [ view_parse ] --START--
INFO: [ template_filter ] --START--
INFO: Run Behavior\ContentReplaceBehavior [ RunTime:0.000033s ]
INFO: [ template_filter ] --END-- [ RunTime:-0.006392s ]
INFO: Run Behavior\ParseTemplateBehavior [ RunTime:0.001096s ]
INFO: [ view_parse ] --END-- [ RunTime:-0.003660s ]
INFO: [ view_filter ] --START--
INFO: Run Behavior\WriteHtmlCacheBehavior [ RunTime:0.000010s ]
INFO: [ view_filter ] --END-- [ RunTime:-0.004606s ]
NOTIC: [2] Cannot modify header information - headers already sent by (output started at /Users/NaDou329/CCIR_master/ThinkPHP/Library/Think/View.class.php:95) /Users/NaDou329/CCIR_master/ThinkPHP/Library/Think/View.class.php 第 91 行.
NOTIC: [2] Cannot modify header information - headers already sent by (output started at /Users/NaDou329/CCIR_master/ThinkPHP/Library/Think/View.class.php:95) /Users/NaDou329/CCIR_master/ThinkPHP/Library/Think/View.class.php 第 92 行.
NOTIC: [2] Cannot modify header information - headers already sent by (output started at /Users/NaDou329/CCIR_master/ThinkPHP/Library/Think/View.class.php:95) /Users/NaDou329/CCIR_master/ThinkPHP/Library/Think/View.class.php 第 93 行.
INFO: [ app_end ] --START--
INFO: Run Behavior\ShowPageTraceBehavior [ RunTime:0.000605s ]
INFO: [ app_end ] --END-- [ RunTime:0.000671s ]

[ 2018-01-02T14:40:09+08:00 ] ::1 /CCIR_master/index.php/Admin/Contest/contestlist/maintype/2/typeId/1
INFO: [ app_init ] --START--
INFO: Run Behavior\BuildLiteBehavior [ RunTime:0.000015s ]
INFO: [ app_init ] --END-- [ RunTime:0.000378s ]
INFO: [ app_begin ] --START--
INFO: Run Behavior\ReadHtmlCacheBehavior [ RunTime:0.000395s ]
INFO: [ app_begin ] --END-- [ RunTime:0.000446s ]
SQL: SHOW COLUMNS FROM `c_type` [ RunTime:0.0018s ]
SQL: SELECT * FROM `c_type`  [ RunTime:0.0003s ]
SQL: SHOW COLUMNS FROM `c_contest` [ RunTime:0.0011s ]
SQL: SELECT * FROM `c_contest` WHERE `typeId` = 1 AND `maintype` = 2 LIMIT 0,16   [ RunTime:0.0010s ]
SQL: SELECT COUNT(*) AS tp_count FROM `c_contest` WHERE `typeId` = 1 AND `maintype` = 2 LIMIT 1   [ RunTime:0.0002s ]
INFO: [ view_parse ] --START--
INFO: [ template_filter ] --START--
INFO: Run Behavior\ContentReplaceBehavior [ RunTime:0.000123s ]
INFO: [ template_filter ] --END-- [ RunTime:0.000186s ]
NOTIC: [8] Undefined index: edminInfo /Users/NaDou329/CCIR_master/Application/Runtime/Cache/Admin/7bfc0d982635ce2dad90593272af3e31.php 第 53 行.
INFO: Run Behavior\ParseTemplateBehavior [ RunTime:0.008194s ]
INFO: [ view_parse ] --END-- [ RunTime:0.008245s ]
INFO: [ view_filter ] --START--
INFO: Run Behavior\WriteHtmlCacheBehavior [ RunTime:0.000136s ]
INFO: [ view_filter ] --END-- [ RunTime:0.000164s ]
INFO: [ view_parse ] --START--
INFO: [ template_filter ] --START--
INFO: Run Behavior\ContentReplaceBehavior [ RunTime:0.000068s ]
INFO: [ template_filter ] --END-- [ RunTime:-0.003943s ]
NOTIC: [2] Illegal string offset 'maintype' /Users/NaDou329/CCIR_master/Application/Runtime/Cache/Admin/e98dccafb4d4a55fc168a38281bf83a5.php 第 37 行.
NOTIC: [2] Illegal string offset 'maintype' /Users/NaDou329/CCIR_master/Application/Runtime/Cache/Admin/e98dccafb4d4a55fc168a38281bf83a5.php 第 38 行.
NOTIC: [2] Illegal string offset 'maintype' /Users/NaDou329/CCIR_master/Application/Runtime/Cache/Admin/e98dccafb4d4a55fc168a38281bf83a5.php 第 39 行.
NOTIC: [2] Illegal string offset 'maintype' /Users/NaDou329/CCIR_master/Application/Runtime/Cache/Admin/e98dccafb4d4a55fc168a38281bf83a5.php 第 37 行.
NOTIC: [2] Illegal string offset 'maintype' /Users/NaDou329/CCIR_master/Application/Runtime/Cache/Admin/e98dccafb4d4a55fc168a38281bf83a5.php 第 38 行.
NOTIC: [2] Illegal string offset 'maintype' /Users/NaDou329/CCIR_master/Application/Runtime/Cache/Admin/e98dccafb4d4a55fc168a38281bf83a5.php 第 39 行.
INFO: Run Behavior\ParseTemplateBehavior [ RunTime:0.003361s ]
INFO: [ view_parse ] --END-- [ RunTime:-0.000242s ]
INFO: [ view_filter ] --START--
INFO: Run Behavior\WriteHtmlCacheBehavior [ RunTime:0.000007s ]
INFO: [ view_filter ] --END-- [ RunTime:-0.003467s ]
NOTIC: [2] Cannot modify header information - headers already sent by (output started at /Users/NaDou329/CCIR_master/ThinkPHP/Library/Think/View.class.php:95) /Users/NaDou329/CCIR_master/ThinkPHP/Library/Think/View.class.php 第 91 行.
NOTIC: [2] Cannot modify header information - headers already sent by (output started at /Users/NaDou329/CCIR_master/ThinkPHP/Library/Think/View.class.php:95) /Users/NaDou329/CCIR_master/ThinkPHP/Library/Think/View.class.php 第 92 行.
NOTIC: [2] Cannot modify header information - headers already sent by (output started at /Users/NaDou329/CCIR_master/ThinkPHP/Library/Think/View.class.php:95) /Users/NaDou329/CCIR_master/ThinkPHP/Library/Think/View.class.php 第 93 行.
INFO: [ view_parse ] --START--
INFO: [ template_filter ] --START--
INFO: Run Behavior\ContentReplaceBehavior [ RunTime:0.000038s ]
INFO: [ template_filter ] --END-- [ RunTime:-0.005964s ]
INFO: Run Behavior\ParseTemplateBehavior [ RunTime:0.001267s ]
INFO: [ view_parse ] --END-- [ RunTime:-0.003833s ]
INFO: [ view_filter ] --START--
INFO: Run Behavior\WriteHtmlCacheBehavior [ RunTime:0.000010s ]
INFO: [ view_filter ] --END-- [ RunTime:-0.004979s ]
NOTIC: [2] Cannot modify header information - headers already sent by (output started at /Users/NaDou329/CCIR_master/ThinkPHP/Library/Think/View.class.php:95) /Users/NaDou329/CCIR_master/ThinkPHP/Library/Think/View.class.php 第 91 行.
NOTIC: [2] Cannot modify header information - headers already sent by (output started at /Users/NaDou329/CCIR_master/ThinkPHP/Library/Think/View.class.php:95) /Users/NaDou329/CCIR_master/ThinkPHP/Library/Think/View.class.php 第 92 行.
NOTIC: [2] Cannot modify header information - headers already sent by (output started at /Users/NaDou329/CCIR_master/ThinkPHP/Library/Think/View.class.php:95) /Users/NaDou329/CCIR_master/ThinkPHP/Library/Think/View.class.php 第 93 行.
INFO: [ app_end ] --START--
INFO: Run Behavior\ShowPageTraceBehavior [ RunTime:0.000714s ]
INFO: [ app_end ] --END-- [ RunTime:0.000784s ]

[ 2018-01-02T14:40:11+08:00 ] ::1 /CCIR_master/index.php/Admin/Contest/contestlist/maintype/2/typeId/5
INFO: [ app_init ] --START--
INFO: Run Behavior\BuildLiteBehavior [ RunTime:0.000016s ]
INFO: [ app_init ] --END-- [ RunTime:0.000305s ]
INFO: [ app_begin ] --START--
INFO: Run Behavior\ReadHtmlCacheBehavior [ RunTime:0.000590s ]
INFO: [ app_begin ] --END-- [ RunTime:0.000665s ]
SQL: SHOW COLUMNS FROM `c_type` [ RunTime:0.0016s ]
SQL: SELECT * FROM `c_type`  [ RunTime:0.0003s ]
SQL: SHOW COLUMNS FROM `c_contest` [ RunTime:0.0013s ]
SQL: SELECT * FROM `c_contest` WHERE `typeId` = 5 AND `maintype` = 2 LIMIT 0,16   [ RunTime:0.0002s ]
SQL: SELECT COUNT(*) AS tp_count FROM `c_contest` WHERE `typeId` = 5 AND `maintype` = 2 LIMIT 1   [ RunTime:0.0001s ]
INFO: [ view_parse ] --START--
INFO: [ template_filter ] --START--
INFO: Run Behavior\ContentReplaceBehavior [ RunTime:0.000077s ]
INFO: [ template_filter ] --END-- [ RunTime:0.000125s ]
NOTIC: [8] Undefined index: edminInfo /Users/NaDou329/CCIR_master/Application/Runtime/Cache/Admin/7bfc0d982635ce2dad90593272af3e31.php 第 53 行.
INFO: Run Behavior\ParseTemplateBehavior [ RunTime:0.007337s ]
INFO: [ view_parse ] --END-- [ RunTime:0.007381s ]
INFO: [ view_filter ] --START--
INFO: Run Behavior\WriteHtmlCacheBehavior [ RunTime:0.000139s ]
INFO: [ view_filter ] --END-- [ RunTime:0.000168s ]
INFO: [ view_parse ] --START--
INFO: [ template_filter ] --START--
INFO: Run Behavior\ContentReplaceBehavior [ RunTime:0.000067s ]
INFO: [ template_filter ] --END-- [ RunTime:-0.003899s ]
NOTIC: [2] Illegal string offset 'maintype' /Users/NaDou329/CCIR_master/Application/Runtime/Cache/Admin/e98dccafb4d4a55fc168a38281bf83a5.php 第 37 行.
NOTIC: [2] Illegal string offset 'maintype' /Users/NaDou329/CCIR_master/Application/Runtime/Cache/Admin/e98dccafb4d4a55fc168a38281bf83a5.php 第 38 行.
NOTIC: [2] Illegal string offset 'maintype' /Users/NaDou329/CCIR_master/Application/Runtime/Cache/Admin/e98dccafb4d4a55fc168a38281bf83a5.php 第 39 行.
NOTIC: [2] Illegal string offset 'maintype' /Users/NaDou329/CCIR_master/Application/Runtime/Cache/Admin/e98dccafb4d4a55fc168a38281bf83a5.php 第 37 行.
NOTIC: [2] Illegal string offset 'maintype' /Users/NaDou329/CCIR_master/Application/Runtime/Cache/Admin/e98dccafb4d4a55fc168a38281bf83a5.php 第 38 行.
NOTIC: [2] Illegal string offset 'maintype' /Users/NaDou329/CCIR_master/Application/Runtime/Cache/Admin/e98dccafb4d4a55fc168a38281bf83a5.php 第 39 行.
INFO: Run Behavior\ParseTemplateBehavior [ RunTime:0.003150s ]
INFO: [ view_parse ] --END-- [ RunTime:-0.000247s ]
INFO: [ view_filter ] --START--
INFO: Run Behavior\WriteHtmlCacheBehavior [ RunTime:0.000006s ]
INFO: [ view_filter ] --END-- [ RunTime:-0.003254s ]
NOTIC: [2] Cannot modify header information - headers already sent by (output started at /Users/NaDou329/CCIR_master/ThinkPHP/Library/Think/View.class.php:95) /Users/NaDou329/CCIR_master/ThinkPHP/Library/Think/View.class.php 第 91 行.
NOTIC: [2] Cannot modify header information - headers already sent by (output started at /Users/NaDou329/CCIR_master/ThinkPHP/Library/Think/View.class.php:95) /Users/NaDou329/CCIR_master/ThinkPHP/Library/Think/View.class.php 第 92 行.
NOTIC: [2] Cannot modify header information - headers already sent by (output started at /Users/NaDou329/CCIR_master/ThinkPHP/Library/Think/View.class.php:95) /Users/NaDou329/CCIR_master/ThinkPHP/Library/Think/View.class.php 第 93 行.
INFO: [ view_parse ] --START--
INFO: [ template_filter ] --START--
INFO: Run Behavior\ContentReplaceBehavior [ RunTime:0.000047s ]
INFO: [ template_filter ] --END-- [ RunTime:-0.006021s ]
INFO: Run Behavior\ParseTemplateBehavior [ RunTime:0.001414s ]
INFO: [ view_parse ] --END-- [ RunTime:-0.003644s ]
INFO: [ view_filter ] --START--
INFO: Run Behavior\WriteHtmlCacheBehavior [ RunTime:0.000011s ]
INFO: [ view_filter ] --END-- [ RunTime:-0.004944s ]
NOTIC: [2] Cannot modify header information - headers already sent by (output started at /Users/NaDou329/CCIR_master/ThinkPHP/Library/Think/View.class.php:95) /Users/NaDou329/CCIR_master/ThinkPHP/Library/Think/View.class.php 第 91 行.
NOTIC: [2] Cannot modify header information - headers already sent by (output started at /Users/NaDou329/CCIR_master/ThinkPHP/Library/Think/View.class.php:95) /Users/NaDou329/CCIR_master/ThinkPHP/Library/Think/View.class.php 第 92 行.
NOTIC: [2] Cannot modify header information - headers already sent by (output started at /Users/NaDou329/CCIR_master/ThinkPHP/Library/Think/View.class.php:95) /Users/NaDou329/CCIR_master/ThinkPHP/Library/Think/View.class.php 第 93 行.
INFO: [ app_end ] --START--
INFO: Run Behavior\ShowPageTraceBehavior [ RunTime:0.000738s ]
INFO: [ app_end ] --END-- [ RunTime:0.000810s ]

[ 2018-01-02T14:40:12+08:00 ] ::1 /CCIR_master/index.php/Admin/Contest/contestlist/maintype/2/typeId/10
INFO: [ app_init ] --START--
INFO: Run Behavior\BuildLiteBehavior [ RunTime:0.000010s ]
INFO: [ app_init ] --END-- [ RunTime:0.000252s ]
INFO: [ app_begin ] --START--
INFO: Run Behavior\ReadHtmlCacheBehavior [ RunTime:0.000331s ]
INFO: [ app_begin ] --END-- [ RunTime:0.000367s ]
SQL: SHOW COLUMNS FROM `c_type` [ RunTime:0.0009s ]
SQL: SELECT * FROM `c_type`  [ RunTime:0.0002s ]
SQL: SHOW COLUMNS FROM `c_contest` [ RunTime:0.0013s ]
SQL: SELECT * FROM `c_contest` WHERE `typeId` = 10 AND `maintype` = 2 LIMIT 0,16   [ RunTime:0.0003s ]
SQL: SELECT COUNT(*) AS tp_count FROM `c_contest` WHERE `typeId` = 10 AND `maintype` = 2 LIMIT 1   [ RunTime:0.0001s ]
INFO: [ view_parse ] --START--
INFO: [ template_filter ] --START--
INFO: Run Behavior\ContentReplaceBehavior [ RunTime:0.000080s ]
INFO: [ template_filter ] --END-- [ RunTime:0.000127s ]
NOTIC: [8] Undefined index: edminInfo /Users/NaDou329/CCIR_master/Application/Runtime/Cache/Admin/7bfc0d982635ce2dad90593272af3e31.php 第 53 行.
INFO: Run Behavior\ParseTemplateBehavior [ RunTime:0.007931s ]
INFO: [ view_parse ] --END-- [ RunTime:0.007992s ]
INFO: [ view_filter ] --START--
INFO: Run Behavior\WriteHtmlCacheBehavior [ RunTime:0.000200s ]
INFO: [ view_filter ] --END-- [ RunTime:0.000248s ]
INFO: [ view_parse ] --START--
INFO: [ template_filter ] --START--
INFO: Run Behavior\ContentReplaceBehavior [ RunTime:0.000084s ]
INFO: [ template_filter ] --END-- [ RunTime:-0.005974s ]
NOTIC: [2] Illegal string offset 'maintype' /Users/NaDou329/CCIR_master/Application/Runtime/Cache/Admin/e98dccafb4d4a55fc168a38281bf83a5.php 第 37 行.
NOTIC: [2] Illegal string offset 'maintype' /Users/NaDou329/CCIR_master/Application/Runtime/Cache/Admin/e98dccafb4d4a55fc168a38281bf83a5.php 第 38 行.
NOTIC: [2] Illegal string offset 'maintype' /Users/NaDou329/CCIR_master/Application/Runtime/Cache/Admin/e98dccafb4d4a55fc168a38281bf83a5.php 第 39 行.
NOTIC: [2] Illegal string offset 'maintype' /Users/NaDou329/CCIR_master/Application/Runtime/Cache/Admin/e98dccafb4d4a55fc168a38281bf83a5.php 第 37 行.
NOTIC: [2] Illegal string offset 'maintype' /Users/NaDou329/CCIR_master/Application/Runtime/Cache/Admin/e98dccafb4d4a55fc168a38281bf83a5.php 第 38 行.
NOTIC: [2] Illegal string offset 'maintype' /Users/NaDou329/CCIR_master/Application/Runtime/Cache/Admin/e98dccafb4d4a55fc168a38281bf83a5.php 第 39 行.
INFO: Run Behavior\ParseTemplateBehavior [ RunTime:0.004458s ]
INFO: [ view_parse ] --END-- [ RunTime:-0.000373s ]
INFO: [ view_filter ] --START--
INFO: Run Behavior\WriteHtmlCacheBehavior [ RunTime:0.000007s ]
INFO: [ view_filter ] --END-- [ RunTime:-0.004607s ]
NOTIC: [2] Cannot modify header information - headers already sent by (output started at /Users/NaDou329/CCIR_master/ThinkPHP/Library/Think/View.class.php:95) /Users/NaDou329/CCIR_master/ThinkPHP/Library/Think/View.class.php 第 91 行.
NOTIC: [2] Cannot modify header information - headers already sent by (output started at /Users/NaDou329/CCIR_master/ThinkPHP/Library/Think/View.class.php:95) /Users/NaDou329/CCIR_master/ThinkPHP/Library/Think/View.class.php 第 92 行.
NOTIC: [2] Cannot modify header information - headers already sent by (output started at /Users/NaDou329/CCIR_master/ThinkPHP/Library/Think/View.class.php:95) /Users/NaDou329/CCIR_master/ThinkPHP/Library/Think/View.class.php 第 93 行.
INFO: [ view_parse ] --START--
INFO: [ template_filter ] --START--
INFO: Run Behavior\ContentReplaceBehavior [ RunTime:0.000328s ]
INFO: [ template_filter ] --END-- [ RunTime:-0.008076s ]
INFO: Run Behavior\ParseTemplateBehavior [ RunTime:0.001724s ]
INFO: [ view_parse ] --END-- [ RunTime:-0.005085s ]
INFO: [ view_filter ] --START--
INFO: Run Behavior\WriteHtmlCacheBehavior [ RunTime:0.000015s ]
INFO: [ view_filter ] --END-- [ RunTime:-0.006626s ]
NOTIC: [2] Cannot modify header information - headers already sent by (output started at /Users/NaDou329/CCIR_master/ThinkPHP/Library/Think/View.class.php:95) /Users/NaDou329/CCIR_master/ThinkPHP/Library/Think/View.class.php 第 91 行.
NOTIC: [2] Cannot modify header information - headers already sent by (output started at /Users/NaDou329/CCIR_master/ThinkPHP/Library/Think/View.class.php:95) /Users/NaDou329/CCIR_master/ThinkPHP/Library/Think/View.class.php 第 92 行.
NOTIC: [2] Cannot modify header information - headers already sent by (output started at /Users/NaDou329/CCIR_master/ThinkPHP/Library/Think/View.class.php:95) /Users/NaDou329/CCIR_master/ThinkPHP/Library/Think/View.class.php 第 93 行.
INFO: [ app_end ] --START--
INFO: Run Behavior\ShowPageTraceBehavior [ RunTime:0.000692s ]
INFO: [ app_end ] --END-- [ RunTime:0.000750s ]

[ 2018-01-02T14:40:14+08:00 ] ::1 /CCIR_master/index.php/Admin/Contest/contestlist/maintype/2/typeId/14
INFO: [ app_init ] --START--
INFO: Run Behavior\BuildLiteBehavior [ RunTime:0.000012s ]
INFO: [ app_init ] --END-- [ RunTime:0.000286s ]
INFO: [ app_begin ] --START--
INFO: Run Behavior\ReadHtmlCacheBehavior [ RunTime:0.000338s ]
INFO: [ app_begin ] --END-- [ RunTime:0.000374s ]
SQL: SHOW COLUMNS FROM `c_type` [ RunTime:0.0011s ]
SQL: SELECT * FROM `c_type`  [ RunTime:0.0002s ]
SQL: SHOW COLUMNS FROM `c_contest` [ RunTime:0.0017s ]
SQL: SELECT * FROM `c_contest` WHERE `typeId` = 14 AND `maintype` = 2 LIMIT 0,16   [ RunTime:0.0003s ]
SQL: SELECT COUNT(*) AS tp_count FROM `c_contest` WHERE `typeId` = 14 AND `maintype` = 2 LIMIT 1   [ RunTime:0.0001s ]
INFO: [ view_parse ] --START--
INFO: [ template_filter ] --START--
INFO: Run Behavior\ContentReplaceBehavior [ RunTime:0.000077s ]
INFO: [ template_filter ] --END-- [ RunTime:0.000119s ]
NOTIC: [8] Undefined index: edminInfo /Users/NaDou329/CCIR_master/Application/Runtime/Cache/Admin/7bfc0d982635ce2dad90593272af3e31.php 第 53 行.
INFO: Run Behavior\ParseTemplateBehavior [ RunTime:0.007232s ]
INFO: [ view_parse ] --END-- [ RunTime:0.007270s ]
INFO: [ view_filter ] --START--
INFO: Run Behavior\WriteHtmlCacheBehavior [ RunTime:0.000140s ]
INFO: [ view_filter ] --END-- [ RunTime:0.000167s ]
INFO: [ view_parse ] --START--
INFO: [ template_filter ] --START--
INFO: Run Behavior\ContentReplaceBehavior [ RunTime:0.000061s ]
INFO: [ template_filter ] --END-- [ RunTime:-0.003800s ]
NOTIC: [2] Illegal string offset 'maintype' /Users/NaDou329/CCIR_master/Application/Runtime/Cache/Admin/e98dccafb4d4a55fc168a38281bf83a5.php 第 37 行.
NOTIC: [2] Illegal string offset 'maintype' /Users/NaDou329/CCIR_master/Application/Runtime/Cache/Admin/e98dccafb4d4a55fc168a38281bf83a5.php 第 38 行.
NOTIC: [2] Illegal string offset 'maintype' /Users/NaDou329/CCIR_master/Application/Runtime/Cache/Admin/e98dccafb4d4a55fc168a38281bf83a5.php 第 39 行.
NOTIC: [2] Illegal string offset 'maintype' /Users/NaDou329/CCIR_master/Application/Runtime/Cache/Admin/e98dccafb4d4a55fc168a38281bf83a5.php 第 37 行.
NOTIC: [2] Illegal string offset 'maintype' /Users/NaDou329/CCIR_master/Application/Runtime/Cache/Admin/e98dccafb4d4a55fc168a38281bf83a5.php 第 38 行.
NOTIC: [2] Illegal string offset 'maintype' /Users/NaDou329/CCIR_master/Application/Runtime/Cache/Admin/e98dccafb4d4a55fc168a38281bf83a5.php 第 39 行.
INFO: Run Behavior\ParseTemplateBehavior [ RunTime:0.002897s ]
INFO: [ view_parse ] --END-- [ RunTime:-0.000247s ]
INFO: [ view_filter ] --START--
INFO: Run Behavior\WriteHtmlCacheBehavior [ RunTime:0.000007s ]
INFO: [ view_filter ] --END-- [ RunTime:-0.003001s ]
NOTIC: [2] Cannot modify header information - headers already sent by (output started at /Users/NaDou329/CCIR_master/ThinkPHP/Library/Think/View.class.php:95) /Users/NaDou329/CCIR_master/ThinkPHP/Library/Think/View.class.php 第 91 行.
NOTIC: [2] Cannot modify header information - headers already sent by (output started at /Users/NaDou329/CCIR_master/ThinkPHP/Library/Think/View.class.php:95) /Users/NaDou329/CCIR_master/ThinkPHP/Library/Think/View.class.php 第 92 行.
NOTIC: [2] Cannot modify header information - headers already sent by (output started at /Users/NaDou329/CCIR_master/ThinkPHP/Library/Think/View.class.php:95) /Users/NaDou329/CCIR_master/ThinkPHP/Library/Think/View.class.php 第 93 行.
INFO: [ view_parse ] --START--
INFO: [ template_filter ] --START--
INFO: Run Behavior\ContentReplaceBehavior [ RunTime:0.000033s ]
INFO: [ template_filter ] --END-- [ RunTime:-0.005648s ]
INFO: Run Behavior\ParseTemplateBehavior [ RunTime:0.001098s ]
INFO: [ view_parse ] --END-- [ RunTime:-0.003367s ]
INFO: [ view_filter ] --START--
INFO: Run Behavior\WriteHtmlCacheBehavior [ RunTime:0.000008s ]
INFO: [ view_filter ] --END-- [ RunTime:-0.004333s ]
NOTIC: [2] Cannot modify header information - headers already sent by (output started at /Users/NaDou329/CCIR_master/ThinkPHP/Library/Think/View.class.php:95) /Users/NaDou329/CCIR_master/ThinkPHP/Library/Think/View.class.php 第 91 行.
NOTIC: [2] Cannot modify header information - headers already sent by (output started at /Users/NaDou329/CCIR_master/ThinkPHP/Library/Think/View.class.php:95) /Users/NaDou329/CCIR_master/ThinkPHP/Library/Think/View.class.php 第 92 行.
NOTIC: [2] Cannot modify header information - headers already sent by (output started at /Users/NaDou329/CCIR_master/ThinkPHP/Library/Think/View.class.php:95) /Users/NaDou329/CCIR_master/ThinkPHP/Library/Think/View.class.php 第 93 行.
INFO: [ app_end ] --START--
INFO: Run Behavior\ShowPageTraceBehavior [ RunTime:0.000597s ]
INFO: [ app_end ] --END-- [ RunTime:0.000640s ]

[ 2018-01-02T14:40:17+08:00 ] ::1 /CCIR_master/index.php/Admin/Contest/contestlist?title=
INFO: [ app_init ] --START--
INFO: Run Behavior\BuildLiteBehavior [ RunTime:0.000015s ]
INFO: [ app_init ] --END-- [ RunTime:0.000509s ]
INFO: [ app_begin ] --START--
INFO: Run Behavior\ReadHtmlCacheBehavior [ RunTime:0.000380s ]
INFO: [ app_begin ] --END-- [ RunTime:0.000428s ]
SQL: SHOW COLUMNS FROM `c_type` [ RunTime:0.0022s ]
SQL: SELECT * FROM `c_type`  [ RunTime:0.0002s ]
SQL: SHOW COLUMNS FROM `c_contest` [ RunTime:0.0011s ]
NOTIC: [8] Undefined variable: con /Users/NaDou329/CCIR_master/Application/Admin/Controller/ContestController.class.php 第 45 行.
SQL: SELECT * FROM `c_contest` LIMIT 0,16   [ RunTime:0.0003s ]
NOTIC: [8] Undefined variable: con /Users/NaDou329/CCIR_master/Application/Admin/Controller/ContestController.class.php 第 48 行.
SQL: SELECT COUNT(*) AS tp_count FROM `c_contest` LIMIT 1   [ RunTime:0.0001s ]
INFO: [ view_parse ] --START--
INFO: [ template_filter ] --START--
INFO: Run Behavior\ContentReplaceBehavior [ RunTime:0.000103s ]
INFO: [ template_filter ] --END-- [ RunTime:0.000180s ]
NOTIC: [8] Undefined index: edminInfo /Users/NaDou329/CCIR_master/Application/Runtime/Cache/Admin/7bfc0d982635ce2dad90593272af3e31.php 第 53 行.
INFO: Run Behavior\ParseTemplateBehavior [ RunTime:0.008500s ]
INFO: [ view_parse ] --END-- [ RunTime:0.008543s ]
INFO: [ view_filter ] --START--
INFO: Run Behavior\WriteHtmlCacheBehavior [ RunTime:0.000169s ]
INFO: [ view_filter ] --END-- [ RunTime:0.000204s ]
INFO: [ view_parse ] --START--
INFO: [ template_filter ] --START--
INFO: Run Behavior\ContentReplaceBehavior [ RunTime:0.000076s ]
INFO: [ template_filter ] --END-- [ RunTime:-0.004137s ]
NOTIC: [2] Illegal string offset 'maintype' /Users/NaDou329/CCIR_master/Application/Runtime/Cache/Admin/e98dccafb4d4a55fc168a38281bf83a5.php 第 37 行.
NOTIC: [8] Undefined index: maintype /Users/NaDou329/CCIR_master/Application/Runtime/Cache/Admin/e98dccafb4d4a55fc168a38281bf83a5.php 第 37 行.
NOTIC: [2] Illegal string offset 'maintype' /Users/NaDou329/CCIR_master/Application/Runtime/Cache/Admin/e98dccafb4d4a55fc168a38281bf83a5.php 第 38 行.
NOTIC: [2] Illegal string offset 'maintype' /Users/NaDou329/CCIR_master/Application/Runtime/Cache/Admin/e98dccafb4d4a55fc168a38281bf83a5.php 第 39 行.
NOTIC: [2] Illegal string offset 'maintype' /Users/NaDou329/CCIR_master/Application/Runtime/Cache/Admin/e98dccafb4d4a55fc168a38281bf83a5.php 第 37 行.
NOTIC: [8] Undefined index: maintype /Users/NaDou329/CCIR_master/Application/Runtime/Cache/Admin/e98dccafb4d4a55fc168a38281bf83a5.php 第 37 行.
NOTIC: [2] Illegal string offset 'maintype' /Users/NaDou329/CCIR_master/Application/Runtime/Cache/Admin/e98dccafb4d4a55fc168a38281bf83a5.php 第 38 行.
NOTIC: [2] Illegal string offset 'maintype' /Users/NaDou329/CCIR_master/Application/Runtime/Cache/Admin/e98dccafb4d4a55fc168a38281bf83a5.php 第 39 行.
NOTIC: [8] Undefined index: typeId /Users/NaDou329/CCIR_master/Application/Runtime/Cache/Admin/e98dccafb4d4a55fc168a38281bf83a5.php 第 49 行.
NOTIC: [8] Undefined index: typeId /Users/NaDou329/CCIR_master/Application/Runtime/Cache/Admin/e98dccafb4d4a55fc168a38281bf83a5.php 第 49 行.
NOTIC: [8] Undefined index: typeId /Users/NaDou329/CCIR_master/Application/Runtime/Cache/Admin/e98dccafb4d4a55fc168a38281bf83a5.php 第 49 行.
NOTIC: [8] Undefined index: typeId /Users/NaDou329/CCIR_master/Application/Runtime/Cache/Admin/e98dccafb4d4a55fc168a38281bf83a5.php 第 49 行.
NOTIC: [8] Undefined index: typeId /Users/NaDou329/CCIR_master/Application/Runtime/Cache/Admin/e98dccafb4d4a55fc168a38281bf83a5.php 第 49 行.
NOTIC: [8] Undefined index: typeId /Users/NaDou329/CCIR_master/Application/Runtime/Cache/Admin/e98dccafb4d4a55fc168a38281bf83a5.php 第 49 行.
NOTIC: [8] Undefined index: typeId /Users/NaDou329/CCIR_master/Application/Runtime/Cache/Admin/e98dccafb4d4a55fc168a38281bf83a5.php 第 49 行.
NOTIC: [8] Undefined index: typeId /Users/NaDou329/CCIR_master/Application/Runtime/Cache/Admin/e98dccafb4d4a55fc168a38281bf83a5.php 第 49 行.
NOTIC: [8] Undefined index: typeId /Users/NaDou329/CCIR_master/Application/Runtime/Cache/Admin/e98dccafb4d4a55fc168a38281bf83a5.php 第 49 行.
NOTIC: [8] Undefined index: typeId /Users/NaDou329/CCIR_master/Application/Runtime/Cache/Admin/e98dccafb4d4a55fc168a38281bf83a5.php 第 49 行.
NOTIC: [8] Undefined index: typeId /Users/NaDou329/CCIR_master/Application/Runtime/Cache/Admin/e98dccafb4d4a55fc168a38281bf83a5.php 第 49 行.
NOTIC: [8] Undefined index: typeId /Users/NaDou329/CCIR_master/Application/Runtime/Cache/Admin/e98dccafb4d4a55fc168a38281bf83a5.php 第 49 行.
NOTIC: [8] Undefined index: typeId /Users/NaDou329/CCIR_master/Application/Runtime/Cache/Admin/e98dccafb4d4a55fc168a38281bf83a5.php 第 49 行.
NOTIC: [8] Undefined index: typeId /Users/NaDou329/CCIR_master/Application/Runtime/Cache/Admin/e98dccafb4d4a55fc168a38281bf83a5.php 第 49 行.
NOTIC: [8] Undefined index: typeId /Users/NaDou329/CCIR_master/Application/Runtime/Cache/Admin/e98dccafb4d4a55fc168a38281bf83a5.php 第 49 行.
INFO: Run Behavior\ParseTemplateBehavior [ RunTime:0.004486s ]
INFO: [ view_parse ] --END-- [ RunTime:-0.000314s ]
INFO: [ view_filter ] --START--
INFO: Run Behavior\WriteHtmlCacheBehavior [ RunTime:0.000008s ]
INFO: [ view_filter ] --END-- [ RunTime:-0.004633s ]
NOTIC: [2] Cannot modify header information - headers already sent by (output started at /Users/NaDou329/CCIR_master/ThinkPHP/Library/Think/View.class.php:95) /Users/NaDou329/CCIR_master/ThinkPHP/Library/Think/View.class.php 第 91 行.
NOTIC: [2] Cannot modify header information - headers already sent by (output started at /Users/NaDou329/CCIR_master/ThinkPHP/Library/Think/View.class.php:95) /Users/NaDou329/CCIR_master/ThinkPHP/Library/Think/View.class.php 第 92 行.
NOTIC: [2] Cannot modify header information - headers already sent by (output started at /Users/NaDou329/CCIR_master/ThinkPHP/Library/Think/View.class.php:95) /Users/NaDou329/CCIR_master/ThinkPHP/Library/Think/View.class.php 第 93 行.
INFO: [ view_parse ] --START--
INFO: [ template_filter ] --START--
INFO: Run Behavior\ContentReplaceBehavior [ RunTime:0.000035s ]
INFO: [ template_filter ] --END-- [ RunTime:-0.007088s ]
INFO: Run Behavior\ParseTemplateBehavior [ RunTime:0.001161s ]
INFO: [ view_parse ] --END-- [ RunTime:-0.005052s ]
INFO: [ view_filter ] --START--
INFO: Run Behavior\WriteHtmlCacheBehavior [ RunTime:0.000011s ]
INFO: [ view_filter ] --END-- [ RunTime:-0.006064s ]
NOTIC: [2] Cannot modify header information - headers already sent by (output started at /Users/NaDou329/CCIR_master/ThinkPHP/Library/Think/View.class.php:95) /Users/NaDou329/CCIR_master/ThinkPHP/Library/Think/View.class.php 第 91 行.
NOTIC: [2] Cannot modify header information - headers already sent by (output started at /Users/NaDou329/CCIR_master/ThinkPHP/Library/Think/View.class.php:95) /Users/NaDou329/CCIR_master/ThinkPHP/Library/Think/View.class.php 第 92 行.
NOTIC: [2] Cannot modify header information - headers already sent by (output started at /Users/NaDou329/CCIR_master/ThinkPHP/Library/Think/View.class.php:95) /Users/NaDou329/CCIR_master/ThinkPHP/Library/Think/View.class.php 第 93 行.
INFO: [ app_end ] --START--
INFO: Run Behavior\ShowPageTraceBehavior [ RunTime:0.000694s ]
INFO: [ app_end ] --END-- [ RunTime:0.000766s ]

[ 2018-01-02T14:40:24+08:00 ] ::1 /CCIR_master/index.php/Admin/Contest/contestlist/typeId/1?title=
INFO: [ app_init ] --START--
INFO: Run Behavior\BuildLiteBehavior [ RunTime:0.000018s ]
INFO: [ app_init ] --END-- [ RunTime:0.000363s ]
INFO: [ app_begin ] --START--
INFO: Run Behavior\ReadHtmlCacheBehavior [ RunTime:0.000417s ]
INFO: [ app_begin ] --END-- [ RunTime:0.000472s ]
SQL: SHOW COLUMNS FROM `c_type` [ RunTime:0.0024s ]
SQL: SELECT * FROM `c_type`  [ RunTime:0.0003s ]
SQL: SHOW COLUMNS FROM `c_contest` [ RunTime:0.0012s ]
SQL: SELECT * FROM `c_contest` WHERE `typeId` = 1 LIMIT 0,16   [ RunTime:0.0002s ]
SQL: SELECT COUNT(*) AS tp_count FROM `c_contest` WHERE `typeId` = 1 LIMIT 1   [ RunTime:0.0001s ]
INFO: [ view_parse ] --START--
INFO: [ template_filter ] --START--
INFO: Run Behavior\ContentReplaceBehavior [ RunTime:0.000114s ]
INFO: [ template_filter ] --END-- [ RunTime:0.000170s ]
NOTIC: [8] Undefined index: edminInfo /Users/NaDou329/CCIR_master/Application/Runtime/Cache/Admin/7bfc0d982635ce2dad90593272af3e31.php 第 53 行.
INFO: Run Behavior\ParseTemplateBehavior [ RunTime:0.010730s ]
INFO: [ view_parse ] --END-- [ RunTime:0.011192s ]
INFO: [ view_filter ] --START--
INFO: Run Behavior\WriteHtmlCacheBehavior [ RunTime:0.000485s ]
INFO: [ view_filter ] --END-- [ RunTime:0.000622s ]
INFO: [ view_parse ] --START--
INFO: [ template_filter ] --START--
INFO: Run Behavior\ContentReplaceBehavior [ RunTime:0.000065s ]
INFO: [ template_filter ] --END-- [ RunTime:-0.006328s ]
NOTIC: [2] Illegal string offset 'maintype' /Users/NaDou329/CCIR_master/Application/Runtime/Cache/Admin/e98dccafb4d4a55fc168a38281bf83a5.php 第 37 行.
NOTIC: [8] Undefined index: maintype /Users/NaDou329/CCIR_master/Application/Runtime/Cache/Admin/e98dccafb4d4a55fc168a38281bf83a5.php 第 37 行.
NOTIC: [2] Illegal string offset 'maintype' /Users/NaDou329/CCIR_master/Application/Runtime/Cache/Admin/e98dccafb4d4a55fc168a38281bf83a5.php 第 38 行.
NOTIC: [2] Illegal string offset 'maintype' /Users/NaDou329/CCIR_master/Application/Runtime/Cache/Admin/e98dccafb4d4a55fc168a38281bf83a5.php 第 39 行.
NOTIC: [2] Illegal string offset 'maintype' /Users/NaDou329/CCIR_master/Application/Runtime/Cache/Admin/e98dccafb4d4a55fc168a38281bf83a5.php 第 37 行.
NOTIC: [8] Undefined index: maintype /Users/NaDou329/CCIR_master/Application/Runtime/Cache/Admin/e98dccafb4d4a55fc168a38281bf83a5.php 第 37 行.
NOTIC: [2] Illegal string offset 'maintype' /Users/NaDou329/CCIR_master/Application/Runtime/Cache/Admin/e98dccafb4d4a55fc168a38281bf83a5.php 第 38 行.
NOTIC: [2] Illegal string offset 'maintype' /Users/NaDou329/CCIR_master/Application/Runtime/Cache/Admin/e98dccafb4d4a55fc168a38281bf83a5.php 第 39 行.
INFO: Run Behavior\ParseTemplateBehavior [ RunTime:0.004105s ]
INFO: [ view_parse ] --END-- [ RunTime:-0.000907s ]
INFO: [ view_filter ] --START--
INFO: Run Behavior\WriteHtmlCacheBehavior [ RunTime:0.000008s ]
INFO: [ view_filter ] --END-- [ RunTime:-0.004404s ]
NOTIC: [2] Cannot modify header information - headers already sent by (output started at /Users/NaDou329/CCIR_master/ThinkPHP/Library/Think/View.class.php:95) /Users/NaDou329/CCIR_master/ThinkPHP/Library/Think/View.class.php 第 91 行.
NOTIC: [2] Cannot modify header information - headers already sent by (output started at /Users/NaDou329/CCIR_master/ThinkPHP/Library/Think/View.class.php:95) /Users/NaDou329/CCIR_master/ThinkPHP/Library/Think/View.class.php 第 92 行.
NOTIC: [2] Cannot modify header information - headers already sent by (output started at /Users/NaDou329/CCIR_master/ThinkPHP/Library/Think/View.class.php:95) /Users/NaDou329/CCIR_master/ThinkPHP/Library/Think/View.class.php 第 93 行.
INFO: [ view_parse ] --START--
INFO: [ template_filter ] --START--
INFO: Run Behavior\ContentReplaceBehavior [ RunTime:0.000039s ]
INFO: [ template_filter ] --END-- [ RunTime:-0.008606s ]
INFO: Run Behavior\ParseTemplateBehavior [ RunTime:0.001264s ]
INFO: [ view_parse ] --END-- [ RunTime:-0.005316s ]
INFO: [ view_filter ] --START--
INFO: Run Behavior\WriteHtmlCacheBehavior [ RunTime:0.000009s ]
INFO: [ view_filter ] --END-- [ RunTime:-0.005938s ]
NOTIC: [2] Cannot modify header information - headers already sent by (output started at /Users/NaDou329/CCIR_master/ThinkPHP/Library/Think/View.class.php:95) /Users/NaDou329/CCIR_master/ThinkPHP/Library/Think/View.class.php 第 91 行.
NOTIC: [2] Cannot modify header information - headers already sent by (output started at /Users/NaDou329/CCIR_master/ThinkPHP/Library/Think/View.class.php:95) /Users/NaDou329/CCIR_master/ThinkPHP/Library/Think/View.class.php 第 92 行.
NOTIC: [2] Cannot modify header information - headers already sent by (output started at /Users/NaDou329/CCIR_master/ThinkPHP/Library/Think/View.class.php:95) /Users/NaDou329/CCIR_master/ThinkPHP/Library/Think/View.class.php 第 93 行.
INFO: [ app_end ] --START--
INFO: Run Behavior\ShowPageTraceBehavior [ RunTime:0.000965s ]
INFO: [ app_end ] --END-- [ RunTime:0.001034s ]

[ 2018-01-02T14:40:29+08:00 ] ::1 /CCIR_master/index.php/Admin/Contest/contestlist?title=%E8%AF%97
INFO: [ app_init ] --START--
INFO: Run Behavior\BuildLiteBehavior [ RunTime:0.000010s ]
INFO: [ app_init ] --END-- [ RunTime:0.000254s ]
INFO: [ app_begin ] --START--
INFO: Run Behavior\ReadHtmlCacheBehavior [ RunTime:0.000332s ]
INFO: [ app_begin ] --END-- [ RunTime:0.000366s ]
SQL: SHOW COLUMNS FROM `c_type` [ RunTime:0.0012s ]
SQL: SELECT * FROM `c_type`  [ RunTime:0.0004s ]
SQL: SHOW COLUMNS FROM `c_contest` [ RunTime:0.0029s ]
SQL: SELECT * FROM `c_contest` WHERE `title` LIKE '%诗%' LIMIT 0,16   [ RunTime:0.0011s ]
SQL: SELECT COUNT(*) AS tp_count FROM `c_contest` WHERE `title` LIKE '%诗%' LIMIT 1   [ RunTime:0.0002s ]
INFO: [ view_parse ] --START--
INFO: [ template_filter ] --START--
INFO: Run Behavior\ContentReplaceBehavior [ RunTime:0.000090s ]
INFO: [ template_filter ] --END-- [ RunTime:0.000136s ]
NOTIC: [8] Undefined index: edminInfo /Users/NaDou329/CCIR_master/Application/Runtime/Cache/Admin/7bfc0d982635ce2dad90593272af3e31.php 第 53 行.
INFO: Run Behavior\ParseTemplateBehavior [ RunTime:0.009483s ]
INFO: [ view_parse ] --END-- [ RunTime:0.009531s ]
INFO: [ view_filter ] --START--
INFO: Run Behavior\WriteHtmlCacheBehavior [ RunTime:0.000224s ]
INFO: [ view_filter ] --END-- [ RunTime:0.000262s ]
INFO: [ view_parse ] --START--
INFO: [ template_filter ] --START--
INFO: Run Behavior\ContentReplaceBehavior [ RunTime:0.000092s ]
INFO: [ template_filter ] --END-- [ RunTime:-0.006238s ]
NOTIC: [2] Illegal string offset 'maintype' /Users/NaDou329/CCIR_master/Application/Runtime/Cache/Admin/e98dccafb4d4a55fc168a38281bf83a5.php 第 37 行.
NOTIC: [8] Undefined index: maintype /Users/NaDou329/CCIR_master/Application/Runtime/Cache/Admin/e98dccafb4d4a55fc168a38281bf83a5.php 第 37 行.
NOTIC: [2] Illegal string offset 'maintype' /Users/NaDou329/CCIR_master/Application/Runtime/Cache/Admin/e98dccafb4d4a55fc168a38281bf83a5.php 第 38 行.
NOTIC: [2] Illegal string offset 'maintype' /Users/NaDou329/CCIR_master/Application/Runtime/Cache/Admin/e98dccafb4d4a55fc168a38281bf83a5.php 第 39 行.
NOTIC: [2] Illegal string offset 'maintype' /Users/NaDou329/CCIR_master/Application/Runtime/Cache/Admin/e98dccafb4d4a55fc168a38281bf83a5.php 第 37 行.
NOTIC: [8] Undefined index: maintype /Users/NaDou329/CCIR_master/Application/Runtime/Cache/Admin/e98dccafb4d4a55fc168a38281bf83a5.php 第 37 行.
NOTIC: [2] Illegal string offset 'maintype' /Users/NaDou329/CCIR_master/Application/Runtime/Cache/Admin/e98dccafb4d4a55fc168a38281bf83a5.php 第 38 行.
NOTIC: [2] Illegal string offset 'maintype' /Users/NaDou329/CCIR_master/Application/Runtime/Cache/Admin/e98dccafb4d4a55fc168a38281bf83a5.php 第 39 行.
NOTIC: [8] Undefined index: typeId /Users/NaDou329/CCIR_master/Application/Runtime/Cache/Admin/e98dccafb4d4a55fc168a38281bf83a5.php 第 49 行.
NOTIC: [8] Undefined index: typeId /Users/NaDou329/CCIR_master/Application/Runtime/Cache/Admin/e98dccafb4d4a55fc168a38281bf83a5.php 第 49 行.
NOTIC: [8] Undefined index: typeId /Users/NaDou329/CCIR_master/Application/Runtime/Cache/Admin/e98dccafb4d4a55fc168a38281bf83a5.php 第 49 行.
NOTIC: [8] Undefined index: typeId /Users/NaDou329/CCIR_master/Application/Runtime/Cache/Admin/e98dccafb4d4a55fc168a38281bf83a5.php 第 49 行.
NOTIC: [8] Undefined index: typeId /Users/NaDou329/CCIR_master/Application/Runtime/Cache/Admin/e98dccafb4d4a55fc168a38281bf83a5.php 第 49 行.
NOTIC: [8] Undefined index: typeId /Users/NaDou329/CCIR_master/Application/Runtime/Cache/Admin/e98dccafb4d4a55fc168a38281bf83a5.php 第 49 行.
NOTIC: [8] Undefined index: typeId /Users/NaDou329/CCIR_master/Application/Runtime/Cache/Admin/e98dccafb4d4a55fc168a38281bf83a5.php 第 49 行.
NOTIC: [8] Undefined index: typeId /Users/NaDou329/CCIR_master/Application/Runtime/Cache/Admin/e98dccafb4d4a55fc168a38281bf83a5.php 第 49 行.
NOTIC: [8] Undefined index: typeId /Users/NaDou329/CCIR_master/Application/Runtime/Cache/Admin/e98dccafb4d4a55fc168a38281bf83a5.php 第 49 行.
NOTIC: [8] Undefined index: typeId /Users/NaDou329/CCIR_master/Application/Runtime/Cache/Admin/e98dccafb4d4a55fc168a38281bf83a5.php 第 49 行.
NOTIC: [8] Undefined index: typeId /Users/NaDou329/CCIR_master/Application/Runtime/Cache/Admin/e98dccafb4d4a55fc168a38281bf83a5.php 第 49 行.
NOTIC: [8] Undefined index: typeId /Users/NaDou329/CCIR_master/Application/Runtime/Cache/Admin/e98dccafb4d4a55fc168a38281bf83a5.php 第 49 行.
NOTIC: [8] Undefined index: typeId /Users/NaDou329/CCIR_master/Application/Runtime/Cache/Admin/e98dccafb4d4a55fc168a38281bf83a5.php 第 49 行.
NOTIC: [8] Undefined index: typeId /Users/NaDou329/CCIR_master/Application/Runtime/Cache/Admin/e98dccafb4d4a55fc168a38281bf83a5.php 第 49 行.
NOTIC: [8] Undefined index: typeId /Users/NaDou329/CCIR_master/Application/Runtime/Cache/Admin/e98dccafb4d4a55fc168a38281bf83a5.php 第 49 行.
INFO: Run Behavior\ParseTemplateBehavior [ RunTime:0.005791s ]
INFO: [ view_parse ] --END-- [ RunTime:-0.000366s ]
INFO: [ view_filter ] --START--
INFO: Run Behavior\WriteHtmlCacheBehavior [ RunTime:0.000009s ]
INFO: [ view_filter ] --END-- [ RunTime:-0.005921s ]
NOTIC: [2] Cannot modify header information - headers already sent by (output started at /Users/NaDou329/CCIR_master/ThinkPHP/Library/Think/View.class.php:95) /Users/NaDou329/CCIR_master/ThinkPHP/Library/Think/View.class.php 第 91 行.
NOTIC: [2] Cannot modify header information - headers already sent by (output started at /Users/NaDou329/CCIR_master/ThinkPHP/Library/Think/View.class.php:95) /Users/NaDou329/CCIR_master/ThinkPHP/Library/Think/View.class.php 第 92 行.
NOTIC: [2] Cannot modify header information - headers already sent by (output started at /Users/NaDou329/CCIR_master/ThinkPHP/Library/Think/View.class.php:95) /Users/NaDou329/CCIR_master/ThinkPHP/Library/Think/View.class.php 第 93 行.
INFO: [ view_parse ] --START--
INFO: [ template_filter ] --START--
INFO: Run Behavior\ContentReplaceBehavior [ RunTime:0.000033s ]
INFO: [ template_filter ] --END-- [ RunTime:-0.008850s ]
INFO: Run Behavior\ParseTemplateBehavior [ RunTime:0.001338s ]
INFO: [ view_parse ] --END-- [ RunTime:-0.006415s ]
INFO: [ view_filter ] --START--
INFO: Run Behavior\WriteHtmlCacheBehavior [ RunTime:0.000014s ]
INFO: [ view_filter ] --END-- [ RunTime:-0.007555s ]
NOTIC: [2] Cannot modify header information - headers already sent by (output started at /Users/NaDou329/CCIR_master/ThinkPHP/Library/Think/View.class.php:95) /Users/NaDou329/CCIR_master/ThinkPHP/Library/Think/View.class.php 第 91 行.
NOTIC: [2] Cannot modify header information - headers already sent by (output started at /Users/NaDou329/CCIR_master/ThinkPHP/Library/Think/View.class.php:95) /Users/NaDou329/CCIR_master/ThinkPHP/Library/Think/View.class.php 第 92 行.
NOTIC: [2] Cannot modify header information - headers already sent by (output started at /Users/NaDou329/CCIR_master/ThinkPHP/Library/Think/View.class.php:95) /Users/NaDou329/CCIR_master/ThinkPHP/Library/Think/View.class.php 第 93 行.
INFO: [ app_end ] --START--
INFO: Run Behavior\ShowPageTraceBehavior [ RunTime:0.000626s ]
INFO: [ app_end ] --END-- [ RunTime:0.000691s ]

[ 2018-01-02T14:40:31+08:00 ] ::1 /CCIR_master/index.php/Admin/Contest/contestlist?title=%E8%AF%97
INFO: [ app_init ] --START--
INFO: Run Behavior\BuildLiteBehavior [ RunTime:0.000013s ]
INFO: [ app_init ] --END-- [ RunTime:0.000363s ]
INFO: [ app_begin ] --START--
INFO: Run Behavior\ReadHtmlCacheBehavior [ RunTime:0.000441s ]
INFO: [ app_begin ] --END-- [ RunTime:0.000492s ]
SQL: SHOW COLUMNS FROM `c_type` [ RunTime:0.0010s ]
SQL: SELECT * FROM `c_type`  [ RunTime:0.0002s ]
SQL: SHOW COLUMNS FROM `c_contest` [ RunTime:0.0012s ]
SQL: SELECT * FROM `c_contest` WHERE `title` LIKE '%诗%' LIMIT 0,16   [ RunTime:0.0003s ]
SQL: SELECT COUNT(*) AS tp_count FROM `c_contest` WHERE `title` LIKE '%诗%' LIMIT 1   [ RunTime:0.0001s ]
INFO: [ view_parse ] --START--
INFO: [ template_filter ] --START--
INFO: Run Behavior\ContentReplaceBehavior [ RunTime:0.000079s ]
INFO: [ template_filter ] --END-- [ RunTime:0.000134s ]
NOTIC: [8] Undefined index: edminInfo /Users/NaDou329/CCIR_master/Application/Runtime/Cache/Admin/7bfc0d982635ce2dad90593272af3e31.php 第 53 行.
INFO: Run Behavior\ParseTemplateBehavior [ RunTime:0.007149s ]
INFO: [ view_parse ] --END-- [ RunTime:0.007188s ]
INFO: [ view_filter ] --START--
INFO: Run Behavior\WriteHtmlCacheBehavior [ RunTime:0.000150s ]
INFO: [ view_filter ] --END-- [ RunTime:0.000177s ]
INFO: [ view_parse ] --START--
INFO: [ template_filter ] --START--
INFO: Run Behavior\ContentReplaceBehavior [ RunTime:0.000062s ]
INFO: [ template_filter ] --END-- [ RunTime:-0.003782s ]
NOTIC: [2] Illegal string offset 'maintype' /Users/NaDou329/CCIR_master/Application/Runtime/Cache/Admin/e98dccafb4d4a55fc168a38281bf83a5.php 第 37 行.
NOTIC: [8] Undefined index: maintype /Users/NaDou329/CCIR_master/Application/Runtime/Cache/Admin/e98dccafb4d4a55fc168a38281bf83a5.php 第 37 行.
NOTIC: [2] Illegal string offset 'maintype' /Users/NaDou329/CCIR_master/Application/Runtime/Cache/Admin/e98dccafb4d4a55fc168a38281bf83a5.php 第 38 行.
NOTIC: [2] Illegal string offset 'maintype' /Users/NaDou329/CCIR_master/Application/Runtime/Cache/Admin/e98dccafb4d4a55fc168a38281bf83a5.php 第 39 行.
NOTIC: [2] Illegal string offset 'maintype' /Users/NaDou329/CCIR_master/Application/Runtime/Cache/Admin/e98dccafb4d4a55fc168a38281bf83a5.php 第 37 行.
NOTIC: [8] Undefined index: maintype /Users/NaDou329/CCIR_master/Application/Runtime/Cache/Admin/e98dccafb4d4a55fc168a38281bf83a5.php 第 37 行.
NOTIC: [2] Illegal string offset 'maintype' /Users/NaDou329/CCIR_master/Application/Runtime/Cache/Admin/e98dccafb4d4a55fc168a38281bf83a5.php 第 38 行.
NOTIC: [2] Illegal string offset 'maintype' /Users/NaDou329/CCIR_master/Application/Runtime/Cache/Admin/e98dccafb4d4a55fc168a38281bf83a5.php 第 39 行.
NOTIC: [8] Undefined index: typeId /Users/NaDou329/CCIR_master/Application/Runtime/Cache/Admin/e98dccafb4d4a55fc168a38281bf83a5.php 第 49 行.
NOTIC: [8] Undefined index: typeId /Users/NaDou329/CCIR_master/Application/Runtime/Cache/Admin/e98dccafb4d4a55fc168a38281bf83a5.php 第 49 行.
NOTIC: [8] Undefined index: typeId /Users/NaDou329/CCIR_master/Application/Runtime/Cache/Admin/e98dccafb4d4a55fc168a38281bf83a5.php 第 49 行.
NOTIC: [8] Undefined index: typeId /Users/NaDou329/CCIR_master/Application/Runtime/Cache/Admin/e98dccafb4d4a55fc168a38281bf83a5.php 第 49 行.
NOTIC: [8] Undefined index: typeId /Users/NaDou329/CCIR_master/Application/Runtime/Cache/Admin/e98dccafb4d4a55fc168a38281bf83a5.php 第 49 行.
NOTIC: [8] Undefined index: typeId /Users/NaDou329/CCIR_master/Application/Runtime/Cache/Admin/e98dccafb4d4a55fc168a38281bf83a5.php 第 49 行.
NOTIC: [8] Undefined index: typeId /Users/NaDou329/CCIR_master/Application/Runtime/Cache/Admin/e98dccafb4d4a55fc168a38281bf83a5.php 第 49 行.
NOTIC: [8] Undefined index: typeId /Users/NaDou329/CCIR_master/Application/Runtime/Cache/Admin/e98dccafb4d4a55fc168a38281bf83a5.php 第 49 行.
NOTIC: [8] Undefined index: typeId /Users/NaDou329/CCIR_master/Application/Runtime/Cache/Admin/e98dccafb4d4a55fc168a38281bf83a5.php 第 49 行.
NOTIC: [8] Undefined index: typeId /Users/NaDou329/CCIR_master/Application/Runtime/Cache/Admin/e98dccafb4d4a55fc168a38281bf83a5.php 第 49 行.
NOTIC: [8] Undefined index: typeId /Users/NaDou329/CCIR_master/Application/Runtime/Cache/Admin/e98dccafb4d4a55fc168a38281bf83a5.php 第 49 行.
NOTIC: [8] Undefined index: typeId /Users/NaDou329/CCIR_master/Application/Runtime/Cache/Admin/e98dccafb4d4a55fc168a38281bf83a5.php 第 49 行.
NOTIC: [8] Undefined index: typeId /Users/NaDou329/CCIR_master/Application/Runtime/Cache/Admin/e98dccafb4d4a55fc168a38281bf83a5.php 第 49 行.
NOTIC: [8] Undefined index: typeId /Users/NaDou329/CCIR_master/Application/Runtime/Cache/Admin/e98dccafb4d4a55fc168a38281bf83a5.php 第 49 行.
NOTIC: [8] Undefined index: typeId /Users/NaDou329/CCIR_master/Application/Runtime/Cache/Admin/e98dccafb4d4a55fc168a38281bf83a5.php 第 49 行.
INFO: Run Behavior\ParseTemplateBehavior [ RunTime:0.003541s ]
INFO: [ view_parse ] --END-- [ RunTime:-0.000256s ]
INFO: [ view_filter ] --START--
INFO: Run Behavior\WriteHtmlCacheBehavior [ RunTime:0.000008s ]
INFO: [ view_filter ] --END-- [ RunTime:-0.003647s ]
NOTIC: [2] Cannot modify header information - headers already sent by (output started at /Users/NaDou329/CCIR_master/ThinkPHP/Library/Think/View.class.php:95) /Users/NaDou329/CCIR_master/ThinkPHP/Library/Think/View.class.php 第 91 行.
NOTIC: [2] Cannot modify header information - headers already sent by (output started at /Users/NaDou329/CCIR_master/ThinkPHP/Library/Think/View.class.php:95) /Users/NaDou329/CCIR_master/ThinkPHP/Library/Think/View.class.php 第 92 行.
NOTIC: [2] Cannot modify header information - headers already sent by (output started at /Users/NaDou329/CCIR_master/ThinkPHP/Library/Think/View.class.php:95) /Users/NaDou329/CCIR_master/ThinkPHP/Library/Think/View.class.php 第 93 行.
INFO: [ view_parse ] --START--
INFO: [ template_filter ] --START--
INFO: Run Behavior\ContentReplaceBehavior [ RunTime:0.000065s ]
INFO: [ template_filter ] --END-- [ RunTime:-0.006376s ]
INFO: Run Behavior\ParseTemplateBehavior [ RunTime:0.001605s ]
INFO: [ view_parse ] --END-- [ RunTime:-0.004092s ]
INFO: [ view_filter ] --START--
INFO: Run Behavior\WriteHtmlCacheBehavior [ RunTime:0.000011s ]
INFO: [ view_filter ] --END-- [ RunTime:-0.005591s ]
NOTIC: [2] Cannot modify header information - headers already sent by (output started at /Users/NaDou329/CCIR_master/ThinkPHP/Library/Think/View.class.php:95) /Users/NaDou329/CCIR_master/ThinkPHP/Library/Think/View.class.php 第 91 行.
NOTIC: [2] Cannot modify header information - headers already sent by (output started at /Users/NaDou329/CCIR_master/ThinkPHP/Library/Think/View.class.php:95) /Users/NaDou329/CCIR_master/ThinkPHP/Library/Think/View.class.php 第 92 行.
NOTIC: [2] Cannot modify header information - headers already sent by (output started at /Users/NaDou329/CCIR_master/ThinkPHP/Library/Think/View.class.php:95) /Users/NaDou329/CCIR_master/ThinkPHP/Library/Think/View.class.php 第 93 行.
INFO: [ app_end ] --START--
INFO: Run Behavior\ShowPageTraceBehavior [ RunTime:0.000883s ]
INFO: [ app_end ] --END-- [ RunTime:0.000930s ]

[ 2018-01-02T14:40:40+08:00 ] ::1 /CCIR_master/index.php/Admin/Contest/contestlist/maintype/0?title=%E8%AF%97
INFO: [ app_init ] --START--
INFO: Run Behavior\BuildLiteBehavior [ RunTime:0.000035s ]
INFO: [ app_init ] --END-- [ RunTime:0.000771s ]
INFO: [ app_begin ] --START--
INFO: Run Behavior\ReadHtmlCacheBehavior [ RunTime:0.000417s ]
INFO: [ app_begin ] --END-- [ RunTime:0.000461s ]
SQL: SHOW COLUMNS FROM `c_type` [ RunTime:0.0020s ]
SQL: SELECT * FROM `c_type`  [ RunTime:0.0002s ]
SQL: SHOW COLUMNS FROM `c_contest` [ RunTime:0.0011s ]
SQL: SELECT * FROM `c_contest` WHERE `title` LIKE '%诗%' LIMIT 0,16   [ RunTime:0.0003s ]
SQL: SELECT COUNT(*) AS tp_count FROM `c_contest` WHERE `title` LIKE '%诗%' LIMIT 1   [ RunTime:0.0002s ]
INFO: [ view_parse ] --START--
INFO: [ template_filter ] --START--
INFO: Run Behavior\ContentReplaceBehavior [ RunTime:0.000099s ]
INFO: [ template_filter ] --END-- [ RunTime:0.000146s ]
NOTIC: [8] Undefined index: edminInfo /Users/NaDou329/CCIR_master/Application/Runtime/Cache/Admin/7bfc0d982635ce2dad90593272af3e31.php 第 53 行.
INFO: Run Behavior\ParseTemplateBehavior [ RunTime:0.010439s ]
INFO: [ view_parse ] --END-- [ RunTime:0.010477s ]
INFO: [ view_filter ] --START--
INFO: Run Behavior\WriteHtmlCacheBehavior [ RunTime:0.000130s ]
INFO: [ view_filter ] --END-- [ RunTime:0.000156s ]
INFO: [ view_parse ] --START--
INFO: [ template_filter ] --START--
INFO: Run Behavior\ContentReplaceBehavior [ RunTime:0.000060s ]
INFO: [ template_filter ] --END-- [ RunTime:-0.003521s ]
NOTIC: [2] Illegal string offset 'maintype' /Users/NaDou329/CCIR_master/Application/Runtime/Cache/Admin/e98dccafb4d4a55fc168a38281bf83a5.php 第 37 行.
NOTIC: [2] Illegal string offset 'maintype' /Users/NaDou329/CCIR_master/Application/Runtime/Cache/Admin/e98dccafb4d4a55fc168a38281bf83a5.php 第 38 行.
NOTIC: [2] Illegal string offset 'maintype' /Users/NaDou329/CCIR_master/Application/Runtime/Cache/Admin/e98dccafb4d4a55fc168a38281bf83a5.php 第 39 行.
NOTIC: [2] Illegal string offset 'maintype' /Users/NaDou329/CCIR_master/Application/Runtime/Cache/Admin/e98dccafb4d4a55fc168a38281bf83a5.php 第 37 行.
NOTIC: [2] Illegal string offset 'maintype' /Users/NaDou329/CCIR_master/Application/Runtime/Cache/Admin/e98dccafb4d4a55fc168a38281bf83a5.php 第 38 行.
NOTIC: [2] Illegal string offset 'maintype' /Users/NaDou329/CCIR_master/Application/Runtime/Cache/Admin/e98dccafb4d4a55fc168a38281bf83a5.php 第 39 行.
NOTIC: [8] Undefined index: typeId /Users/NaDou329/CCIR_master/Application/Runtime/Cache/Admin/e98dccafb4d4a55fc168a38281bf83a5.php 第 49 行.
NOTIC: [8] Undefined index: typeId /Users/NaDou329/CCIR_master/Application/Runtime/Cache/Admin/e98dccafb4d4a55fc168a38281bf83a5.php 第 49 行.
NOTIC: [8] Undefined index: typeId /Users/NaDou329/CCIR_master/Application/Runtime/Cache/Admin/e98dccafb4d4a55fc168a38281bf83a5.php 第 49 行.
NOTIC: [8] Undefined index: typeId /Users/NaDou329/CCIR_master/Application/Runtime/Cache/Admin/e98dccafb4d4a55fc168a38281bf83a5.php 第 49 行.
NOTIC: [8] Undefined index: typeId /Users/NaDou329/CCIR_master/Application/Runtime/Cache/Admin/e98dccafb4d4a55fc168a38281bf83a5.php 第 49 行.
NOTIC: [8] Undefined index: typeId /Users/NaDou329/CCIR_master/Application/Runtime/Cache/Admin/e98dccafb4d4a55fc168a38281bf83a5.php 第 49 行.
NOTIC: [8] Undefined index: typeId /Users/NaDou329/CCIR_master/Application/Runtime/Cache/Admin/e98dccafb4d4a55fc168a38281bf83a5.php 第 49 行.
NOTIC: [8] Undefined index: typeId /Users/NaDou329/CCIR_master/Application/Runtime/Cache/Admin/e98dccafb4d4a55fc168a38281bf83a5.php 第 49 行.
NOTIC: [8] Undefined index: typeId /Users/NaDou329/CCIR_master/Application/Runtime/Cache/Admin/e98dccafb4d4a55fc168a38281bf83a5.php 第 49 行.
NOTIC: [8] Undefined index: typeId /Users/NaDou329/CCIR_master/Application/Runtime/Cache/Admin/e98dccafb4d4a55fc168a38281bf83a5.php 第 49 行.
NOTIC: [8] Undefined index: typeId /Users/NaDou329/CCIR_master/Application/Runtime/Cache/Admin/e98dccafb4d4a55fc168a38281bf83a5.php 第 49 行.
NOTIC: [8] Undefined index: typeId /Users/NaDou329/CCIR_master/Application/Runtime/Cache/Admin/e98dccafb4d4a55fc168a38281bf83a5.php 第 49 行.
NOTIC: [8] Undefined index: typeId /Users/NaDou329/CCIR_master/Application/Runtime/Cache/Admin/e98dccafb4d4a55fc168a38281bf83a5.php 第 49 行.
NOTIC: [8] Undefined index: typeId /Users/NaDou329/CCIR_master/Application/Runtime/Cache/Admin/e98dccafb4d4a55fc168a38281bf83a5.php 第 49 行.
NOTIC: [8] Undefined index: typeId /Users/NaDou329/CCIR_master/Application/Runtime/Cache/Admin/e98dccafb4d4a55fc168a38281bf83a5.php 第 49 行.
INFO: Run Behavior\ParseTemplateBehavior [ RunTime:0.003152s ]
INFO: [ view_parse ] --END-- [ RunTime:-0.000239s ]
INFO: [ view_filter ] --START--
INFO: Run Behavior\WriteHtmlCacheBehavior [ RunTime:0.000006s ]
INFO: [ view_filter ] --END-- [ RunTime:-0.003259s ]
NOTIC: [2] Cannot modify header information - headers already sent by (output started at /Users/NaDou329/CCIR_master/ThinkPHP/Library/Think/View.class.php:95) /Users/NaDou329/CCIR_master/ThinkPHP/Library/Think/View.class.php 第 91 行.
NOTIC: [2] Cannot modify header information - headers already sent by (output started at /Users/NaDou329/CCIR_master/ThinkPHP/Library/Think/View.class.php:95) /Users/NaDou329/CCIR_master/ThinkPHP/Library/Think/View.class.php 第 92 行.
NOTIC: [2] Cannot modify header information - headers already sent by (output started at /Users/NaDou329/CCIR_master/ThinkPHP/Library/Think/View.class.php:95) /Users/NaDou329/CCIR_master/ThinkPHP/Library/Think/View.class.php 第 93 行.
INFO: [ view_parse ] --START--
INFO: [ template_filter ] --START--
INFO: Run Behavior\ContentReplaceBehavior [ RunTime:0.000042s ]
INFO: [ template_filter ] --END-- [ RunTime:-0.005671s ]
INFO: Run Behavior\ParseTemplateBehavior [ RunTime:0.001375s ]
INFO: [ view_parse ] --END-- [ RunTime:-0.003621s ]
INFO: [ view_filter ] --START--
INFO: Run Behavior\WriteHtmlCacheBehavior [ RunTime:0.000016s ]
INFO: [ view_filter ] --END-- [ RunTime:-0.004915s ]
NOTIC: [2] Cannot modify header information - headers already sent by (output started at /Users/NaDou329/CCIR_master/ThinkPHP/Library/Think/View.class.php:95) /Users/NaDou329/CCIR_master/ThinkPHP/Library/Think/View.class.php 第 91 行.
NOTIC: [2] Cannot modify header information - headers already sent by (output started at /Users/NaDou329/CCIR_master/ThinkPHP/Library/Think/View.class.php:95) /Users/NaDou329/CCIR_master/ThinkPHP/Library/Think/View.class.php 第 92 行.
NOTIC: [2] Cannot modify header information - headers already sent by (output started at /Users/NaDou329/CCIR_master/ThinkPHP/Library/Think/View.class.php:95) /Users/NaDou329/CCIR_master/ThinkPHP/Library/Think/View.class.php 第 93 行.
INFO: [ app_end ] --START--
INFO: Run Behavior\ShowPageTraceBehavior [ RunTime:0.000680s ]
INFO: [ app_end ] --END-- [ RunTime:0.000914s ]

[ 2018-01-02T14:40:41+08:00 ] ::1 /CCIR_master/index.php/Admin/Contest/contestlist/maintype/0/typeId/0?title=%E8%AF%97
INFO: [ app_init ] --START--
INFO: Run Behavior\BuildLiteBehavior [ RunTime:0.000010s ]
INFO: [ app_init ] --END-- [ RunTime:0.000264s ]
INFO: [ app_begin ] --START--
INFO: Run Behavior\ReadHtmlCacheBehavior [ RunTime:0.000875s ]
INFO: [ app_begin ] --END-- [ RunTime:0.000987s ]
SQL: SHOW COLUMNS FROM `c_type` [ RunTime:0.0019s ]
SQL: SELECT * FROM `c_type`  [ RunTime:0.0003s ]
SQL: SHOW COLUMNS FROM `c_contest` [ RunTime:0.0012s ]
SQL: SELECT * FROM `c_contest` WHERE `title` LIKE '%诗%' LIMIT 0,16   [ RunTime:0.0002s ]
SQL: SELECT COUNT(*) AS tp_count FROM `c_contest` WHERE `title` LIKE '%诗%' LIMIT 1   [ RunTime:0.0001s ]
INFO: [ view_parse ] --START--
INFO: [ template_filter ] --START--
INFO: Run Behavior\ContentReplaceBehavior [ RunTime:0.000129s ]
INFO: [ template_filter ] --END-- [ RunTime:0.000225s ]
NOTIC: [8] Undefined index: edminInfo /Users/NaDou329/CCIR_master/Application/Runtime/Cache/Admin/7bfc0d982635ce2dad90593272af3e31.php 第 53 行.
INFO: Run Behavior\ParseTemplateBehavior [ RunTime:0.007032s ]
INFO: [ view_parse ] --END-- [ RunTime:0.007072s ]
INFO: [ view_filter ] --START--
INFO: Run Behavior\WriteHtmlCacheBehavior [ RunTime:0.000136s ]
INFO: [ view_filter ] --END-- [ RunTime:0.000162s ]
INFO: [ view_parse ] --START--
INFO: [ template_filter ] --START--
INFO: Run Behavior\ContentReplaceBehavior [ RunTime:0.000062s ]
INFO: [ template_filter ] --END-- [ RunTime:-0.003556s ]
NOTIC: [2] Illegal string offset 'maintype' /Users/NaDou329/CCIR_master/Application/Runtime/Cache/Admin/e98dccafb4d4a55fc168a38281bf83a5.php 第 37 行.
NOTIC: [2] Illegal string offset 'maintype' /Users/NaDou329/CCIR_master/Application/Runtime/Cache/Admin/e98dccafb4d4a55fc168a38281bf83a5.php 第 38 行.
NOTIC: [2] Illegal string offset 'maintype' /Users/NaDou329/CCIR_master/Application/Runtime/Cache/Admin/e98dccafb4d4a55fc168a38281bf83a5.php 第 39 行.
NOTIC: [2] Illegal string offset 'maintype' /Users/NaDou329/CCIR_master/Application/Runtime/Cache/Admin/e98dccafb4d4a55fc168a38281bf83a5.php 第 37 行.
NOTIC: [2] Illegal string offset 'maintype' /Users/NaDou329/CCIR_master/Application/Runtime/Cache/Admin/e98dccafb4d4a55fc168a38281bf83a5.php 第 38 行.
NOTIC: [2] Illegal string offset 'maintype' /Users/NaDou329/CCIR_master/Application/Runtime/Cache/Admin/e98dccafb4d4a55fc168a38281bf83a5.php 第 39 行.
INFO: Run Behavior\ParseTemplateBehavior [ RunTime:0.002936s ]
INFO: [ view_parse ] --END-- [ RunTime:-0.000241s ]
INFO: [ view_filter ] --START--
INFO: Run Behavior\WriteHtmlCacheBehavior [ RunTime:0.000007s ]
INFO: [ view_filter ] --END-- [ RunTime:-0.003043s ]
NOTIC: [2] Cannot modify header information - headers already sent by (output started at /Users/NaDou329/CCIR_master/ThinkPHP/Library/Think/View.class.php:95) /Users/NaDou329/CCIR_master/ThinkPHP/Library/Think/View.class.php 第 91 行.
NOTIC: [2] Cannot modify header information - headers already sent by (output started at /Users/NaDou329/CCIR_master/ThinkPHP/Library/Think/View.class.php:95) /Users/NaDou329/CCIR_master/ThinkPHP/Library/Think/View.class.php 第 92 行.
NOTIC: [2] Cannot modify header information - headers already sent by (output started at /Users/NaDou329/CCIR_master/ThinkPHP/Library/Think/View.class.php:95) /Users/NaDou329/CCIR_master/ThinkPHP/Library/Think/View.class.php 第 93 行.
INFO: [ view_parse ] --START--
INFO: [ template_filter ] --START--
INFO: Run Behavior\ContentReplaceBehavior [ RunTime:0.000034s ]
INFO: [ template_filter ] --END-- [ RunTime:-0.005481s ]
INFO: Run Behavior\ParseTemplateBehavior [ RunTime:0.001142s ]
INFO: [ view_parse ] --END-- [ RunTime:-0.003404s ]
INFO: [ view_filter ] --START--
INFO: Run Behavior\WriteHtmlCacheBehavior [ RunTime:0.000008s ]
INFO: [ view_filter ] --END-- [ RunTime:-0.004421s ]
NOTIC: [2] Cannot modify header information - headers already sent by (output started at /Users/NaDou329/CCIR_master/ThinkPHP/Library/Think/View.class.php:95) /Users/NaDou329/CCIR_master/ThinkPHP/Library/Think/View.class.php 第 91 行.
NOTIC: [2] Cannot modify header information - headers already sent by (output started at /Users/NaDou329/CCIR_master/ThinkPHP/Library/Think/View.class.php:95) /Users/NaDou329/CCIR_master/ThinkPHP/Library/Think/View.class.php 第 92 行.
NOTIC: [2] Cannot modify header information - headers already sent by (output started at /Users/NaDou329/CCIR_master/ThinkPHP/Library/Think/View.class.php:95) /Users/NaDou329/CCIR_master/ThinkPHP/Library/Think/View.class.php 第 93 行.
INFO: [ app_end ] --START--
INFO: Run Behavior\ShowPageTraceBehavior [ RunTime:0.000574s ]
INFO: [ app_end ] --END-- [ RunTime:0.000639s ]

[ 2018-01-02T14:40:43+08:00 ] ::1 /CCIR_master/index.php/Admin/Contest/contestlist/maintype/1/typeId/0?title=%E8%AF%97
INFO: [ app_init ] --START--
INFO: Run Behavior\BuildLiteBehavior [ RunTime:0.000012s ]
INFO: [ app_init ] --END-- [ RunTime:0.000293s ]
INFO: [ app_begin ] --START--
INFO: Run Behavior\ReadHtmlCacheBehavior [ RunTime:0.000568s ]
INFO: [ app_begin ] --END-- [ RunTime:0.000630s ]
SQL: SHOW COLUMNS FROM `c_type` [ RunTime:0.0012s ]
SQL: SELECT * FROM `c_type`  [ RunTime:0.0002s ]
SQL: SHOW COLUMNS FROM `c_contest` [ RunTime:0.0012s ]
SQL: SELECT * FROM `c_contest` WHERE `maintype` = 1 AND `title` LIKE '%诗%' LIMIT 0,16   [ RunTime:0.0002s ]
SQL: SELECT COUNT(*) AS tp_count FROM `c_contest` WHERE `maintype` = 1 AND `title` LIKE '%诗%' LIMIT 1   [ RunTime:0.0001s ]
INFO: [ view_parse ] --START--
INFO: [ template_filter ] --START--
INFO: Run Behavior\ContentReplaceBehavior [ RunTime:0.000097s ]
INFO: [ template_filter ] --END-- [ RunTime:0.000213s ]
NOTIC: [8] Undefined index: edminInfo /Users/NaDou329/CCIR_master/Application/Runtime/Cache/Admin/7bfc0d982635ce2dad90593272af3e31.php 第 53 行.
INFO: Run Behavior\ParseTemplateBehavior [ RunTime:0.008098s ]
INFO: [ view_parse ] --END-- [ RunTime:0.008143s ]
INFO: [ view_filter ] --START--
INFO: Run Behavior\WriteHtmlCacheBehavior [ RunTime:0.000320s ]
INFO: [ view_filter ] --END-- [ RunTime:0.000399s ]
INFO: [ view_parse ] --START--
INFO: [ template_filter ] --START--
INFO: Run Behavior\ContentReplaceBehavior [ RunTime:0.000066s ]
INFO: [ template_filter ] --END-- [ RunTime:-0.005354s ]
NOTIC: [2] Illegal string offset 'maintype' /Users/NaDou329/CCIR_master/Application/Runtime/Cache/Admin/e98dccafb4d4a55fc168a38281bf83a5.php 第 37 行.
NOTIC: [2] Illegal string offset 'maintype' /Users/NaDou329/CCIR_master/Application/Runtime/Cache/Admin/e98dccafb4d4a55fc168a38281bf83a5.php 第 38 行.
NOTIC: [2] Illegal string offset 'maintype' /Users/NaDou329/CCIR_master/Application/Runtime/Cache/Admin/e98dccafb4d4a55fc168a38281bf83a5.php 第 39 行.
NOTIC: [2] Illegal string offset 'maintype' /Users/NaDou329/CCIR_master/Application/Runtime/Cache/Admin/e98dccafb4d4a55fc168a38281bf83a5.php 第 37 行.
NOTIC: [2] Illegal string offset 'maintype' /Users/NaDou329/CCIR_master/Application/Runtime/Cache/Admin/e98dccafb4d4a55fc168a38281bf83a5.php 第 38 行.
NOTIC: [2] Illegal string offset 'maintype' /Users/NaDou329/CCIR_master/Application/Runtime/Cache/Admin/e98dccafb4d4a55fc168a38281bf83a5.php 第 39 行.
INFO: Run Behavior\ParseTemplateBehavior [ RunTime:0.003905s ]
INFO: [ view_parse ] --END-- [ RunTime:-0.000699s ]
INFO: [ view_filter ] --START--
INFO: Run Behavior\WriteHtmlCacheBehavior [ RunTime:0.000006s ]
INFO: [ view_filter ] --END-- [ RunTime:-0.004243s ]
NOTIC: [2] Cannot modify header information - headers already sent by (output started at /Users/NaDou329/CCIR_master/ThinkPHP/Library/Think/View.class.php:95) /Users/NaDou329/CCIR_master/ThinkPHP/Library/Think/View.class.php 第 91 行.
NOTIC: [2] Cannot modify header information - headers already sent by (output started at /Users/NaDou329/CCIR_master/ThinkPHP/Library/Think/View.class.php:95) /Users/NaDou329/CCIR_master/ThinkPHP/Library/Think/View.class.php 第 92 行.
NOTIC: [2] Cannot modify header information - headers already sent by (output started at /Users/NaDou329/CCIR_master/ThinkPHP/Library/Think/View.class.php:95) /Users/NaDou329/CCIR_master/ThinkPHP/Library/Think/View.class.php 第 93 行.
INFO: [ view_parse ] --START--
INFO: [ template_filter ] --START--
INFO: Run Behavior\ContentReplaceBehavior [ RunTime:0.000035s ]
INFO: [ template_filter ] --END-- [ RunTime:-0.007331s ]
INFO: Run Behavior\ParseTemplateBehavior [ RunTime:0.001236s ]
INFO: [ view_parse ] --END-- [ RunTime:-0.004876s ]
INFO: [ view_filter ] --START--
INFO: Run Behavior\WriteHtmlCacheBehavior [ RunTime:0.000012s ]
INFO: [ view_filter ] --END-- [ RunTime:-0.005792s ]
NOTIC: [2] Cannot modify header information - headers already sent by (output started at /Users/NaDou329/CCIR_master/ThinkPHP/Library/Think/View.class.php:95) /Users/NaDou329/CCIR_master/ThinkPHP/Library/Think/View.class.php 第 91 行.
NOTIC: [2] Cannot modify header information - headers already sent by (output started at /Users/NaDou329/CCIR_master/ThinkPHP/Library/Think/View.class.php:95) /Users/NaDou329/CCIR_master/ThinkPHP/Library/Think/View.class.php 第 92 行.
NOTIC: [2] Cannot modify header information - headers already sent by (output started at /Users/NaDou329/CCIR_master/ThinkPHP/Library/Think/View.class.php:95) /Users/NaDou329/CCIR_master/ThinkPHP/Library/Think/View.class.php 第 93 行.
INFO: [ app_end ] --START--
INFO: Run Behavior\ShowPageTraceBehavior [ RunTime:0.000717s ]
INFO: [ app_end ] --END-- [ RunTime:0.000791s ]

